--------------- Rebuild Started: 05/11/2013 12:43:06 Project: BitBanging, Configuration: ARM GCC 4.4.1 Debug ---------------
Deleting file ".\CortexM3\ARM_GCC_441\Debug\main.o"
Deleting file ".\CortexM3\ARM_GCC_441\Debug\Cm3Start.o"
Deleting file ".\CortexM3\ARM_GCC_441\Debug\core_cm3.o"
Deleting file ".\CortexM3\ARM_GCC_441\Debug\CyBootAsmGnu.o"
Deleting file ".\CortexM3\ARM_GCC_441\Debug\CyDmac.o"
Deleting file ".\CortexM3\ARM_GCC_441\Debug\CyFlash.o"
Deleting file ".\CortexM3\ARM_GCC_441\Debug\CyLib.o"
Deleting file ".\CortexM3\ARM_GCC_441\Debug\cyPm.o"
Deleting file ".\CortexM3\ARM_GCC_441\Debug\CySpc.o"
Deleting file ".\CortexM3\ARM_GCC_441\Debug\cyutils.o"
Deleting file ".\CortexM3\ARM_GCC_441\Debug\DataLine.o"
Deleting file ".\CortexM3\ARM_GCC_441\Debug\ClockLine.o"
Deleting file ".\CortexM3\ARM_GCC_441\Debug\FREX.o"
Deleting file ".\CortexM3\ARM_GCC_441\Debug\EXPST.o"
Deleting file ".\CortexM3\ARM_GCC_441\Debug\XCLK.o"
Deleting file ".\CortexM3\ARM_GCC_441\Debug\PWND.o"
Deleting file ".\CortexM3\ARM_GCC_441\Debug\RST_B.o"
Deleting file ".\CortexM3\ARM_GCC_441\Debug\Clock_1.o"
Deleting file ".\CortexM3\ARM_GCC_441\Debug\LCD_Char_1.o"
Deleting file ".\CortexM3\ARM_GCC_441\Debug\LCD_Char_1_PM.o"
Deleting file ".\CortexM3\ARM_GCC_441\Debug\LCD_Char_1_LCDPort.o"
Deleting file ".\CortexM3\ARM_GCC_441\Debug\DataBus.o"
Deleting file ".\CortexM3\ARM_GCC_441\Debug\PCLK.o"
Deleting file ".\CortexM3\ARM_GCC_441\Debug\VREF.o"
Deleting file ".\CortexM3\ARM_GCC_441\Debug\HREF.o"
Deleting file ".\CortexM3\ARM_GCC_441\Debug\isr_PCLK.o"
Deleting file ".\CortexM3\ARM_GCC_441\Debug\isr_VREF.o"
Deleting file ".\CortexM3\ARM_GCC_441\Debug\isr_HREF.o"
Deleting file ".\CortexM3\ARM_GCC_441\Debug\LED.o"
Deleting file ".\CortexM3\ARM_GCC_441\Debug\UART.o"
Deleting file ".\CortexM3\ARM_GCC_441\Debug\UART_PM.o"
Deleting file ".\CortexM3\ARM_GCC_441\Debug\UART_INT.o"
Deleting file ".\CortexM3\ARM_GCC_441\Debug\UART_BOOT.o"
Deleting file ".\CortexM3\ARM_GCC_441\Debug\isr_tx.o"
Deleting file ".\CortexM3\ARM_GCC_441\Debug\isr_rx.o"
Deleting file ".\CortexM3\ARM_GCC_441\Debug\UART_IntClock.o"
Deleting file ".\CortexM3\ARM_GCC_441\Debug\Pin_2.o"
Deleting file ".\CortexM3\ARM_GCC_441\Debug\Pin_3.o"
Deleting file ".\CortexM3\ARM_GCC_441\Debug\Pin_1.o"
Deleting file ".\CortexM3\ARM_GCC_441\Debug\pin_4.o"
Deleting file ".\CortexM3\ARM_GCC_441\Debug\USB.o"
Deleting file ".\CortexM3\ARM_GCC_441\Debug\USB_audio.o"
Deleting file ".\CortexM3\ARM_GCC_441\Debug\USB_boot.o"
Deleting file ".\CortexM3\ARM_GCC_441\Debug\USB_cdc.o"
Deleting file ".\CortexM3\ARM_GCC_441\Debug\USB_cls.o"
Deleting file ".\CortexM3\ARM_GCC_441\Debug\USB_descr.o"
Deleting file ".\CortexM3\ARM_GCC_441\Debug\USB_drv.o"
Deleting file ".\CortexM3\ARM_GCC_441\Debug\USB_episr.o"
Deleting file ".\CortexM3\ARM_GCC_441\Debug\USB_hid.o"
Deleting file ".\CortexM3\ARM_GCC_441\Debug\USB_pm.o"
Deleting file ".\CortexM3\ARM_GCC_441\Debug\USB_std.o"
Deleting file ".\CortexM3\ARM_GCC_441\Debug\USB_vnd.o"
Deleting file ".\CortexM3\ARM_GCC_441\Debug\USB_midi.o"
Deleting file ".\CortexM3\ARM_GCC_441\Debug\USB_Dm.o"
Deleting file ".\CortexM3\ARM_GCC_441\Debug\USB_Dp.o"
Deleting file ".\CortexM3\ARM_GCC_441\Debug\cyfitter_cfg.o"
Deleting file ".\CortexM3\ARM_GCC_441\Debug\BitBanging.hex"
Deleting file ".\CortexM3\ARM_GCC_441\Debug\BitBanging.elf"
Deleting file ".\CortexM3\ARM_GCC_441\Debug\BitBanging.map"
Deleting file ".\BitBanging.cycdx"
Deleting file ".\BitBanging.svd"
Deleting file ".\BitBanging.rpt"
Deleting file ".\BitBanging_timing.html"
Deleting file ".\CortexM3\ARM_GCC_441\Debug\.deps\C_FILE.P"
Deleting file ".\CortexM3\ARM_GCC_441\Debug\.deps\ARM_C_FILE.P"
Deleting file ".\CortexM3\ARM_GCC_441\Debug\.deps\GNU_ARM_ASM_FILE.P"
cydsfit.exe "-.appdatapath" "C:\Users\Craig\AppData\Local\Cypress Semiconductor\PSoC Creator\2.2" "-.fdsnotice" "-.fdswarpdepfile=warp_dependencies.txt" "-.fdselabdepfile=elab_dependencies.txt" "-.fdsbldfile=generated_files.txt" "-p" "C:\Users\Craig\Dropbox\6.115\Final Project\PSoC Work\BitBanging.cydsn\BitBanging.cyprj" "-d" "CY8C5868AXI-LP035" "-s" "C:\Users\Craig\Dropbox\6.115\Final Project\PSoC Work\BitBanging.cydsn\Generated_Source\PSoC5" "--" "-yv2" "-v3" "-ygs" "-q10" "-o2" "-.fftcfgtype=LE"
Elaborating Design...
ADD: pft.M0028: warning: Clock Warning: (UART_IntClock's accuracy range '12.000 MHz ñ 0.250%, (11.970 MHz - 12.030 MHz)' is not within the specified tolerance range '14.746 MHz ñ 2.000%, (14.451 MHz - 15.041 MHz)'.).
 * C:\Program Files\Cypress\PSoC Creator\2.2\PSoC Creator\psoc\content\cycomponentlibrary\CyComponentLibrary.cylib\UART_v2_30\UART_v2_30.cysch (Instance: IntClock)
 * C:\Users\Craig\Dropbox\6.115\Final Project\PSoC Work\BitBanging.cydsn\BitBanging.cydwr (UART_IntClock)
HDL Generation ...
Synthesis ...
Place and Route ...
Tech mapping ...
ADD: pft.M0040: information: The following 2 pin(s) will be assigned a location by the fitter: \USB:Dm(0)\, \USB:Dp(0)\
Info: mpr.M0037: Unused pieces of the design have been optimized out. See the Tech mapping section of the report file for details. (App=cydsfit)
Analog Placement ...
Analog Routing ...
Analog Code Generation ...
Digital Placement ...
Digital Routing ...
Bitstream Generation ...
Static timing analysis ...
API Generation ...
Dependency Generation ...
Clean Temporary Files ...
arm-none-eabi-gcc.exe -I. -Wno-main -I./Generated_Source/PSoC5 -mcpu=cortex-m3 -mthumb -Wall -g -D DEBUG -Wa,-alh=.\CortexM3\ARM_GCC_441\Debug\main.lst -ffunction-sections -c .\main.c -o .\CortexM3\ARM_GCC_441\Debug\main.o
arm-none-eabi-gcc.exe -I. -Wno-main -I./Generated_Source/PSoC5 -mcpu=cortex-m3 -mthumb -Wall -g -D DEBUG -Wa,-alh=.\CortexM3\ARM_GCC_441\Debug\Cm3Start.lst -ffunction-sections -c .\Generated_Source\PSoC5\Cm3Start.c -o .\CortexM3\ARM_GCC_441\Debug\Cm3Start.o
arm-none-eabi-gcc.exe -I. -Wno-main -I./Generated_Source/PSoC5 -mcpu=cortex-m3 -mthumb -Wall -g -D DEBUG -Wa,-alh=.\CortexM3\ARM_GCC_441\Debug\core_cm3.lst -ffunction-sections -c .\Generated_Source\PSoC5\core_cm3.c -o .\CortexM3\ARM_GCC_441\Debug\core_cm3.o
arm-none-eabi-as.exe -I. -I./Generated_Source/PSoC5 -mcpu=cortex-m3 -mthumb -g -alh=.\CortexM3\ARM_GCC_441\Debug/CyBootAsmGnu.lst -o .\CortexM3\ARM_GCC_441\Debug\CyBootAsmGnu.o .\Generated_Source\PSoC5\CyBootAsmGnu.s
arm-none-eabi-gcc.exe -I. -Wno-main -I./Generated_Source/PSoC5 -mcpu=cortex-m3 -mthumb -Wall -g -D DEBUG -Wa,-alh=.\CortexM3\ARM_GCC_441\Debug\CyDmac.lst -ffunction-sections -c .\Generated_Source\PSoC5\CyDmac.c -o .\CortexM3\ARM_GCC_441\Debug\CyDmac.o
arm-none-eabi-gcc.exe -I. -Wno-main -I./Generated_Source/PSoC5 -mcpu=cortex-m3 -mthumb -Wall -g -D DEBUG -Wa,-alh=.\CortexM3\ARM_GCC_441\Debug\CyFlash.lst -ffunction-sections -c .\Generated_Source\PSoC5\CyFlash.c -o .\CortexM3\ARM_GCC_441\Debug\CyFlash.o
arm-none-eabi-gcc.exe -I. -Wno-main -I./Generated_Source/PSoC5 -mcpu=cortex-m3 -mthumb -Wall -g -D DEBUG -Wa,-alh=.\CortexM3\ARM_GCC_441\Debug\CyLib.lst -ffunction-sections -c .\Generated_Source\PSoC5\CyLib.c -o .\CortexM3\ARM_GCC_441\Debug\CyLib.o
arm-none-eabi-gcc.exe -I. -Wno-main -I./Generated_Source/PSoC5 -mcpu=cortex-m3 -mthumb -Wall -g -D DEBUG -Wa,-alh=.\CortexM3\ARM_GCC_441\Debug\cyPm.lst -ffunction-sections -c .\Generated_Source\PSoC5\cyPm.c -o .\CortexM3\ARM_GCC_441\Debug\cyPm.o
arm-none-eabi-gcc.exe -I. -Wno-main -I./Generated_Source/PSoC5 -mcpu=cortex-m3 -mthumb -Wall -g -D DEBUG -Wa,-alh=.\CortexM3\ARM_GCC_441\Debug\CySpc.lst -ffunction-sections -c .\Generated_Source\PSoC5\CySpc.c -o .\CortexM3\ARM_GCC_441\Debug\CySpc.o
arm-none-eabi-gcc.exe -I. -Wno-main -I./Generated_Source/PSoC5 -mcpu=cortex-m3 -mthumb -Wall -g -D DEBUG -Wa,-alh=.\CortexM3\ARM_GCC_441\Debug\cyutils.lst -ffunction-sections -c .\Generated_Source\PSoC5\cyutils.c -o .\CortexM3\ARM_GCC_441\Debug\cyutils.o
arm-none-eabi-gcc.exe -I. -Wno-main -I./Generated_Source/PSoC5 -mcpu=cortex-m3 -mthumb -Wall -g -D DEBUG -Wa,-alh=.\CortexM3\ARM_GCC_441\Debug\DataLine.lst -ffunction-sections -c .\Generated_Source\PSoC5\DataLine.c -o .\CortexM3\ARM_GCC_441\Debug\DataLine.o
arm-none-eabi-gcc.exe -I. -Wno-main -I./Generated_Source/PSoC5 -mcpu=cortex-m3 -mthumb -Wall -g -D DEBUG -Wa,-alh=.\CortexM3\ARM_GCC_441\Debug\ClockLine.lst -ffunction-sections -c .\Generated_Source\PSoC5\ClockLine.c -o .\CortexM3\ARM_GCC_441\Debug\ClockLine.o
arm-none-eabi-gcc.exe -I. -Wno-main -I./Generated_Source/PSoC5 -mcpu=cortex-m3 -mthumb -Wall -g -D DEBUG -Wa,-alh=.\CortexM3\ARM_GCC_441\Debug\FREX.lst -ffunction-sections -c .\Generated_Source\PSoC5\FREX.c -o .\CortexM3\ARM_GCC_441\Debug\FREX.o
arm-none-eabi-gcc.exe -I. -Wno-main -I./Generated_Source/PSoC5 -mcpu=cortex-m3 -mthumb -Wall -g -D DEBUG -Wa,-alh=.\CortexM3\ARM_GCC_441\Debug\EXPST.lst -ffunction-sections -c .\Generated_Source\PSoC5\EXPST.c -o .\CortexM3\ARM_GCC_441\Debug\EXPST.o
arm-none-eabi-gcc.exe -I. -Wno-main -I./Generated_Source/PSoC5 -mcpu=cortex-m3 -mthumb -Wall -g -D DEBUG -Wa,-alh=.\CortexM3\ARM_GCC_441\Debug\XCLK.lst -ffunction-sections -c .\Generated_Source\PSoC5\XCLK.c -o .\CortexM3\ARM_GCC_441\Debug\XCLK.o
arm-none-eabi-gcc.exe -I. -Wno-main -I./Generated_Source/PSoC5 -mcpu=cortex-m3 -mthumb -Wall -g -D DEBUG -Wa,-alh=.\CortexM3\ARM_GCC_441\Debug\PWND.lst -ffunction-sections -c .\Generated_Source\PSoC5\PWND.c -o .\CortexM3\ARM_GCC_441\Debug\PWND.o
arm-none-eabi-gcc.exe -I. -Wno-main -I./Generated_Source/PSoC5 -mcpu=cortex-m3 -mthumb -Wall -g -D DEBUG -Wa,-alh=.\CortexM3\ARM_GCC_441\Debug\RST_B.lst -ffunction-sections -c .\Generated_Source\PSoC5\RST_B.c -o .\CortexM3\ARM_GCC_441\Debug\RST_B.o
arm-none-eabi-gcc.exe -I. -Wno-main -I./Generated_Source/PSoC5 -mcpu=cortex-m3 -mthumb -Wall -g -D DEBUG -Wa,-alh=.\CortexM3\ARM_GCC_441\Debug\Clock_1.lst -ffunction-sections -c .\Generated_Source\PSoC5\Clock_1.c -o .\CortexM3\ARM_GCC_441\Debug\Clock_1.o
arm-none-eabi-gcc.exe -I. -Wno-main -I./Generated_Source/PSoC5 -mcpu=cortex-m3 -mthumb -Wall -g -D DEBUG -Wa,-alh=.\CortexM3\ARM_GCC_441\Debug\LCD_Char_1.lst -ffunction-sections -c .\Generated_Source\PSoC5\LCD_Char_1.c -o .\CortexM3\ARM_GCC_441\Debug\LCD_Char_1.o
arm-none-eabi-gcc.exe -I. -Wno-main -I./Generated_Source/PSoC5 -mcpu=cortex-m3 -mthumb -Wall -g -D DEBUG -Wa,-alh=.\CortexM3\ARM_GCC_441\Debug\LCD_Char_1_PM.lst -ffunction-sections -c .\Generated_Source\PSoC5\LCD_Char_1_PM.c -o .\CortexM3\ARM_GCC_441\Debug\LCD_Char_1_PM.o
arm-none-eabi-gcc.exe -I. -Wno-main -I./Generated_Source/PSoC5 -mcpu=cortex-m3 -mthumb -Wall -g -D DEBUG -Wa,-alh=.\CortexM3\ARM_GCC_441\Debug\LCD_Char_1_LCDPort.lst -ffunction-sections -c .\Generated_Source\PSoC5\LCD_Char_1_LCDPort.c -o .\CortexM3\ARM_GCC_441\Debug\LCD_Char_1_LCDPort.o
arm-none-eabi-gcc.exe -I. -Wno-main -I./Generated_Source/PSoC5 -mcpu=cortex-m3 -mthumb -Wall -g -D DEBUG -Wa,-alh=.\CortexM3\ARM_GCC_441\Debug\DataBus.lst -ffunction-sections -c .\Generated_Source\PSoC5\DataBus.c -o .\CortexM3\ARM_GCC_441\Debug\DataBus.o
arm-none-eabi-gcc.exe -I. -Wno-main -I./Generated_Source/PSoC5 -mcpu=cortex-m3 -mthumb -Wall -g -D DEBUG -Wa,-alh=.\CortexM3\ARM_GCC_441\Debug\PCLK.lst -ffunction-sections -c .\Generated_Source\PSoC5\PCLK.c -o .\CortexM3\ARM_GCC_441\Debug\PCLK.o
arm-none-eabi-gcc.exe -I. -Wno-main -I./Generated_Source/PSoC5 -mcpu=cortex-m3 -mthumb -Wall -g -D DEBUG -Wa,-alh=.\CortexM3\ARM_GCC_441\Debug\VREF.lst -ffunction-sections -c .\Generated_Source\PSoC5\VREF.c -o .\CortexM3\ARM_GCC_441\Debug\VREF.o
arm-none-eabi-gcc.exe -I. -Wno-main -I./Generated_Source/PSoC5 -mcpu=cortex-m3 -mthumb -Wall -g -D DEBUG -Wa,-alh=.\CortexM3\ARM_GCC_441\Debug\HREF.lst -ffunction-sections -c .\Generated_Source\PSoC5\HREF.c -o .\CortexM3\ARM_GCC_441\Debug\HREF.o
arm-none-eabi-gcc.exe -I. -Wno-main -I./Generated_Source/PSoC5 -mcpu=cortex-m3 -mthumb -Wall -g -D DEBUG -Wa,-alh=.\CortexM3\ARM_GCC_441\Debug\isr_PCLK.lst -ffunction-sections -c .\Generated_Source\PSoC5\isr_PCLK.c -o .\CortexM3\ARM_GCC_441\Debug\isr_PCLK.o
arm-none-eabi-gcc.exe -I. -Wno-main -I./Generated_Source/PSoC5 -mcpu=cortex-m3 -mthumb -Wall -g -D DEBUG -Wa,-alh=.\CortexM3\ARM_GCC_441\Debug\isr_VREF.lst -ffunction-sections -c .\Generated_Source\PSoC5\isr_VREF.c -o .\CortexM3\ARM_GCC_441\Debug\isr_VREF.o
arm-none-eabi-gcc.exe -I. -Wno-main -I./Generated_Source/PSoC5 -mcpu=cortex-m3 -mthumb -Wall -g -D DEBUG -Wa,-alh=.\CortexM3\ARM_GCC_441\Debug\isr_HREF.lst -ffunction-sections -c .\Generated_Source\PSoC5\isr_HREF.c -o .\CortexM3\ARM_GCC_441\Debug\isr_HREF.o
arm-none-eabi-gcc.exe -I. -Wno-main -I./Generated_Source/PSoC5 -mcpu=cortex-m3 -mthumb -Wall -g -D DEBUG -Wa,-alh=.\CortexM3\ARM_GCC_441\Debug\LED.lst -ffunction-sections -c .\Generated_Source\PSoC5\LED.c -o .\CortexM3\ARM_GCC_441\Debug\LED.o
arm-none-eabi-gcc.exe -I. -Wno-main -I./Generated_Source/PSoC5 -mcpu=cortex-m3 -mthumb -Wall -g -D DEBUG -Wa,-alh=.\CortexM3\ARM_GCC_441\Debug\UART.lst -ffunction-sections -c .\Generated_Source\PSoC5\UART.c -o .\CortexM3\ARM_GCC_441\Debug\UART.o
arm-none-eabi-gcc.exe -I. -Wno-main -I./Generated_Source/PSoC5 -mcpu=cortex-m3 -mthumb -Wall -g -D DEBUG -Wa,-alh=.\CortexM3\ARM_GCC_441\Debug\UART_PM.lst -ffunction-sections -c .\Generated_Source\PSoC5\UART_PM.c -o .\CortexM3\ARM_GCC_441\Debug\UART_PM.o
arm-none-eabi-gcc.exe -I. -Wno-main -I./Generated_Source/PSoC5 -mcpu=cortex-m3 -mthumb -Wall -g -D DEBUG -Wa,-alh=.\CortexM3\ARM_GCC_441\Debug\UART_INT.lst -ffunction-sections -c .\Generated_Source\PSoC5\UART_INT.c -o .\CortexM3\ARM_GCC_441\Debug\UART_INT.o
arm-none-eabi-gcc.exe -I. -Wno-main -I./Generated_Source/PSoC5 -mcpu=cortex-m3 -mthumb -Wall -g -D DEBUG -Wa,-alh=.\CortexM3\ARM_GCC_441\Debug\UART_BOOT.lst -ffunction-sections -c .\Generated_Source\PSoC5\UART_BOOT.c -o .\CortexM3\ARM_GCC_441\Debug\UART_BOOT.o
arm-none-eabi-gcc.exe -I. -Wno-main -I./Generated_Source/PSoC5 -mcpu=cortex-m3 -mthumb -Wall -g -D DEBUG -Wa,-alh=.\CortexM3\ARM_GCC_441\Debug\isr_tx.lst -ffunction-sections -c .\Generated_Source\PSoC5\isr_tx.c -o .\CortexM3\ARM_GCC_441\Debug\isr_tx.o
arm-none-eabi-gcc.exe -I. -Wno-main -I./Generated_Source/PSoC5 -mcpu=cortex-m3 -mthumb -Wall -g -D DEBUG -Wa,-alh=.\CortexM3\ARM_GCC_441\Debug\isr_rx.lst -ffunction-sections -c .\Generated_Source\PSoC5\isr_rx.c -o .\CortexM3\ARM_GCC_441\Debug\isr_rx.o
arm-none-eabi-gcc.exe -I. -Wno-main -I./Generated_Source/PSoC5 -mcpu=cortex-m3 -mthumb -Wall -g -D DEBUG -Wa,-alh=.\CortexM3\ARM_GCC_441\Debug\UART_IntClock.lst -ffunction-sections -c .\Generated_Source\PSoC5\UART_IntClock.c -o .\CortexM3\ARM_GCC_441\Debug\UART_IntClock.o
arm-none-eabi-gcc.exe -I. -Wno-main -I./Generated_Source/PSoC5 -mcpu=cortex-m3 -mthumb -Wall -g -D DEBUG -Wa,-alh=.\CortexM3\ARM_GCC_441\Debug\Pin_2.lst -ffunction-sections -c .\Generated_Source\PSoC5\Pin_2.c -o .\CortexM3\ARM_GCC_441\Debug\Pin_2.o
arm-none-eabi-gcc.exe -I. -Wno-main -I./Generated_Source/PSoC5 -mcpu=cortex-m3 -mthumb -Wall -g -D DEBUG -Wa,-alh=.\CortexM3\ARM_GCC_441\Debug\Pin_3.lst -ffunction-sections -c .\Generated_Source\PSoC5\Pin_3.c -o .\CortexM3\ARM_GCC_441\Debug\Pin_3.o
arm-none-eabi-gcc.exe -I. -Wno-main -I./Generated_Source/PSoC5 -mcpu=cortex-m3 -mthumb -Wall -g -D DEBUG -Wa,-alh=.\CortexM3\ARM_GCC_441\Debug\Pin_1.lst -ffunction-sections -c .\Generated_Source\PSoC5\Pin_1.c -o .\CortexM3\ARM_GCC_441\Debug\Pin_1.o
arm-none-eabi-gcc.exe -I. -Wno-main -I./Generated_Source/PSoC5 -mcpu=cortex-m3 -mthumb -Wall -g -D DEBUG -Wa,-alh=.\CortexM3\ARM_GCC_441\Debug\pin_4.lst -ffunction-sections -c .\Generated_Source\PSoC5\pin_4.c -o .\CortexM3\ARM_GCC_441\Debug\pin_4.o
arm-none-eabi-gcc.exe -I. -Wno-main -I./Generated_Source/PSoC5 -mcpu=cortex-m3 -mthumb -Wall -g -D DEBUG -Wa,-alh=.\CortexM3\ARM_GCC_441\Debug\USB.lst -ffunction-sections -c .\Generated_Source\PSoC5\USB.c -o .\CortexM3\ARM_GCC_441\Debug\USB.o
arm-none-eabi-gcc.exe -I. -Wno-main -I./Generated_Source/PSoC5 -mcpu=cortex-m3 -mthumb -Wall -g -D DEBUG -Wa,-alh=.\CortexM3\ARM_GCC_441\Debug\USB_audio.lst -ffunction-sections -c .\Generated_Source\PSoC5\USB_audio.c -o .\CortexM3\ARM_GCC_441\Debug\USB_audio.o
arm-none-eabi-gcc.exe -I. -Wno-main -I./Generated_Source/PSoC5 -mcpu=cortex-m3 -mthumb -Wall -g -D DEBUG -Wa,-alh=.\CortexM3\ARM_GCC_441\Debug\USB_boot.lst -ffunction-sections -c .\Generated_Source\PSoC5\USB_boot.c -o .\CortexM3\ARM_GCC_441\Debug\USB_boot.o
arm-none-eabi-gcc.exe -I. -Wno-main -I./Generated_Source/PSoC5 -mcpu=cortex-m3 -mthumb -Wall -g -D DEBUG -Wa,-alh=.\CortexM3\ARM_GCC_441\Debug\USB_cdc.lst -ffunction-sections -c .\Generated_Source\PSoC5\USB_cdc.c -o .\CortexM3\ARM_GCC_441\Debug\USB_cdc.o
arm-none-eabi-gcc.exe -I. -Wno-main -I./Generated_Source/PSoC5 -mcpu=cortex-m3 -mthumb -Wall -g -D DEBUG -Wa,-alh=.\CortexM3\ARM_GCC_441\Debug\USB_cls.lst -ffunction-sections -c .\Generated_Source\PSoC5\USB_cls.c -o .\CortexM3\ARM_GCC_441\Debug\USB_cls.o
arm-none-eabi-gcc.exe -I. -Wno-main -I./Generated_Source/PSoC5 -mcpu=cortex-m3 -mthumb -Wall -g -D DEBUG -Wa,-alh=.\CortexM3\ARM_GCC_441\Debug\USB_descr.lst -ffunction-sections -c .\Generated_Source\PSoC5\USB_descr.c -o .\CortexM3\ARM_GCC_441\Debug\USB_descr.o
arm-none-eabi-gcc.exe -I. -Wno-main -I./Generated_Source/PSoC5 -mcpu=cortex-m3 -mthumb -Wall -g -D DEBUG -Wa,-alh=.\CortexM3\ARM_GCC_441\Debug\USB_drv.lst -ffunction-sections -c .\Generated_Source\PSoC5\USB_drv.c -o .\CortexM3\ARM_GCC_441\Debug\USB_drv.o
arm-none-eabi-gcc.exe -I. -Wno-main -I./Generated_Source/PSoC5 -mcpu=cortex-m3 -mthumb -Wall -g -D DEBUG -Wa,-alh=.\CortexM3\ARM_GCC_441\Debug\USB_episr.lst -ffunction-sections -c .\Generated_Source\PSoC5\USB_episr.c -o .\CortexM3\ARM_GCC_441\Debug\USB_episr.o
arm-none-eabi-gcc.exe -I. -Wno-main -I./Generated_Source/PSoC5 -mcpu=cortex-m3 -mthumb -Wall -g -D DEBUG -Wa,-alh=.\CortexM3\ARM_GCC_441\Debug\USB_hid.lst -ffunction-sections -c .\Generated_Source\PSoC5\USB_hid.c -o .\CortexM3\ARM_GCC_441\Debug\USB_hid.o
arm-none-eabi-gcc.exe -I. -Wno-main -I./Generated_Source/PSoC5 -mcpu=cortex-m3 -mthumb -Wall -g -D DEBUG -Wa,-alh=.\CortexM3\ARM_GCC_441\Debug\USB_pm.lst -ffunction-sections -c .\Generated_Source\PSoC5\USB_pm.c -o .\CortexM3\ARM_GCC_441\Debug\USB_pm.o
arm-none-eabi-gcc.exe -I. -Wno-main -I./Generated_Source/PSoC5 -mcpu=cortex-m3 -mthumb -Wall -g -D DEBUG -Wa,-alh=.\CortexM3\ARM_GCC_441\Debug\USB_std.lst -ffunction-sections -c .\Generated_Source\PSoC5\USB_std.c -o .\CortexM3\ARM_GCC_441\Debug\USB_std.o
arm-none-eabi-gcc.exe -I. -Wno-main -I./Generated_Source/PSoC5 -mcpu=cortex-m3 -mthumb -Wall -g -D DEBUG -Wa,-alh=.\CortexM3\ARM_GCC_441\Debug\USB_vnd.lst -ffunction-sections -c .\Generated_Source\PSoC5\USB_vnd.c -o .\CortexM3\ARM_GCC_441\Debug\USB_vnd.o
arm-none-eabi-gcc.exe -I. -Wno-main -I./Generated_Source/PSoC5 -mcpu=cortex-m3 -mthumb -Wall -g -D DEBUG -Wa,-alh=.\CortexM3\ARM_GCC_441\Debug\USB_midi.lst -ffunction-sections -c .\Generated_Source\PSoC5\USB_midi.c -o .\CortexM3\ARM_GCC_441\Debug\USB_midi.o
arm-none-eabi-gcc.exe -I. -Wno-main -I./Generated_Source/PSoC5 -mcpu=cortex-m3 -mthumb -Wall -g -D DEBUG -Wa,-alh=.\CortexM3\ARM_GCC_441\Debug\USB_Dm.lst -ffunction-sections -c .\Generated_Source\PSoC5\USB_Dm.c -o .\CortexM3\ARM_GCC_441\Debug\USB_Dm.o
arm-none-eabi-gcc.exe -I. -Wno-main -I./Generated_Source/PSoC5 -mcpu=cortex-m3 -mthumb -Wall -g -D DEBUG -Wa,-alh=.\CortexM3\ARM_GCC_441\Debug\USB_Dp.lst -ffunction-sections -c .\Generated_Source\PSoC5\USB_Dp.c -o .\CortexM3\ARM_GCC_441\Debug\USB_Dp.o
arm-none-eabi-gcc.exe -I. -Wno-main -I./Generated_Source/PSoC5 -mcpu=cortex-m3 -mthumb -Wall -g -D DEBUG -Wa,-alh=.\CortexM3\ARM_GCC_441\Debug\cyfitter_cfg.lst -ffunction-sections -c .\Generated_Source\PSoC5\cyfitter_cfg.c -o .\CortexM3\ARM_GCC_441\Debug\cyfitter_cfg.o
arm-none-eabi-ar.exe -rs .\CortexM3\ARM_GCC_441\Debug\BitBanging.a .\CortexM3\ARM_GCC_441\Debug\core_cm3.o .\CortexM3\ARM_GCC_441\Debug\CyBootAsmGnu.o .\CortexM3\ARM_GCC_441\Debug\CyDmac.o .\CortexM3\ARM_GCC_441\Debug\CyFlash.o .\CortexM3\ARM_GCC_441\Debug\CyLib.o .\CortexM3\ARM_GCC_441\Debug\cyPm.o .\CortexM3\ARM_GCC_441\Debug\CySpc.o .\CortexM3\ARM_GCC_441\Debug\cyutils.o .\CortexM3\ARM_GCC_441\Debug\DataLine.o .\CortexM3\ARM_GCC_441\Debug\ClockLine.o .\CortexM3\ARM_GCC_441\Debug\FREX.o .\CortexM3\ARM_GCC_441\Debug\EXPST.o .\CortexM3\ARM_GCC_441\Debug\XCLK.o .\CortexM3\ARM_GCC_441\Debug\PWND.o .\CortexM3\ARM_GCC_441\Debug\RST_B.o .\CortexM3\ARM_GCC_441\Debug\Clock_1.o .\CortexM3\ARM_GCC_441\Debug\LCD_Char_1.o .\CortexM3\ARM_GCC_441\Debug\LCD_Char_1_PM.o .\CortexM3\ARM_GCC_441\Debug\LCD_Char_1_LCDPort.o .\CortexM3\ARM_GCC_441\Debug\DataBus.o .\CortexM3\ARM_GCC_441\Debug\PCLK.o .\CortexM3\ARM_GCC_441\Debug\VREF.o .\CortexM3\ARM_GCC_441\Debug\HREF.o .\CortexM3\ARM_GCC_441\Debug\isr_PCLK.o .\CortexM3\ARM_GCC_441\Debug\isr_VREF.o .\CortexM3\ARM_GCC_441\Debug\isr_HREF.o .\CortexM3\ARM_GCC_441\Debug\LED.o .\CortexM3\ARM_GCC_441\Debug\UART.o .\CortexM3\ARM_GCC_441\Debug\UART_PM.o .\CortexM3\ARM_GCC_441\Debug\UART_INT.o .\CortexM3\ARM_GCC_441\Debug\UART_BOOT.o .\CortexM3\ARM_GCC_441\Debug\isr_tx.o .\CortexM3\ARM_GCC_441\Debug\isr_rx.o .\CortexM3\ARM_GCC_441\Debug\UART_IntClock.o .\CortexM3\ARM_GCC_441\Debug\Pin_2.o .\CortexM3\ARM_GCC_441\Debug\Pin_3.o .\CortexM3\ARM_GCC_441\Debug\Pin_1.o .\CortexM3\ARM_GCC_441\Debug\pin_4.o .\CortexM3\ARM_GCC_441\Debug\USB.o .\CortexM3\ARM_GCC_441\Debug\USB_audio.o .\CortexM3\ARM_GCC_441\Debug\USB_boot.o .\CortexM3\ARM_GCC_441\Debug\USB_cdc.o .\CortexM3\ARM_GCC_441\Debug\USB_cls.o .\CortexM3\ARM_GCC_441\Debug\USB_descr.o .\CortexM3\ARM_GCC_441\Debug\USB_drv.o .\CortexM3\ARM_GCC_441\Debug\USB_episr.o .\CortexM3\ARM_GCC_441\Debug\USB_hid.o .\CortexM3\ARM_GCC_441\Debug\USB_pm.o .\CortexM3\ARM_GCC_441\Debug\USB_std.o .\CortexM3\ARM_GCC_441\Debug\USB_vnd.o .\CortexM3\ARM_GCC_441\Debug\USB_midi.o .\CortexM3\ARM_GCC_441\Debug\USB_Dm.o .\CortexM3\ARM_GCC_441\Debug\USB_Dp.o .\CortexM3\ARM_GCC_441\Debug\cyfitter_cfg.o
arm-none-eabi-ar.exe: creating .\CortexM3\ARM_GCC_441\Debug\BitBanging.a
arm-none-eabi-gcc.exe -mthumb -march=armv7-m -mfix-cortex-m3-ldrd -T .\Generated_Source\PSoC5\cm3gcc.ld -g -Wl,-Map,.\CortexM3\ARM_GCC_441\Debug\BitBanging.map -Wl,--gc-sections -Wl,--start-group -o .\CortexM3\ARM_GCC_441\Debug\BitBanging.elf .\CortexM3\ARM_GCC_441\Debug\main.o .\CortexM3\ARM_GCC_441\Debug\Cm3Start.o .\CortexM3\ARM_GCC_441\Debug\BitBanging.a "C:\Program Files\Cypress\PSoC Creator\2.2\PSoC Creator\psoc\content\cycomponentlibrary\CyComponentLibrary.cylib\CortexM3\ARM_GCC_441\Debug\CyComponentLibrary.a" -Wl,--end-group
arm-none-eabi-objcopy.exe -O ihex .\CortexM3\ARM_GCC_441\Debug\BitBanging.elf .\CortexM3\ARM_GCC_441\Debug\BitBanging.ihx
cyhextool -o .\CortexM3\ARM_GCC_441\Debug\BitBanging.hex -f .\CortexM3\ARM_GCC_441\Debug\BitBanging.ihx -prot .\Generated_Source\PSoC5\protect.hex -id 2E123069 -a EEPROM=90200000:800,PROGRAM=00000000:40000,CONFIG=80000000:8000,PROTECT=90400000:100 -meta 0001 -cunv 00004005 -wonv BC90ACAF -ecc .\Generated_Source\PSoC5\config.hex
Flash used: 16056 of 262144 bytes (6.1 %).
SRAM used: 1032 of 65536 bytes (1.6 %).
--------------- Rebuild Succeeded: 05/11/2013 12:43:36 ---------------
