ARM GAS  C:\Users\Craig\AppData\Local\Temp\ccOWaP18.s 			page 1


   1              		.syntax unified
   2              		.cpu cortex-m3
   3              		.fpu softvfp
   4              		.eabi_attribute 20, 1
   5              		.eabi_attribute 21, 1
   6              		.eabi_attribute 23, 3
   7              		.eabi_attribute 24, 1
   8              		.eabi_attribute 25, 1
   9              		.eabi_attribute 26, 1
  10              		.eabi_attribute 30, 6
  11              		.eabi_attribute 18, 4
  12              		.thumb
  13              		.file	"DataBus.c"
  14              		.section	.debug_abbrev,"",%progbits
  15              	.Ldebug_abbrev0:
  16              		.section	.debug_info,"",%progbits
  17              	.Ldebug_info0:
  18              		.section	.debug_line,"",%progbits
  19              	.Ldebug_line0:
  20 0000 BC000000 		.text
  20      02006000 
  20      00000201 
  20      FB0E0D00 
  20      01010101 
  21              	.Ltext0:
  22              		.cfi_sections	.debug_frame
  23              		.section	.text.DataBus_Write,"ax",%progbits
  24              		.align	2
  25              		.global	DataBus_Write
  26              		.thumb
  27              		.thumb_func
  28              		.type	DataBus_Write, %function
  29              	DataBus_Write:
  30              	.LFB0:
  31              		.file 1 ".\\Generated_Source\\PSoC5\\DataBus.c"
   1:.\Generated_Source\PSoC5/DataBus.c **** /*******************************************************************************
   2:.\Generated_Source\PSoC5/DataBus.c **** * File Name: DataBus.c  
   3:.\Generated_Source\PSoC5/DataBus.c **** * Version 1.80
   4:.\Generated_Source\PSoC5/DataBus.c **** *
   5:.\Generated_Source\PSoC5/DataBus.c **** * Description:
   6:.\Generated_Source\PSoC5/DataBus.c **** *  This file contains API to enable firmware control of a Pins component.
   7:.\Generated_Source\PSoC5/DataBus.c **** *
   8:.\Generated_Source\PSoC5/DataBus.c **** * Note:
   9:.\Generated_Source\PSoC5/DataBus.c **** *
  10:.\Generated_Source\PSoC5/DataBus.c **** ********************************************************************************
  11:.\Generated_Source\PSoC5/DataBus.c **** * Copyright 2008-2012, Cypress Semiconductor Corporation.  All rights reserved.
  12:.\Generated_Source\PSoC5/DataBus.c **** * You may use this file only in accordance with the license, terms, conditions, 
  13:.\Generated_Source\PSoC5/DataBus.c **** * disclaimers, and limitations in the end user license agreement accompanying 
  14:.\Generated_Source\PSoC5/DataBus.c **** * the software package with which this file was provided.
  15:.\Generated_Source\PSoC5/DataBus.c **** *******************************************************************************/
  16:.\Generated_Source\PSoC5/DataBus.c **** 
  17:.\Generated_Source\PSoC5/DataBus.c **** #include "cytypes.h"
  18:.\Generated_Source\PSoC5/DataBus.c **** #include "DataBus.h"
  19:.\Generated_Source\PSoC5/DataBus.c **** 
  20:.\Generated_Source\PSoC5/DataBus.c **** /* APIs are not generated for P15[7:6] on PSoC 5 */
  21:.\Generated_Source\PSoC5/DataBus.c **** #if !(CY_PSOC5A &&\
  22:.\Generated_Source\PSoC5/DataBus.c **** 	 DataBus__PORT == 15 && ((DataBus__MASK & 0xC0) != 0))
ARM GAS  C:\Users\Craig\AppData\Local\Temp\ccOWaP18.s 			page 2


  23:.\Generated_Source\PSoC5/DataBus.c **** 
  24:.\Generated_Source\PSoC5/DataBus.c **** 
  25:.\Generated_Source\PSoC5/DataBus.c **** /*******************************************************************************
  26:.\Generated_Source\PSoC5/DataBus.c **** * Function Name: DataBus_Write
  27:.\Generated_Source\PSoC5/DataBus.c **** ********************************************************************************
  28:.\Generated_Source\PSoC5/DataBus.c **** *
  29:.\Generated_Source\PSoC5/DataBus.c **** * Summary:
  30:.\Generated_Source\PSoC5/DataBus.c **** *  Assign a new value to the digital port's data output register.  
  31:.\Generated_Source\PSoC5/DataBus.c **** *
  32:.\Generated_Source\PSoC5/DataBus.c **** * Parameters:  
  33:.\Generated_Source\PSoC5/DataBus.c **** *  prtValue:  The value to be assigned to the Digital Port. 
  34:.\Generated_Source\PSoC5/DataBus.c **** *
  35:.\Generated_Source\PSoC5/DataBus.c **** * Return: 
  36:.\Generated_Source\PSoC5/DataBus.c **** *  None
  37:.\Generated_Source\PSoC5/DataBus.c **** *  
  38:.\Generated_Source\PSoC5/DataBus.c **** *******************************************************************************/
  39:.\Generated_Source\PSoC5/DataBus.c **** void DataBus_Write(uint8 value) 
  40:.\Generated_Source\PSoC5/DataBus.c **** {
  32              		.loc 1 40 0
  33              		.cfi_startproc
  34              		@ args = 0, pretend = 0, frame = 16
  35              		@ frame_needed = 1, uses_anonymous_args = 0
  36              		@ link register save eliminated.
  37 0000 80B4     		push	{r7}
  38              	.LCFI0:
  39              		.cfi_def_cfa_offset 4
  40 0002 85B0     		sub	sp, sp, #20
  41              	.LCFI1:
  42              		.cfi_def_cfa_offset 24
  43 0004 00AF     		add	r7, sp, #0
  44              		.cfi_offset 7, -4
  45              	.LCFI2:
  46              		.cfi_def_cfa_register 7
  47 0006 0346     		mov	r3, r0
  48 0008 FB71     		strb	r3, [r7, #7]
  41:.\Generated_Source\PSoC5/DataBus.c ****     uint8 staticBits = (DataBus_DR & (uint8)(~DataBus_MASK));
  49              		.loc 1 41 0
  50 000a 45F24013 		movw	r3, #:lower16:1073762624
  51 000e C4F20003 		movt	r3, #:upper16:1073762624
  52 0012 1B78     		ldrb	r3, [r3, #0]
  53 0014 4FF00003 		mov	r3, #0
  54 0018 FB73     		strb	r3, [r7, #15]
  42:.\Generated_Source\PSoC5/DataBus.c ****     DataBus_DR = staticBits | ((uint8)(value << DataBus_SHIFT) & DataBus_MASK);
  55              		.loc 1 42 0
  56 001a 45F24013 		movw	r3, #:lower16:1073762624
  57 001e C4F20003 		movt	r3, #:upper16:1073762624
  58 0022 F97B     		ldrb	r1, [r7, #15]
  59 0024 FA79     		ldrb	r2, [r7, #7]
  60 0026 41EA0202 		orr	r2, r1, r2
  61 002a D2B2     		uxtb	r2, r2
  62 002c 1A70     		strb	r2, [r3, #0]
  43:.\Generated_Source\PSoC5/DataBus.c **** }
  63              		.loc 1 43 0
  64 002e 07F11407 		add	r7, r7, #20
  65 0032 BD46     		mov	sp, r7
  66 0034 80BC     		pop	{r7}
  67 0036 7047     		bx	lr
ARM GAS  C:\Users\Craig\AppData\Local\Temp\ccOWaP18.s 			page 3


  68              		.cfi_endproc
  69              	.LFE0:
  70              		.size	DataBus_Write, .-DataBus_Write
  71              		.section	.text.DataBus_SetDriveMode,"ax",%progbits
  72              		.align	2
  73              		.global	DataBus_SetDriveMode
  74              		.thumb
  75              		.thumb_func
  76              		.type	DataBus_SetDriveMode, %function
  77              	DataBus_SetDriveMode:
  78              	.LFB1:
  44:.\Generated_Source\PSoC5/DataBus.c **** 
  45:.\Generated_Source\PSoC5/DataBus.c **** 
  46:.\Generated_Source\PSoC5/DataBus.c **** /*******************************************************************************
  47:.\Generated_Source\PSoC5/DataBus.c **** * Function Name: DataBus_SetDriveMode
  48:.\Generated_Source\PSoC5/DataBus.c **** ********************************************************************************
  49:.\Generated_Source\PSoC5/DataBus.c **** *
  50:.\Generated_Source\PSoC5/DataBus.c **** * Summary:
  51:.\Generated_Source\PSoC5/DataBus.c **** *  Change the drive mode on the pins of the port.
  52:.\Generated_Source\PSoC5/DataBus.c **** * 
  53:.\Generated_Source\PSoC5/DataBus.c **** * Parameters:  
  54:.\Generated_Source\PSoC5/DataBus.c **** *  mode:  Change the pins to this drive mode.
  55:.\Generated_Source\PSoC5/DataBus.c **** *
  56:.\Generated_Source\PSoC5/DataBus.c **** * Return: 
  57:.\Generated_Source\PSoC5/DataBus.c **** *  None
  58:.\Generated_Source\PSoC5/DataBus.c **** *
  59:.\Generated_Source\PSoC5/DataBus.c **** *******************************************************************************/
  60:.\Generated_Source\PSoC5/DataBus.c **** void DataBus_SetDriveMode(uint8 mode) 
  61:.\Generated_Source\PSoC5/DataBus.c **** {
  79              		.loc 1 61 0
  80              		.cfi_startproc
  81              		@ args = 0, pretend = 0, frame = 8
  82              		@ frame_needed = 1, uses_anonymous_args = 0
  83              		@ link register save eliminated.
  84 0000 80B4     		push	{r7}
  85              	.LCFI3:
  86              		.cfi_def_cfa_offset 4
  87 0002 83B0     		sub	sp, sp, #12
  88              	.LCFI4:
  89              		.cfi_def_cfa_offset 16
  90 0004 00AF     		add	r7, sp, #0
  91              		.cfi_offset 7, -4
  92              	.LCFI5:
  93              		.cfi_def_cfa_register 7
  94 0006 0346     		mov	r3, r0
  95 0008 FB71     		strb	r3, [r7, #7]
  62:.\Generated_Source\PSoC5/DataBus.c **** 	CyPins_SetPinDriveMode(DataBus_0, mode);
  96              		.loc 1 62 0
  97 000a 45F22003 		movw	r3, #:lower16:1073762336
  98 000e C4F20003 		movt	r3, #:upper16:1073762336
  99 0012 45F22002 		movw	r2, #:lower16:1073762336
 100 0016 C4F20002 		movt	r2, #:upper16:1073762336
 101 001a 1278     		ldrb	r2, [r2, #0]
 102 001c D2B2     		uxtb	r2, r2
 103 001e D1B2     		uxtb	r1, r2
 104 0020 01F0F101 		and	r1, r1, #241
 105 0024 FA79     		ldrb	r2, [r7, #7]	@ zero_extendqisi2
ARM GAS  C:\Users\Craig\AppData\Local\Temp\ccOWaP18.s 			page 4


 106 0026 D2B2     		uxtb	r2, r2
 107 0028 02F00E02 		and	r2, r2, #14
 108 002c 41EA0202 		orr	r2, r1, r2
 109 0030 D2B2     		uxtb	r2, r2
 110 0032 D2B2     		uxtb	r2, r2
 111 0034 1A70     		strb	r2, [r3, #0]
  63:.\Generated_Source\PSoC5/DataBus.c **** 	CyPins_SetPinDriveMode(DataBus_1, mode);
 112              		.loc 1 63 0
 113 0036 45F22103 		movw	r3, #:lower16:1073762337
 114 003a C4F20003 		movt	r3, #:upper16:1073762337
 115 003e 45F22102 		movw	r2, #:lower16:1073762337
 116 0042 C4F20002 		movt	r2, #:upper16:1073762337
 117 0046 1278     		ldrb	r2, [r2, #0]
 118 0048 D2B2     		uxtb	r2, r2
 119 004a D1B2     		uxtb	r1, r2
 120 004c 01F0F101 		and	r1, r1, #241
 121 0050 FA79     		ldrb	r2, [r7, #7]	@ zero_extendqisi2
 122 0052 D2B2     		uxtb	r2, r2
 123 0054 02F00E02 		and	r2, r2, #14
 124 0058 41EA0202 		orr	r2, r1, r2
 125 005c D2B2     		uxtb	r2, r2
 126 005e D2B2     		uxtb	r2, r2
 127 0060 1A70     		strb	r2, [r3, #0]
  64:.\Generated_Source\PSoC5/DataBus.c **** 	CyPins_SetPinDriveMode(DataBus_2, mode);
 128              		.loc 1 64 0
 129 0062 45F22203 		movw	r3, #:lower16:1073762338
 130 0066 C4F20003 		movt	r3, #:upper16:1073762338
 131 006a 45F22202 		movw	r2, #:lower16:1073762338
 132 006e C4F20002 		movt	r2, #:upper16:1073762338
 133 0072 1278     		ldrb	r2, [r2, #0]
 134 0074 D2B2     		uxtb	r2, r2
 135 0076 D1B2     		uxtb	r1, r2
 136 0078 01F0F101 		and	r1, r1, #241
 137 007c FA79     		ldrb	r2, [r7, #7]	@ zero_extendqisi2
 138 007e D2B2     		uxtb	r2, r2
 139 0080 02F00E02 		and	r2, r2, #14
 140 0084 41EA0202 		orr	r2, r1, r2
 141 0088 D2B2     		uxtb	r2, r2
 142 008a D2B2     		uxtb	r2, r2
 143 008c 1A70     		strb	r2, [r3, #0]
  65:.\Generated_Source\PSoC5/DataBus.c **** 	CyPins_SetPinDriveMode(DataBus_3, mode);
 144              		.loc 1 65 0
 145 008e 45F22303 		movw	r3, #:lower16:1073762339
 146 0092 C4F20003 		movt	r3, #:upper16:1073762339
 147 0096 45F22302 		movw	r2, #:lower16:1073762339
 148 009a C4F20002 		movt	r2, #:upper16:1073762339
 149 009e 1278     		ldrb	r2, [r2, #0]
 150 00a0 D2B2     		uxtb	r2, r2
 151 00a2 D1B2     		uxtb	r1, r2
 152 00a4 01F0F101 		and	r1, r1, #241
 153 00a8 FA79     		ldrb	r2, [r7, #7]	@ zero_extendqisi2
 154 00aa D2B2     		uxtb	r2, r2
 155 00ac 02F00E02 		and	r2, r2, #14
 156 00b0 41EA0202 		orr	r2, r1, r2
 157 00b4 D2B2     		uxtb	r2, r2
 158 00b6 D2B2     		uxtb	r2, r2
 159 00b8 1A70     		strb	r2, [r3, #0]
ARM GAS  C:\Users\Craig\AppData\Local\Temp\ccOWaP18.s 			page 5


  66:.\Generated_Source\PSoC5/DataBus.c **** 	CyPins_SetPinDriveMode(DataBus_4, mode);
 160              		.loc 1 66 0
 161 00ba 45F22403 		movw	r3, #:lower16:1073762340
 162 00be C4F20003 		movt	r3, #:upper16:1073762340
 163 00c2 45F22402 		movw	r2, #:lower16:1073762340
 164 00c6 C4F20002 		movt	r2, #:upper16:1073762340
 165 00ca 1278     		ldrb	r2, [r2, #0]
 166 00cc D2B2     		uxtb	r2, r2
 167 00ce D1B2     		uxtb	r1, r2
 168 00d0 01F0F101 		and	r1, r1, #241
 169 00d4 FA79     		ldrb	r2, [r7, #7]	@ zero_extendqisi2
 170 00d6 D2B2     		uxtb	r2, r2
 171 00d8 02F00E02 		and	r2, r2, #14
 172 00dc 41EA0202 		orr	r2, r1, r2
 173 00e0 D2B2     		uxtb	r2, r2
 174 00e2 D2B2     		uxtb	r2, r2
 175 00e4 1A70     		strb	r2, [r3, #0]
  67:.\Generated_Source\PSoC5/DataBus.c **** 	CyPins_SetPinDriveMode(DataBus_5, mode);
 176              		.loc 1 67 0
 177 00e6 45F22503 		movw	r3, #:lower16:1073762341
 178 00ea C4F20003 		movt	r3, #:upper16:1073762341
 179 00ee 45F22502 		movw	r2, #:lower16:1073762341
 180 00f2 C4F20002 		movt	r2, #:upper16:1073762341
 181 00f6 1278     		ldrb	r2, [r2, #0]
 182 00f8 D2B2     		uxtb	r2, r2
 183 00fa D1B2     		uxtb	r1, r2
 184 00fc 01F0F101 		and	r1, r1, #241
 185 0100 FA79     		ldrb	r2, [r7, #7]	@ zero_extendqisi2
 186 0102 D2B2     		uxtb	r2, r2
 187 0104 02F00E02 		and	r2, r2, #14
 188 0108 41EA0202 		orr	r2, r1, r2
 189 010c D2B2     		uxtb	r2, r2
 190 010e D2B2     		uxtb	r2, r2
 191 0110 1A70     		strb	r2, [r3, #0]
  68:.\Generated_Source\PSoC5/DataBus.c **** 	CyPins_SetPinDriveMode(DataBus_6, mode);
 192              		.loc 1 68 0
 193 0112 45F22603 		movw	r3, #:lower16:1073762342
 194 0116 C4F20003 		movt	r3, #:upper16:1073762342
 195 011a 45F22602 		movw	r2, #:lower16:1073762342
 196 011e C4F20002 		movt	r2, #:upper16:1073762342
 197 0122 1278     		ldrb	r2, [r2, #0]
 198 0124 D2B2     		uxtb	r2, r2
 199 0126 D1B2     		uxtb	r1, r2
 200 0128 01F0F101 		and	r1, r1, #241
 201 012c FA79     		ldrb	r2, [r7, #7]	@ zero_extendqisi2
 202 012e D2B2     		uxtb	r2, r2
 203 0130 02F00E02 		and	r2, r2, #14
 204 0134 41EA0202 		orr	r2, r1, r2
 205 0138 D2B2     		uxtb	r2, r2
 206 013a D2B2     		uxtb	r2, r2
 207 013c 1A70     		strb	r2, [r3, #0]
  69:.\Generated_Source\PSoC5/DataBus.c **** 	CyPins_SetPinDriveMode(DataBus_7, mode);
 208              		.loc 1 69 0
 209 013e 45F22703 		movw	r3, #:lower16:1073762343
 210 0142 C4F20003 		movt	r3, #:upper16:1073762343
 211 0146 45F22702 		movw	r2, #:lower16:1073762343
 212 014a C4F20002 		movt	r2, #:upper16:1073762343
ARM GAS  C:\Users\Craig\AppData\Local\Temp\ccOWaP18.s 			page 6


 213 014e 1278     		ldrb	r2, [r2, #0]
 214 0150 D2B2     		uxtb	r2, r2
 215 0152 D1B2     		uxtb	r1, r2
 216 0154 01F0F101 		and	r1, r1, #241
 217 0158 FA79     		ldrb	r2, [r7, #7]	@ zero_extendqisi2
 218 015a D2B2     		uxtb	r2, r2
 219 015c 02F00E02 		and	r2, r2, #14
 220 0160 41EA0202 		orr	r2, r1, r2
 221 0164 D2B2     		uxtb	r2, r2
 222 0166 D2B2     		uxtb	r2, r2
 223 0168 1A70     		strb	r2, [r3, #0]
  70:.\Generated_Source\PSoC5/DataBus.c **** }
 224              		.loc 1 70 0
 225 016a 07F10C07 		add	r7, r7, #12
 226 016e BD46     		mov	sp, r7
 227 0170 80BC     		pop	{r7}
 228 0172 7047     		bx	lr
 229              		.cfi_endproc
 230              	.LFE1:
 231              		.size	DataBus_SetDriveMode, .-DataBus_SetDriveMode
 232              		.section	.text.DataBus_Read,"ax",%progbits
 233              		.align	2
 234              		.global	DataBus_Read
 235              		.thumb
 236              		.thumb_func
 237              		.type	DataBus_Read, %function
 238              	DataBus_Read:
 239              	.LFB2:
  71:.\Generated_Source\PSoC5/DataBus.c **** 
  72:.\Generated_Source\PSoC5/DataBus.c **** 
  73:.\Generated_Source\PSoC5/DataBus.c **** /*******************************************************************************
  74:.\Generated_Source\PSoC5/DataBus.c **** * Function Name: DataBus_Read
  75:.\Generated_Source\PSoC5/DataBus.c **** ********************************************************************************
  76:.\Generated_Source\PSoC5/DataBus.c **** *
  77:.\Generated_Source\PSoC5/DataBus.c **** * Summary:
  78:.\Generated_Source\PSoC5/DataBus.c **** *  Read the current value on the pins of the Digital Port in right justified 
  79:.\Generated_Source\PSoC5/DataBus.c **** *  form.
  80:.\Generated_Source\PSoC5/DataBus.c **** *
  81:.\Generated_Source\PSoC5/DataBus.c **** * Parameters:  
  82:.\Generated_Source\PSoC5/DataBus.c **** *  None
  83:.\Generated_Source\PSoC5/DataBus.c **** *
  84:.\Generated_Source\PSoC5/DataBus.c **** * Return: 
  85:.\Generated_Source\PSoC5/DataBus.c **** *  Returns the current value of the Digital Port as a right justified number
  86:.\Generated_Source\PSoC5/DataBus.c **** *  
  87:.\Generated_Source\PSoC5/DataBus.c **** * Note:
  88:.\Generated_Source\PSoC5/DataBus.c **** *  Macro DataBus_ReadPS calls this function. 
  89:.\Generated_Source\PSoC5/DataBus.c **** *  
  90:.\Generated_Source\PSoC5/DataBus.c **** *******************************************************************************/
  91:.\Generated_Source\PSoC5/DataBus.c **** uint8 DataBus_Read(void) 
  92:.\Generated_Source\PSoC5/DataBus.c **** {
 240              		.loc 1 92 0
 241              		.cfi_startproc
 242              		@ args = 0, pretend = 0, frame = 0
 243              		@ frame_needed = 1, uses_anonymous_args = 0
 244              		@ link register save eliminated.
 245 0000 80B4     		push	{r7}
 246              	.LCFI6:
ARM GAS  C:\Users\Craig\AppData\Local\Temp\ccOWaP18.s 			page 7


 247              		.cfi_def_cfa_offset 4
 248 0002 00AF     		add	r7, sp, #0
 249              		.cfi_offset 7, -4
 250              	.LCFI7:
 251              		.cfi_def_cfa_register 7
  93:.\Generated_Source\PSoC5/DataBus.c ****     return (DataBus_PS & DataBus_MASK) >> DataBus_SHIFT;
 252              		.loc 1 93 0
 253 0004 45F24113 		movw	r3, #:lower16:1073762625
 254 0008 C4F20003 		movt	r3, #:upper16:1073762625
 255 000c 1B78     		ldrb	r3, [r3, #0]
 256 000e DBB2     		uxtb	r3, r3
  94:.\Generated_Source\PSoC5/DataBus.c **** }
 257              		.loc 1 94 0
 258 0010 1846     		mov	r0, r3
 259 0012 BD46     		mov	sp, r7
 260 0014 80BC     		pop	{r7}
 261 0016 7047     		bx	lr
 262              		.cfi_endproc
 263              	.LFE2:
 264              		.size	DataBus_Read, .-DataBus_Read
 265              		.section	.text.DataBus_ReadDataReg,"ax",%progbits
 266              		.align	2
 267              		.global	DataBus_ReadDataReg
 268              		.thumb
 269              		.thumb_func
 270              		.type	DataBus_ReadDataReg, %function
 271              	DataBus_ReadDataReg:
 272              	.LFB3:
  95:.\Generated_Source\PSoC5/DataBus.c **** 
  96:.\Generated_Source\PSoC5/DataBus.c **** 
  97:.\Generated_Source\PSoC5/DataBus.c **** /*******************************************************************************
  98:.\Generated_Source\PSoC5/DataBus.c **** * Function Name: DataBus_ReadDataReg
  99:.\Generated_Source\PSoC5/DataBus.c **** ********************************************************************************
 100:.\Generated_Source\PSoC5/DataBus.c **** *
 101:.\Generated_Source\PSoC5/DataBus.c **** * Summary:
 102:.\Generated_Source\PSoC5/DataBus.c **** *  Read the current value assigned to a Digital Port's data output register
 103:.\Generated_Source\PSoC5/DataBus.c **** *
 104:.\Generated_Source\PSoC5/DataBus.c **** * Parameters:  
 105:.\Generated_Source\PSoC5/DataBus.c **** *  None 
 106:.\Generated_Source\PSoC5/DataBus.c **** *
 107:.\Generated_Source\PSoC5/DataBus.c **** * Return: 
 108:.\Generated_Source\PSoC5/DataBus.c **** *  Returns the current value assigned to the Digital Port's data output register
 109:.\Generated_Source\PSoC5/DataBus.c **** *  
 110:.\Generated_Source\PSoC5/DataBus.c **** *******************************************************************************/
 111:.\Generated_Source\PSoC5/DataBus.c **** uint8 DataBus_ReadDataReg(void) 
 112:.\Generated_Source\PSoC5/DataBus.c **** {
 273              		.loc 1 112 0
 274              		.cfi_startproc
 275              		@ args = 0, pretend = 0, frame = 0
 276              		@ frame_needed = 1, uses_anonymous_args = 0
 277              		@ link register save eliminated.
 278 0000 80B4     		push	{r7}
 279              	.LCFI8:
 280              		.cfi_def_cfa_offset 4
 281 0002 00AF     		add	r7, sp, #0
 282              		.cfi_offset 7, -4
 283              	.LCFI9:
ARM GAS  C:\Users\Craig\AppData\Local\Temp\ccOWaP18.s 			page 8


 284              		.cfi_def_cfa_register 7
 113:.\Generated_Source\PSoC5/DataBus.c ****     return (DataBus_DR & DataBus_MASK) >> DataBus_SHIFT;
 285              		.loc 1 113 0
 286 0004 45F24013 		movw	r3, #:lower16:1073762624
 287 0008 C4F20003 		movt	r3, #:upper16:1073762624
 288 000c 1B78     		ldrb	r3, [r3, #0]
 289 000e DBB2     		uxtb	r3, r3
 114:.\Generated_Source\PSoC5/DataBus.c **** }
 290              		.loc 1 114 0
 291 0010 1846     		mov	r0, r3
 292 0012 BD46     		mov	sp, r7
 293 0014 80BC     		pop	{r7}
 294 0016 7047     		bx	lr
 295              		.cfi_endproc
 296              	.LFE3:
 297              		.size	DataBus_ReadDataReg, .-DataBus_ReadDataReg
 298              		.text
 299              	.Letext0:
 300              		.section	.debug_loc,"",%progbits
 301              	.Ldebug_loc0:
 302              	.LLST0:
 303 0000 00000000 		.4byte	.LFB0
 304 0004 02000000 		.4byte	.LCFI0
 305 0008 0100     		.2byte	0x1
 306 000a 5D       		.byte	0x5d
 307 000b 02000000 		.4byte	.LCFI0
 308 000f 04000000 		.4byte	.LCFI1
 309 0013 0200     		.2byte	0x2
 310 0015 7D       		.byte	0x7d
 311 0016 04       		.sleb128 4
 312 0017 04000000 		.4byte	.LCFI1
 313 001b 06000000 		.4byte	.LCFI2
 314 001f 0200     		.2byte	0x2
 315 0021 7D       		.byte	0x7d
 316 0022 18       		.sleb128 24
 317 0023 06000000 		.4byte	.LCFI2
 318 0027 38000000 		.4byte	.LFE0
 319 002b 0200     		.2byte	0x2
 320 002d 77       		.byte	0x77
 321 002e 18       		.sleb128 24
 322 002f 00000000 		.4byte	0x0
 323 0033 00000000 		.4byte	0x0
 324              	.LLST1:
 325 0037 00000000 		.4byte	.LFB1
 326 003b 02000000 		.4byte	.LCFI3
 327 003f 0100     		.2byte	0x1
 328 0041 5D       		.byte	0x5d
 329 0042 02000000 		.4byte	.LCFI3
 330 0046 04000000 		.4byte	.LCFI4
 331 004a 0200     		.2byte	0x2
 332 004c 7D       		.byte	0x7d
 333 004d 04       		.sleb128 4
 334 004e 04000000 		.4byte	.LCFI4
 335 0052 06000000 		.4byte	.LCFI5
 336 0056 0200     		.2byte	0x2
 337 0058 7D       		.byte	0x7d
 338 0059 10       		.sleb128 16
ARM GAS  C:\Users\Craig\AppData\Local\Temp\ccOWaP18.s 			page 9


 339 005a 06000000 		.4byte	.LCFI5
 340 005e 74010000 		.4byte	.LFE1
 341 0062 0200     		.2byte	0x2
 342 0064 77       		.byte	0x77
 343 0065 10       		.sleb128 16
 344 0066 00000000 		.4byte	0x0
 345 006a 00000000 		.4byte	0x0
 346              	.LLST2:
 347 006e 00000000 		.4byte	.LFB2
 348 0072 02000000 		.4byte	.LCFI6
 349 0076 0100     		.2byte	0x1
 350 0078 5D       		.byte	0x5d
 351 0079 02000000 		.4byte	.LCFI6
 352 007d 04000000 		.4byte	.LCFI7
 353 0081 0200     		.2byte	0x2
 354 0083 7D       		.byte	0x7d
 355 0084 04       		.sleb128 4
 356 0085 04000000 		.4byte	.LCFI7
 357 0089 18000000 		.4byte	.LFE2
 358 008d 0200     		.2byte	0x2
 359 008f 77       		.byte	0x77
 360 0090 04       		.sleb128 4
 361 0091 00000000 		.4byte	0x0
 362 0095 00000000 		.4byte	0x0
 363              	.LLST3:
 364 0099 00000000 		.4byte	.LFB3
 365 009d 02000000 		.4byte	.LCFI8
 366 00a1 0100     		.2byte	0x1
 367 00a3 5D       		.byte	0x5d
 368 00a4 02000000 		.4byte	.LCFI8
 369 00a8 04000000 		.4byte	.LCFI9
 370 00ac 0200     		.2byte	0x2
 371 00ae 7D       		.byte	0x7d
 372 00af 04       		.sleb128 4
 373 00b0 04000000 		.4byte	.LCFI9
 374 00b4 18000000 		.4byte	.LFE3
 375 00b8 0200     		.2byte	0x2
 376 00ba 77       		.byte	0x77
 377 00bb 04       		.sleb128 4
 378 00bc 00000000 		.4byte	0x0
 379 00c0 00000000 		.4byte	0x0
 380              		.file 2 ".\\Generated_Source\\PSoC5\\/cytypes.h"
 381              		.section	.debug_info
 382 0000 1C010000 		.4byte	0x11c
 383 0004 0200     		.2byte	0x2
 384 0006 00000000 		.4byte	.Ldebug_abbrev0
 385 000a 04       		.byte	0x4
 386 000b 01       		.uleb128 0x1
 387 000c 27010000 		.4byte	.LASF18
 388 0010 01       		.byte	0x1
 389 0011 0E000000 		.4byte	.LASF19
 390 0015 CD000000 		.4byte	.LASF20
 391 0019 00000000 		.4byte	0x0
 392 001d 00000000 		.4byte	0x0
 393 0021 00000000 		.4byte	.Ldebug_ranges0+0x0
 394 0025 00000000 		.4byte	.Ldebug_line0
 395 0029 02       		.uleb128 0x2
ARM GAS  C:\Users\Craig\AppData\Local\Temp\ccOWaP18.s 			page 10


 396 002a 01       		.byte	0x1
 397 002b 06       		.byte	0x6
 398 002c 5F010000 		.4byte	.LASF0
 399 0030 02       		.uleb128 0x2
 400 0031 01       		.byte	0x1
 401 0032 08       		.byte	0x8
 402 0033 48000000 		.4byte	.LASF1
 403 0037 02       		.uleb128 0x2
 404 0038 02       		.byte	0x2
 405 0039 05       		.byte	0x5
 406 003a 38010000 		.4byte	.LASF2
 407 003e 02       		.uleb128 0x2
 408 003f 02       		.byte	0x2
 409 0040 07       		.byte	0x7
 410 0041 68000000 		.4byte	.LASF3
 411 0045 02       		.uleb128 0x2
 412 0046 04       		.byte	0x4
 413 0047 05       		.byte	0x5
 414 0048 48010000 		.4byte	.LASF4
 415 004c 02       		.uleb128 0x2
 416 004d 04       		.byte	0x4
 417 004e 07       		.byte	0x7
 418 004f 56000000 		.4byte	.LASF5
 419 0053 02       		.uleb128 0x2
 420 0054 08       		.byte	0x8
 421 0055 05       		.byte	0x5
 422 0056 00000000 		.4byte	.LASF6
 423 005a 02       		.uleb128 0x2
 424 005b 08       		.byte	0x8
 425 005c 07       		.byte	0x7
 426 005d B1000000 		.4byte	.LASF7
 427 0061 03       		.uleb128 0x3
 428 0062 04       		.byte	0x4
 429 0063 05       		.byte	0x5
 430 0064 696E7400 		.ascii	"int\000"
 431 0068 02       		.uleb128 0x2
 432 0069 04       		.byte	0x4
 433 006a 07       		.byte	0x7
 434 006b 8F000000 		.4byte	.LASF8
 435 006f 04       		.uleb128 0x4
 436 0070 42010000 		.4byte	.LASF21
 437 0074 02       		.byte	0x2
 438 0075 4C       		.byte	0x4c
 439 0076 30000000 		.4byte	0x30
 440 007a 02       		.uleb128 0x2
 441 007b 04       		.byte	0x4
 442 007c 04       		.byte	0x4
 443 007d 42000000 		.4byte	.LASF9
 444 0081 02       		.uleb128 0x2
 445 0082 08       		.byte	0x8
 446 0083 04       		.byte	0x4
 447 0084 7B000000 		.4byte	.LASF10
 448 0088 02       		.uleb128 0x2
 449 0089 01       		.byte	0x1
 450 008a 08       		.byte	0x8
 451 008b 33010000 		.4byte	.LASF11
 452 008f 05       		.uleb128 0x5
ARM GAS  C:\Users\Craig\AppData\Local\Temp\ccOWaP18.s 			page 11


 453 0090 01       		.byte	0x1
 454 0091 51010000 		.4byte	.LASF12
 455 0095 01       		.byte	0x1
 456 0096 27       		.byte	0x27
 457 0097 01       		.byte	0x1
 458 0098 00000000 		.4byte	.LFB0
 459 009c 38000000 		.4byte	.LFE0
 460 00a0 00000000 		.4byte	.LLST0
 461 00a4 C5000000 		.4byte	0xc5
 462 00a8 06       		.uleb128 0x6
 463 00a9 31000000 		.4byte	.LASF14
 464 00ad 01       		.byte	0x1
 465 00ae 27       		.byte	0x27
 466 00af 6F000000 		.4byte	0x6f
 467 00b3 02       		.byte	0x2
 468 00b4 91       		.byte	0x91
 469 00b5 6F       		.sleb128 -17
 470 00b6 07       		.uleb128 0x7
 471 00b7 37000000 		.4byte	.LASF22
 472 00bb 01       		.byte	0x1
 473 00bc 29       		.byte	0x29
 474 00bd 6F000000 		.4byte	0x6f
 475 00c1 02       		.byte	0x2
 476 00c2 91       		.byte	0x91
 477 00c3 77       		.sleb128 -9
 478 00c4 00       		.byte	0x0
 479 00c5 05       		.uleb128 0x5
 480 00c6 01       		.byte	0x1
 481 00c7 9C000000 		.4byte	.LASF13
 482 00cb 01       		.byte	0x1
 483 00cc 3C       		.byte	0x3c
 484 00cd 01       		.byte	0x1
 485 00ce 00000000 		.4byte	.LFB1
 486 00d2 74010000 		.4byte	.LFE1
 487 00d6 37000000 		.4byte	.LLST1
 488 00da ED000000 		.4byte	0xed
 489 00de 06       		.uleb128 0x6
 490 00df C8000000 		.4byte	.LASF15
 491 00e3 01       		.byte	0x1
 492 00e4 3C       		.byte	0x3c
 493 00e5 6F000000 		.4byte	0x6f
 494 00e9 02       		.byte	0x2
 495 00ea 91       		.byte	0x91
 496 00eb 77       		.sleb128 -9
 497 00ec 00       		.byte	0x0
 498 00ed 08       		.uleb128 0x8
 499 00ee 01       		.byte	0x1
 500 00ef 82000000 		.4byte	.LASF16
 501 00f3 01       		.byte	0x1
 502 00f4 5B       		.byte	0x5b
 503 00f5 01       		.byte	0x1
 504 00f6 6F000000 		.4byte	0x6f
 505 00fa 00000000 		.4byte	.LFB2
 506 00fe 18000000 		.4byte	.LFE2
 507 0102 6E000000 		.4byte	.LLST2
 508 0106 08       		.uleb128 0x8
 509 0107 01       		.byte	0x1
ARM GAS  C:\Users\Craig\AppData\Local\Temp\ccOWaP18.s 			page 12


 510 0108 13010000 		.4byte	.LASF17
 511 010c 01       		.byte	0x1
 512 010d 6F       		.byte	0x6f
 513 010e 01       		.byte	0x1
 514 010f 6F000000 		.4byte	0x6f
 515 0113 00000000 		.4byte	.LFB3
 516 0117 18000000 		.4byte	.LFE3
 517 011b 99000000 		.4byte	.LLST3
 518 011f 00       		.byte	0x0
 519              		.section	.debug_abbrev
 520 0000 01       		.uleb128 0x1
 521 0001 11       		.uleb128 0x11
 522 0002 01       		.byte	0x1
 523 0003 25       		.uleb128 0x25
 524 0004 0E       		.uleb128 0xe
 525 0005 13       		.uleb128 0x13
 526 0006 0B       		.uleb128 0xb
 527 0007 03       		.uleb128 0x3
 528 0008 0E       		.uleb128 0xe
 529 0009 1B       		.uleb128 0x1b
 530 000a 0E       		.uleb128 0xe
 531 000b 11       		.uleb128 0x11
 532 000c 01       		.uleb128 0x1
 533 000d 52       		.uleb128 0x52
 534 000e 01       		.uleb128 0x1
 535 000f 55       		.uleb128 0x55
 536 0010 06       		.uleb128 0x6
 537 0011 10       		.uleb128 0x10
 538 0012 06       		.uleb128 0x6
 539 0013 00       		.byte	0x0
 540 0014 00       		.byte	0x0
 541 0015 02       		.uleb128 0x2
 542 0016 24       		.uleb128 0x24
 543 0017 00       		.byte	0x0
 544 0018 0B       		.uleb128 0xb
 545 0019 0B       		.uleb128 0xb
 546 001a 3E       		.uleb128 0x3e
 547 001b 0B       		.uleb128 0xb
 548 001c 03       		.uleb128 0x3
 549 001d 0E       		.uleb128 0xe
 550 001e 00       		.byte	0x0
 551 001f 00       		.byte	0x0
 552 0020 03       		.uleb128 0x3
 553 0021 24       		.uleb128 0x24
 554 0022 00       		.byte	0x0
 555 0023 0B       		.uleb128 0xb
 556 0024 0B       		.uleb128 0xb
 557 0025 3E       		.uleb128 0x3e
 558 0026 0B       		.uleb128 0xb
 559 0027 03       		.uleb128 0x3
 560 0028 08       		.uleb128 0x8
 561 0029 00       		.byte	0x0
 562 002a 00       		.byte	0x0
 563 002b 04       		.uleb128 0x4
 564 002c 16       		.uleb128 0x16
 565 002d 00       		.byte	0x0
 566 002e 03       		.uleb128 0x3
ARM GAS  C:\Users\Craig\AppData\Local\Temp\ccOWaP18.s 			page 13


 567 002f 0E       		.uleb128 0xe
 568 0030 3A       		.uleb128 0x3a
 569 0031 0B       		.uleb128 0xb
 570 0032 3B       		.uleb128 0x3b
 571 0033 0B       		.uleb128 0xb
 572 0034 49       		.uleb128 0x49
 573 0035 13       		.uleb128 0x13
 574 0036 00       		.byte	0x0
 575 0037 00       		.byte	0x0
 576 0038 05       		.uleb128 0x5
 577 0039 2E       		.uleb128 0x2e
 578 003a 01       		.byte	0x1
 579 003b 3F       		.uleb128 0x3f
 580 003c 0C       		.uleb128 0xc
 581 003d 03       		.uleb128 0x3
 582 003e 0E       		.uleb128 0xe
 583 003f 3A       		.uleb128 0x3a
 584 0040 0B       		.uleb128 0xb
 585 0041 3B       		.uleb128 0x3b
 586 0042 0B       		.uleb128 0xb
 587 0043 27       		.uleb128 0x27
 588 0044 0C       		.uleb128 0xc
 589 0045 11       		.uleb128 0x11
 590 0046 01       		.uleb128 0x1
 591 0047 12       		.uleb128 0x12
 592 0048 01       		.uleb128 0x1
 593 0049 40       		.uleb128 0x40
 594 004a 06       		.uleb128 0x6
 595 004b 01       		.uleb128 0x1
 596 004c 13       		.uleb128 0x13
 597 004d 00       		.byte	0x0
 598 004e 00       		.byte	0x0
 599 004f 06       		.uleb128 0x6
 600 0050 05       		.uleb128 0x5
 601 0051 00       		.byte	0x0
 602 0052 03       		.uleb128 0x3
 603 0053 0E       		.uleb128 0xe
 604 0054 3A       		.uleb128 0x3a
 605 0055 0B       		.uleb128 0xb
 606 0056 3B       		.uleb128 0x3b
 607 0057 0B       		.uleb128 0xb
 608 0058 49       		.uleb128 0x49
 609 0059 13       		.uleb128 0x13
 610 005a 02       		.uleb128 0x2
 611 005b 0A       		.uleb128 0xa
 612 005c 00       		.byte	0x0
 613 005d 00       		.byte	0x0
 614 005e 07       		.uleb128 0x7
 615 005f 34       		.uleb128 0x34
 616 0060 00       		.byte	0x0
 617 0061 03       		.uleb128 0x3
 618 0062 0E       		.uleb128 0xe
 619 0063 3A       		.uleb128 0x3a
 620 0064 0B       		.uleb128 0xb
 621 0065 3B       		.uleb128 0x3b
 622 0066 0B       		.uleb128 0xb
 623 0067 49       		.uleb128 0x49
ARM GAS  C:\Users\Craig\AppData\Local\Temp\ccOWaP18.s 			page 14


 624 0068 13       		.uleb128 0x13
 625 0069 02       		.uleb128 0x2
 626 006a 0A       		.uleb128 0xa
 627 006b 00       		.byte	0x0
 628 006c 00       		.byte	0x0
 629 006d 08       		.uleb128 0x8
 630 006e 2E       		.uleb128 0x2e
 631 006f 00       		.byte	0x0
 632 0070 3F       		.uleb128 0x3f
 633 0071 0C       		.uleb128 0xc
 634 0072 03       		.uleb128 0x3
 635 0073 0E       		.uleb128 0xe
 636 0074 3A       		.uleb128 0x3a
 637 0075 0B       		.uleb128 0xb
 638 0076 3B       		.uleb128 0x3b
 639 0077 0B       		.uleb128 0xb
 640 0078 27       		.uleb128 0x27
 641 0079 0C       		.uleb128 0xc
 642 007a 49       		.uleb128 0x49
 643 007b 13       		.uleb128 0x13
 644 007c 11       		.uleb128 0x11
 645 007d 01       		.uleb128 0x1
 646 007e 12       		.uleb128 0x12
 647 007f 01       		.uleb128 0x1
 648 0080 40       		.uleb128 0x40
 649 0081 06       		.uleb128 0x6
 650 0082 00       		.byte	0x0
 651 0083 00       		.byte	0x0
 652 0084 00       		.byte	0x0
 653              		.section	.debug_pubnames,"",%progbits
 654 0000 62000000 		.4byte	0x62
 655 0004 0200     		.2byte	0x2
 656 0006 00000000 		.4byte	.Ldebug_info0
 657 000a 20010000 		.4byte	0x120
 658 000e 8F000000 		.4byte	0x8f
 659 0012 44617461 		.ascii	"DataBus_Write\000"
 659      4275735F 
 659      57726974 
 659      6500
 660 0020 C5000000 		.4byte	0xc5
 661 0024 44617461 		.ascii	"DataBus_SetDriveMode\000"
 661      4275735F 
 661      53657444 
 661      72697665 
 661      4D6F6465 
 662 0039 ED000000 		.4byte	0xed
 663 003d 44617461 		.ascii	"DataBus_Read\000"
 663      4275735F 
 663      52656164 
 663      00
 664 004a 06010000 		.4byte	0x106
 665 004e 44617461 		.ascii	"DataBus_ReadDataReg\000"
 665      4275735F 
 665      52656164 
 665      44617461 
 665      52656700 
 666 0062 00000000 		.4byte	0x0
ARM GAS  C:\Users\Craig\AppData\Local\Temp\ccOWaP18.s 			page 15


 667              		.section	.debug_aranges,"",%progbits
 668 0000 34000000 		.4byte	0x34
 669 0004 0200     		.2byte	0x2
 670 0006 00000000 		.4byte	.Ldebug_info0
 671 000a 04       		.byte	0x4
 672 000b 00       		.byte	0x0
 673 000c 0000     		.2byte	0x0
 674 000e 0000     		.2byte	0x0
 675 0010 00000000 		.4byte	.LFB0
 676 0014 38000000 		.4byte	.LFE0-.LFB0
 677 0018 00000000 		.4byte	.LFB1
 678 001c 74010000 		.4byte	.LFE1-.LFB1
 679 0020 00000000 		.4byte	.LFB2
 680 0024 18000000 		.4byte	.LFE2-.LFB2
 681 0028 00000000 		.4byte	.LFB3
 682 002c 18000000 		.4byte	.LFE3-.LFB3
 683 0030 00000000 		.4byte	0x0
 684 0034 00000000 		.4byte	0x0
 685              		.section	.debug_ranges,"",%progbits
 686              	.Ldebug_ranges0:
 687 0000 00000000 		.4byte	.Ltext0
 688 0004 00000000 		.4byte	.Letext0
 689 0008 00000000 		.4byte	.LFB0
 690 000c 38000000 		.4byte	.LFE0
 691 0010 00000000 		.4byte	.LFB1
 692 0014 74010000 		.4byte	.LFE1
 693 0018 00000000 		.4byte	.LFB2
 694 001c 18000000 		.4byte	.LFE2
 695 0020 00000000 		.4byte	.LFB3
 696 0024 18000000 		.4byte	.LFE3
 697 0028 00000000 		.4byte	0x0
 698 002c 00000000 		.4byte	0x0
 699              		.section	.debug_str,"MS",%progbits,1
 700              	.LASF6:
 701 0000 6C6F6E67 		.ascii	"long long int\000"
 701      206C6F6E 
 701      6720696E 
 701      7400
 702              	.LASF19:
 703 000e 2E5C4765 		.ascii	".\\Generated_Source\\PSoC5\\DataBus.c\000"
 703      6E657261 
 703      7465645F 
 703      536F7572 
 703      63655C50 
 704              	.LASF14:
 705 0031 76616C75 		.ascii	"value\000"
 705      6500
 706              	.LASF22:
 707 0037 73746174 		.ascii	"staticBits\000"
 707      69634269 
 707      747300
 708              	.LASF9:
 709 0042 666C6F61 		.ascii	"float\000"
 709      7400
 710              	.LASF1:
 711 0048 756E7369 		.ascii	"unsigned char\000"
 711      676E6564 
ARM GAS  C:\Users\Craig\AppData\Local\Temp\ccOWaP18.s 			page 16


 711      20636861 
 711      7200
 712              	.LASF5:
 713 0056 6C6F6E67 		.ascii	"long unsigned int\000"
 713      20756E73 
 713      69676E65 
 713      6420696E 
 713      7400
 714              	.LASF3:
 715 0068 73686F72 		.ascii	"short unsigned int\000"
 715      7420756E 
 715      7369676E 
 715      65642069 
 715      6E7400
 716              	.LASF10:
 717 007b 646F7562 		.ascii	"double\000"
 717      6C6500
 718              	.LASF16:
 719 0082 44617461 		.ascii	"DataBus_Read\000"
 719      4275735F 
 719      52656164 
 719      00
 720              	.LASF8:
 721 008f 756E7369 		.ascii	"unsigned int\000"
 721      676E6564 
 721      20696E74 
 721      00
 722              	.LASF13:
 723 009c 44617461 		.ascii	"DataBus_SetDriveMode\000"
 723      4275735F 
 723      53657444 
 723      72697665 
 723      4D6F6465 
 724              	.LASF7:
 725 00b1 6C6F6E67 		.ascii	"long long unsigned int\000"
 725      206C6F6E 
 725      6720756E 
 725      7369676E 
 725      65642069 
 726              	.LASF15:
 727 00c8 6D6F6465 		.ascii	"mode\000"
 727      00
 728              	.LASF20:
 729 00cd 433A5C55 		.ascii	"C:\\Users\\Craig\\Dropbox\\6.115\\Final Project\\PS"
 729      73657273 
 729      5C437261 
 729      69675C44 
 729      726F7062 
 730 00fa 6F432057 		.ascii	"oC Work\\BitBanging.cydsn\000"
 730      6F726B5C 
 730      42697442 
 730      616E6769 
 730      6E672E63 
 731              	.LASF17:
 732 0113 44617461 		.ascii	"DataBus_ReadDataReg\000"
 732      4275735F 
 732      52656164 
ARM GAS  C:\Users\Craig\AppData\Local\Temp\ccOWaP18.s 			page 17


 732      44617461 
 732      52656700 
 733              	.LASF18:
 734 0127 474E5520 		.ascii	"GNU C 4.4.1\000"
 734      4320342E 
 734      342E3100 
 735              	.LASF11:
 736 0133 63686172 		.ascii	"char\000"
 736      00
 737              	.LASF2:
 738 0138 73686F72 		.ascii	"short int\000"
 738      7420696E 
 738      7400
 739              	.LASF21:
 740 0142 75696E74 		.ascii	"uint8\000"
 740      3800
 741              	.LASF4:
 742 0148 6C6F6E67 		.ascii	"long int\000"
 742      20696E74 
 742      00
 743              	.LASF12:
 744 0151 44617461 		.ascii	"DataBus_Write\000"
 744      4275735F 
 744      57726974 
 744      6500
 745              	.LASF0:
 746 015f 7369676E 		.ascii	"signed char\000"
 746      65642063 
 746      68617200 
 747              		.ident	"GCC: (Sourcery G++ Lite 2010q1-188) 4.4.1"
