ARM GAS  C:\Users\Craig\AppData\Local\Temp\ccCeBna2.s 			page 1


   1              		.syntax unified
   2              		.cpu cortex-m3
   3              		.fpu softvfp
   4              		.eabi_attribute 20, 1
   5              		.eabi_attribute 21, 1
   6              		.eabi_attribute 23, 3
   7              		.eabi_attribute 24, 1
   8              		.eabi_attribute 25, 1
   9              		.eabi_attribute 26, 1
  10              		.eabi_attribute 30, 6
  11              		.eabi_attribute 18, 4
  12              		.thumb
  13              		.file	"USB_cls.c"
  14              		.section	.debug_abbrev,"",%progbits
  15              	.Ldebug_abbrev0:
  16              		.section	.debug_info,"",%progbits
  17              	.Ldebug_info0:
  18              		.section	.debug_line,"",%progbits
  19              	.Ldebug_line0:
  20 0000 8A000000 		.text
  20      02006900 
  20      00000201 
  20      FB0E0D00 
  20      01010101 
  21              	.Ltext0:
  22              		.cfi_sections	.debug_frame
  23              		.section	.text.USB_DispatchClassRqst,"ax",%progbits
  24              		.align	2
  25              		.global	USB_DispatchClassRqst
  26              		.thumb
  27              		.thumb_func
  28              		.type	USB_DispatchClassRqst, %function
  29              	USB_DispatchClassRqst:
  30              	.LFB0:
  31              		.file 1 ".\\Generated_Source\\PSoC5\\USB_cls.c"
   1:.\Generated_Source\PSoC5/USB_cls.c **** /*******************************************************************************
   2:.\Generated_Source\PSoC5/USB_cls.c **** * File Name: USB_cls.c
   3:.\Generated_Source\PSoC5/USB_cls.c **** * Version 2.50
   4:.\Generated_Source\PSoC5/USB_cls.c **** *
   5:.\Generated_Source\PSoC5/USB_cls.c **** * Description:
   6:.\Generated_Source\PSoC5/USB_cls.c **** *  USB Class request handler.
   7:.\Generated_Source\PSoC5/USB_cls.c **** *
   8:.\Generated_Source\PSoC5/USB_cls.c **** * Note:
   9:.\Generated_Source\PSoC5/USB_cls.c **** *
  10:.\Generated_Source\PSoC5/USB_cls.c **** ********************************************************************************
  11:.\Generated_Source\PSoC5/USB_cls.c **** * Copyright 2008-2012, Cypress Semiconductor Corporation.  All rights reserved.
  12:.\Generated_Source\PSoC5/USB_cls.c **** * You may use this file only in accordance with the license, terms, conditions,
  13:.\Generated_Source\PSoC5/USB_cls.c **** * disclaimers, and limitations in the end user license agreement accompanying
  14:.\Generated_Source\PSoC5/USB_cls.c **** * the software package with which this file was provided.
  15:.\Generated_Source\PSoC5/USB_cls.c **** *******************************************************************************/
  16:.\Generated_Source\PSoC5/USB_cls.c **** 
  17:.\Generated_Source\PSoC5/USB_cls.c **** #include "USB.h"
  18:.\Generated_Source\PSoC5/USB_cls.c **** 
  19:.\Generated_Source\PSoC5/USB_cls.c **** #if(USB_EXTERN_CLS == USB_FALSE)
  20:.\Generated_Source\PSoC5/USB_cls.c **** 
  21:.\Generated_Source\PSoC5/USB_cls.c **** 
  22:.\Generated_Source\PSoC5/USB_cls.c **** /***************************************
ARM GAS  C:\Users\Craig\AppData\Local\Temp\ccCeBna2.s 			page 2


  23:.\Generated_Source\PSoC5/USB_cls.c **** * External references
  24:.\Generated_Source\PSoC5/USB_cls.c **** ***************************************/
  25:.\Generated_Source\PSoC5/USB_cls.c **** 
  26:.\Generated_Source\PSoC5/USB_cls.c **** #if defined(USB_ENABLE_HID_CLASS)
  27:.\Generated_Source\PSoC5/USB_cls.c ****     uint8 USB_DispatchHIDClassRqst(void);
  28:.\Generated_Source\PSoC5/USB_cls.c **** #endif /* End USB_ENABLE_HID_CLASS */
  29:.\Generated_Source\PSoC5/USB_cls.c **** #if defined(USB_ENABLE_AUDIO_CLASS)
  30:.\Generated_Source\PSoC5/USB_cls.c ****     uint8 USB_DispatchAUDIOClassRqst(void);
  31:.\Generated_Source\PSoC5/USB_cls.c **** #endif /* End USB_ENABLE_HID_CLASS */
  32:.\Generated_Source\PSoC5/USB_cls.c **** #if defined(USB_ENABLE_CDC_CLASS)
  33:.\Generated_Source\PSoC5/USB_cls.c ****     uint8 USB_DispatchCDCClassRqst(void);
  34:.\Generated_Source\PSoC5/USB_cls.c **** #endif /* End USB_ENABLE_CDC_CLASS */
  35:.\Generated_Source\PSoC5/USB_cls.c **** 
  36:.\Generated_Source\PSoC5/USB_cls.c **** extern uint8 CYCODE *USB_interfaceClass;
  37:.\Generated_Source\PSoC5/USB_cls.c **** extern volatile T_USB_EP_CTL_BLOCK USB_EP[];
  38:.\Generated_Source\PSoC5/USB_cls.c **** 
  39:.\Generated_Source\PSoC5/USB_cls.c **** 
  40:.\Generated_Source\PSoC5/USB_cls.c **** /***************************************
  41:.\Generated_Source\PSoC5/USB_cls.c **** * User Implemented Class Driver Declarations.
  42:.\Generated_Source\PSoC5/USB_cls.c **** ***************************************/
  43:.\Generated_Source\PSoC5/USB_cls.c **** /* `#START USER_DEFINED_CLASS_DECLARATIONS` Place your declaration here */
  44:.\Generated_Source\PSoC5/USB_cls.c **** 
  45:.\Generated_Source\PSoC5/USB_cls.c **** /* `#END` */
  46:.\Generated_Source\PSoC5/USB_cls.c **** 
  47:.\Generated_Source\PSoC5/USB_cls.c **** 
  48:.\Generated_Source\PSoC5/USB_cls.c **** /*******************************************************************************
  49:.\Generated_Source\PSoC5/USB_cls.c **** * Function Name: USB_DispatchClassRqst
  50:.\Generated_Source\PSoC5/USB_cls.c **** ********************************************************************************
  51:.\Generated_Source\PSoC5/USB_cls.c **** * Summary:
  52:.\Generated_Source\PSoC5/USB_cls.c **** *  This routine dispatches class specific requests depend on inteface class.
  53:.\Generated_Source\PSoC5/USB_cls.c **** *
  54:.\Generated_Source\PSoC5/USB_cls.c **** * Parameters:
  55:.\Generated_Source\PSoC5/USB_cls.c **** *  None.
  56:.\Generated_Source\PSoC5/USB_cls.c **** *
  57:.\Generated_Source\PSoC5/USB_cls.c **** * Return:
  58:.\Generated_Source\PSoC5/USB_cls.c **** *  requestHandled.
  59:.\Generated_Source\PSoC5/USB_cls.c **** *
  60:.\Generated_Source\PSoC5/USB_cls.c **** * Reentrant:
  61:.\Generated_Source\PSoC5/USB_cls.c **** *  No.
  62:.\Generated_Source\PSoC5/USB_cls.c **** *
  63:.\Generated_Source\PSoC5/USB_cls.c **** *******************************************************************************/
  64:.\Generated_Source\PSoC5/USB_cls.c **** uint8 USB_DispatchClassRqst() 
  65:.\Generated_Source\PSoC5/USB_cls.c **** {
  32              		.loc 1 65 0
  33              		.cfi_startproc
  34              		@ args = 0, pretend = 0, frame = 8
  35              		@ frame_needed = 1, uses_anonymous_args = 0
  36              		@ link register save eliminated.
  37 0000 80B4     		push	{r7}
  38              	.LCFI0:
  39              		.cfi_def_cfa_offset 4
  40 0002 83B0     		sub	sp, sp, #12
  41              	.LCFI1:
  42              		.cfi_def_cfa_offset 16
  43 0004 00AF     		add	r7, sp, #0
  44              		.cfi_offset 7, -4
  45              	.LCFI2:
ARM GAS  C:\Users\Craig\AppData\Local\Temp\ccCeBna2.s 			page 3


  46              		.cfi_def_cfa_register 7
  66:.\Generated_Source\PSoC5/USB_cls.c ****     uint8 requestHandled = USB_FALSE;
  47              		.loc 1 66 0
  48 0006 4FF00003 		mov	r3, #0
  49 000a BB71     		strb	r3, [r7, #6]
  67:.\Generated_Source\PSoC5/USB_cls.c ****     uint8 interfaceNumber = 0u;
  50              		.loc 1 67 0
  51 000c 4FF00003 		mov	r3, #0
  52 0010 FB71     		strb	r3, [r7, #7]
  68:.\Generated_Source\PSoC5/USB_cls.c **** 
  69:.\Generated_Source\PSoC5/USB_cls.c ****     switch(CY_GET_REG8(USB_bmRequestType) & USB_RQST_RCPT_MASK)
  53              		.loc 1 69 0
  54 0012 46F20003 		movw	r3, #:lower16:1073766400
  55 0016 C4F20003 		movt	r3, #:upper16:1073766400
  56 001a 1B78     		ldrb	r3, [r3, #0]
  57 001c DBB2     		uxtb	r3, r3
  58 001e 03F00303 		and	r3, r3, #3
  59 0022 012B     		cmp	r3, #1
  60 0024 02D0     		beq	.L3
  61 0026 022B     		cmp	r3, #2
  62 0028 07D0     		beq	.L4
  63 002a 1DE0     		b	.L2
  64              	.L3:
  70:.\Generated_Source\PSoC5/USB_cls.c ****     {
  71:.\Generated_Source\PSoC5/USB_cls.c ****         case USB_RQST_RCPT_IFC:        /* class-specific request directed to an interface */
  72:.\Generated_Source\PSoC5/USB_cls.c ****             interfaceNumber = CY_GET_REG8(USB_wIndexLo); /* wIndexLo contain Interface number */
  65              		.loc 1 72 0
  66 002c 46F20403 		movw	r3, #:lower16:1073766404
  67 0030 C4F20003 		movt	r3, #:upper16:1073766404
  68 0034 1B78     		ldrb	r3, [r3, #0]
  69 0036 FB71     		strb	r3, [r7, #7]
  73:.\Generated_Source\PSoC5/USB_cls.c ****             break;
  70              		.loc 1 73 0
  71 0038 16E0     		b	.L2
  72              	.L4:
  74:.\Generated_Source\PSoC5/USB_cls.c ****         case USB_RQST_RCPT_EP:         /* class-specific request directed to the endpoint */
  75:.\Generated_Source\PSoC5/USB_cls.c ****             /* find related intenface to the endpoint, wIndexLo contain EP number */
  76:.\Generated_Source\PSoC5/USB_cls.c ****             interfaceNumber =
  77:.\Generated_Source\PSoC5/USB_cls.c ****                 USB_EP[CY_GET_REG8(USB_wIndexLo) & USB_DIR_UNUSED].interface;
  73              		.loc 1 77 0
  74 003a 46F20403 		movw	r3, #:lower16:1073766404
  75 003e C4F20003 		movt	r3, #:upper16:1073766404
  76 0042 1B78     		ldrb	r3, [r3, #0]
  77 0044 DBB2     		uxtb	r3, r3
  78 0046 03F07F01 		and	r1, r3, #127
  79              		.loc 1 76 0
  80 004a 40F20002 		movw	r2, #:lower16:USB_EP
  81 004e C0F20002 		movt	r2, #:upper16:USB_EP
  82 0052 0B46     		mov	r3, r1
  83 0054 4FEA4303 		lsl	r3, r3, #1
  84 0058 0B44     		add	r3, r3, r1
  85 005a 4FEA8303 		lsl	r3, r3, #2
  86 005e 1344     		add	r3, r3, r2
  87 0060 03F10803 		add	r3, r3, #8
  88 0064 9B78     		ldrb	r3, [r3, #2]
  89 0066 FB71     		strb	r3, [r7, #7]
  90              	.L2:
ARM GAS  C:\Users\Craig\AppData\Local\Temp\ccCeBna2.s 			page 4


  78:.\Generated_Source\PSoC5/USB_cls.c ****             break;
  79:.\Generated_Source\PSoC5/USB_cls.c ****         default:    /* requestHandled is initialized as FALSE by default */
  80:.\Generated_Source\PSoC5/USB_cls.c ****             break;
  81:.\Generated_Source\PSoC5/USB_cls.c ****     }
  82:.\Generated_Source\PSoC5/USB_cls.c ****     /* Handle Class request depend on interface type */
  83:.\Generated_Source\PSoC5/USB_cls.c ****     switch(USB_interfaceClass[interfaceNumber])
  84:.\Generated_Source\PSoC5/USB_cls.c ****     {
  85:.\Generated_Source\PSoC5/USB_cls.c ****         case USB_CLASS_HID:
  86:.\Generated_Source\PSoC5/USB_cls.c ****             #if defined(USB_ENABLE_HID_CLASS)
  87:.\Generated_Source\PSoC5/USB_cls.c ****                 requestHandled = USB_DispatchHIDClassRqst();
  88:.\Generated_Source\PSoC5/USB_cls.c ****             #endif /* USB_ENABLE_HID_CLASS */
  89:.\Generated_Source\PSoC5/USB_cls.c ****             break;
  90:.\Generated_Source\PSoC5/USB_cls.c ****         case USB_CLASS_AUDIO:
  91:.\Generated_Source\PSoC5/USB_cls.c ****             #if defined(USB_ENABLE_AUDIO_CLASS)
  92:.\Generated_Source\PSoC5/USB_cls.c ****                 requestHandled = USB_DispatchAUDIOClassRqst();
  93:.\Generated_Source\PSoC5/USB_cls.c ****             #endif /* USB_ENABLE_HID_CLASS */
  94:.\Generated_Source\PSoC5/USB_cls.c ****             break;
  95:.\Generated_Source\PSoC5/USB_cls.c ****         case USB_CLASS_CDC:
  96:.\Generated_Source\PSoC5/USB_cls.c ****             #if defined(USB_ENABLE_CDC_CLASS)
  97:.\Generated_Source\PSoC5/USB_cls.c ****                 requestHandled = USB_DispatchCDCClassRqst();
  98:.\Generated_Source\PSoC5/USB_cls.c ****             #endif /* USB_ENABLE_CDC_CLASS */
  99:.\Generated_Source\PSoC5/USB_cls.c ****             break;
 100:.\Generated_Source\PSoC5/USB_cls.c ****         default:    /* requestHandled is initialezed as FALSE by default */
 101:.\Generated_Source\PSoC5/USB_cls.c ****             break;
 102:.\Generated_Source\PSoC5/USB_cls.c ****     }
 103:.\Generated_Source\PSoC5/USB_cls.c **** 
 104:.\Generated_Source\PSoC5/USB_cls.c ****     /* `#START USER_DEFINED_CLASS_CODE` Place your Class request here */
 105:.\Generated_Source\PSoC5/USB_cls.c **** 
 106:.\Generated_Source\PSoC5/USB_cls.c ****     /* `#END` */
 107:.\Generated_Source\PSoC5/USB_cls.c **** 
 108:.\Generated_Source\PSoC5/USB_cls.c ****     return(requestHandled);
  91              		.loc 1 108 0
  92 0068 BB79     		ldrb	r3, [r7, #6]	@ zero_extendqisi2
 109:.\Generated_Source\PSoC5/USB_cls.c **** }
  93              		.loc 1 109 0
  94 006a 1846     		mov	r0, r3
  95 006c 07F10C07 		add	r7, r7, #12
  96 0070 BD46     		mov	sp, r7
  97 0072 80BC     		pop	{r7}
  98 0074 7047     		bx	lr
  99              		.cfi_endproc
 100              	.LFE0:
 101              		.size	USB_DispatchClassRqst, .-USB_DispatchClassRqst
 102 0076 00BF     		.text
 103              	.Letext0:
 104              		.section	.debug_loc,"",%progbits
 105              	.Ldebug_loc0:
 106              	.LLST0:
 107 0000 00000000 		.4byte	.LFB0
 108 0004 02000000 		.4byte	.LCFI0
 109 0008 0100     		.2byte	0x1
 110 000a 5D       		.byte	0x5d
 111 000b 02000000 		.4byte	.LCFI0
 112 000f 04000000 		.4byte	.LCFI1
 113 0013 0200     		.2byte	0x2
 114 0015 7D       		.byte	0x7d
 115 0016 04       		.sleb128 4
ARM GAS  C:\Users\Craig\AppData\Local\Temp\ccCeBna2.s 			page 5


 116 0017 04000000 		.4byte	.LCFI1
 117 001b 06000000 		.4byte	.LCFI2
 118 001f 0200     		.2byte	0x2
 119 0021 7D       		.byte	0x7d
 120 0022 10       		.sleb128 16
 121 0023 06000000 		.4byte	.LCFI2
 122 0027 76000000 		.4byte	.LFE0
 123 002b 0200     		.2byte	0x2
 124 002d 77       		.byte	0x77
 125 002e 10       		.sleb128 16
 126 002f 00000000 		.4byte	0x0
 127 0033 00000000 		.4byte	0x0
 128              		.file 2 ".\\Generated_Source\\PSoC5\\/cytypes.h"
 129              		.file 3 ".\\Generated_Source\\PSoC5\\/USB.h"
 130              		.section	.debug_info
 131 0000 99010000 		.4byte	0x199
 132 0004 0200     		.2byte	0x2
 133 0006 00000000 		.4byte	.Ldebug_abbrev0
 134 000a 04       		.byte	0x4
 135 000b 01       		.uleb128 0x1
 136 000c 67010000 		.4byte	.LASF28
 137 0010 01       		.byte	0x1
 138 0011 54000000 		.4byte	.LASF29
 139 0015 0A010000 		.4byte	.LASF30
 140 0019 00000000 		.4byte	0x0
 141 001d 00000000 		.4byte	0x0
 142 0021 00000000 		.4byte	.Ldebug_ranges0+0x0
 143 0025 00000000 		.4byte	.Ldebug_line0
 144 0029 02       		.uleb128 0x2
 145 002a 01       		.byte	0x1
 146 002b 06       		.byte	0x6
 147 002c CF010000 		.4byte	.LASF0
 148 0030 02       		.uleb128 0x2
 149 0031 01       		.byte	0x1
 150 0032 08       		.byte	0x8
 151 0033 46000000 		.4byte	.LASF1
 152 0037 02       		.uleb128 0x2
 153 0038 02       		.byte	0x2
 154 0039 05       		.byte	0x5
 155 003a 99010000 		.4byte	.LASF2
 156 003e 02       		.uleb128 0x2
 157 003f 02       		.byte	0x2
 158 0040 07       		.byte	0x7
 159 0041 0E000000 		.4byte	.LASF3
 160 0045 02       		.uleb128 0x2
 161 0046 04       		.byte	0x4
 162 0047 05       		.byte	0x5
 163 0048 B3010000 		.4byte	.LASF4
 164 004c 02       		.uleb128 0x2
 165 004d 04       		.byte	0x4
 166 004e 07       		.byte	0x7
 167 004f 77000000 		.4byte	.LASF5
 168 0053 02       		.uleb128 0x2
 169 0054 08       		.byte	0x8
 170 0055 05       		.byte	0x5
 171 0056 00000000 		.4byte	.LASF6
 172 005a 02       		.uleb128 0x2
ARM GAS  C:\Users\Craig\AppData\Local\Temp\ccCeBna2.s 			page 6


 173 005b 08       		.byte	0x8
 174 005c 07       		.byte	0x7
 175 005d D6000000 		.4byte	.LASF7
 176 0061 03       		.uleb128 0x3
 177 0062 04       		.byte	0x4
 178 0063 05       		.byte	0x5
 179 0064 696E7400 		.ascii	"int\000"
 180 0068 02       		.uleb128 0x2
 181 0069 04       		.byte	0x4
 182 006a 07       		.byte	0x7
 183 006b C9000000 		.4byte	.LASF8
 184 006f 04       		.uleb128 0x4
 185 0070 A3010000 		.4byte	.LASF9
 186 0074 02       		.byte	0x2
 187 0075 4C       		.byte	0x4c
 188 0076 30000000 		.4byte	0x30
 189 007a 04       		.uleb128 0x4
 190 007b B7000000 		.4byte	.LASF10
 191 007f 02       		.byte	0x2
 192 0080 4D       		.byte	0x4d
 193 0081 3E000000 		.4byte	0x3e
 194 0085 02       		.uleb128 0x2
 195 0086 04       		.byte	0x4
 196 0087 04       		.byte	0x4
 197 0088 37000000 		.4byte	.LASF11
 198 008c 02       		.uleb128 0x2
 199 008d 08       		.byte	0x8
 200 008e 04       		.byte	0x4
 201 008f 9E000000 		.4byte	.LASF12
 202 0093 02       		.uleb128 0x2
 203 0094 01       		.byte	0x1
 204 0095 08       		.byte	0x8
 205 0096 73010000 		.4byte	.LASF13
 206 009a 05       		.uleb128 0x5
 207 009b 04       		.byte	0x4
 208 009c 07       		.byte	0x7
 209 009d 06       		.uleb128 0x6
 210 009e 50010000 		.4byte	.LASF31
 211 00a2 0C       		.byte	0xc
 212 00a3 03       		.byte	0x3
 213 00a4 70       		.byte	0x70
 214 00a5 28010000 		.4byte	0x128
 215 00a9 07       		.uleb128 0x7
 216 00aa A5000000 		.4byte	.LASF14
 217 00ae 03       		.byte	0x3
 218 00af 71       		.byte	0x71
 219 00b0 6F000000 		.4byte	0x6f
 220 00b4 02       		.byte	0x2
 221 00b5 23       		.byte	0x23
 222 00b6 00       		.uleb128 0x0
 223 00b7 07       		.uleb128 0x7
 224 00b8 BE000000 		.4byte	.LASF15
 225 00bc 03       		.byte	0x3
 226 00bd 72       		.byte	0x72
 227 00be 6F000000 		.4byte	0x6f
 228 00c2 02       		.byte	0x2
 229 00c3 23       		.byte	0x23
ARM GAS  C:\Users\Craig\AppData\Local\Temp\ccCeBna2.s 			page 7


 230 00c4 01       		.uleb128 0x1
 231 00c5 07       		.uleb128 0x7
 232 00c6 ED000000 		.4byte	.LASF16
 233 00ca 03       		.byte	0x3
 234 00cb 73       		.byte	0x73
 235 00cc 6F000000 		.4byte	0x6f
 236 00d0 02       		.byte	0x2
 237 00d1 23       		.byte	0x23
 238 00d2 02       		.uleb128 0x2
 239 00d3 07       		.uleb128 0x7
 240 00d4 3D000000 		.4byte	.LASF17
 241 00d8 03       		.byte	0x3
 242 00d9 74       		.byte	0x74
 243 00da 6F000000 		.4byte	0x6f
 244 00de 02       		.byte	0x2
 245 00df 23       		.byte	0x23
 246 00e0 03       		.uleb128 0x3
 247 00e1 07       		.uleb128 0x7
 248 00e2 89000000 		.4byte	.LASF18
 249 00e6 03       		.byte	0x3
 250 00e7 75       		.byte	0x75
 251 00e8 6F000000 		.4byte	0x6f
 252 00ec 02       		.byte	0x2
 253 00ed 23       		.byte	0x23
 254 00ee 04       		.uleb128 0x4
 255 00ef 07       		.uleb128 0x7
 256 00f0 60010000 		.4byte	.LASF19
 257 00f4 03       		.byte	0x3
 258 00f5 76       		.byte	0x76
 259 00f6 6F000000 		.4byte	0x6f
 260 00fa 02       		.byte	0x2
 261 00fb 23       		.byte	0x23
 262 00fc 05       		.uleb128 0x5
 263 00fd 07       		.uleb128 0x7
 264 00fe AC000000 		.4byte	.LASF20
 265 0102 03       		.byte	0x3
 266 0103 77       		.byte	0x77
 267 0104 7A000000 		.4byte	0x7a
 268 0108 02       		.byte	0x2
 269 0109 23       		.byte	0x23
 270 010a 06       		.uleb128 0x6
 271 010b 07       		.uleb128 0x7
 272 010c 8E010000 		.4byte	.LASF21
 273 0110 03       		.byte	0x3
 274 0111 78       		.byte	0x78
 275 0112 7A000000 		.4byte	0x7a
 276 0116 02       		.byte	0x2
 277 0117 23       		.byte	0x23
 278 0118 08       		.uleb128 0x8
 279 0119 07       		.uleb128 0x7
 280 011a A9010000 		.4byte	.LASF22
 281 011e 03       		.byte	0x3
 282 011f 79       		.byte	0x79
 283 0120 6F000000 		.4byte	0x6f
 284 0124 02       		.byte	0x2
 285 0125 23       		.byte	0x23
 286 0126 0A       		.uleb128 0xa
ARM GAS  C:\Users\Craig\AppData\Local\Temp\ccCeBna2.s 			page 8


 287 0127 00       		.byte	0x0
 288 0128 04       		.uleb128 0x4
 289 0129 BC010000 		.4byte	.LASF23
 290 012d 03       		.byte	0x3
 291 012e 7A       		.byte	0x7a
 292 012f 9D000000 		.4byte	0x9d
 293 0133 08       		.uleb128 0x8
 294 0134 01       		.byte	0x1
 295 0135 78010000 		.4byte	.LASF32
 296 0139 01       		.byte	0x1
 297 013a 40       		.byte	0x40
 298 013b 6F000000 		.4byte	0x6f
 299 013f 00000000 		.4byte	.LFB0
 300 0143 76000000 		.4byte	.LFE0
 301 0147 00000000 		.4byte	.LLST0
 302 014b 6C010000 		.4byte	0x16c
 303 014f 09       		.uleb128 0x9
 304 0150 28000000 		.4byte	.LASF24
 305 0154 01       		.byte	0x1
 306 0155 42       		.byte	0x42
 307 0156 6F000000 		.4byte	0x6f
 308 015a 02       		.byte	0x2
 309 015b 91       		.byte	0x91
 310 015c 76       		.sleb128 -10
 311 015d 09       		.uleb128 0x9
 312 015e 8E000000 		.4byte	.LASF25
 313 0162 01       		.byte	0x1
 314 0163 43       		.byte	0x43
 315 0164 6F000000 		.4byte	0x6f
 316 0168 02       		.byte	0x2
 317 0169 91       		.byte	0x91
 318 016a 77       		.sleb128 -9
 319 016b 00       		.byte	0x0
 320 016c 0A       		.uleb128 0xa
 321 016d F7000000 		.4byte	.LASF26
 322 0171 01       		.byte	0x1
 323 0172 24       		.byte	0x24
 324 0173 79010000 		.4byte	0x179
 325 0177 01       		.byte	0x1
 326 0178 01       		.byte	0x1
 327 0179 0B       		.uleb128 0xb
 328 017a 04       		.byte	0x4
 329 017b 6F000000 		.4byte	0x6f
 330 017f 0C       		.uleb128 0xc
 331 0180 28010000 		.4byte	0x128
 332 0184 8A010000 		.4byte	0x18a
 333 0188 0D       		.uleb128 0xd
 334 0189 00       		.byte	0x0
 335 018a 0A       		.uleb128 0xa
 336 018b 21000000 		.4byte	.LASF27
 337 018f 01       		.byte	0x1
 338 0190 25       		.byte	0x25
 339 0191 97010000 		.4byte	0x197
 340 0195 01       		.byte	0x1
 341 0196 01       		.byte	0x1
 342 0197 0E       		.uleb128 0xe
 343 0198 7F010000 		.4byte	0x17f
ARM GAS  C:\Users\Craig\AppData\Local\Temp\ccCeBna2.s 			page 9


 344 019c 00       		.byte	0x0
 345              		.section	.debug_abbrev
 346 0000 01       		.uleb128 0x1
 347 0001 11       		.uleb128 0x11
 348 0002 01       		.byte	0x1
 349 0003 25       		.uleb128 0x25
 350 0004 0E       		.uleb128 0xe
 351 0005 13       		.uleb128 0x13
 352 0006 0B       		.uleb128 0xb
 353 0007 03       		.uleb128 0x3
 354 0008 0E       		.uleb128 0xe
 355 0009 1B       		.uleb128 0x1b
 356 000a 0E       		.uleb128 0xe
 357 000b 11       		.uleb128 0x11
 358 000c 01       		.uleb128 0x1
 359 000d 52       		.uleb128 0x52
 360 000e 01       		.uleb128 0x1
 361 000f 55       		.uleb128 0x55
 362 0010 06       		.uleb128 0x6
 363 0011 10       		.uleb128 0x10
 364 0012 06       		.uleb128 0x6
 365 0013 00       		.byte	0x0
 366 0014 00       		.byte	0x0
 367 0015 02       		.uleb128 0x2
 368 0016 24       		.uleb128 0x24
 369 0017 00       		.byte	0x0
 370 0018 0B       		.uleb128 0xb
 371 0019 0B       		.uleb128 0xb
 372 001a 3E       		.uleb128 0x3e
 373 001b 0B       		.uleb128 0xb
 374 001c 03       		.uleb128 0x3
 375 001d 0E       		.uleb128 0xe
 376 001e 00       		.byte	0x0
 377 001f 00       		.byte	0x0
 378 0020 03       		.uleb128 0x3
 379 0021 24       		.uleb128 0x24
 380 0022 00       		.byte	0x0
 381 0023 0B       		.uleb128 0xb
 382 0024 0B       		.uleb128 0xb
 383 0025 3E       		.uleb128 0x3e
 384 0026 0B       		.uleb128 0xb
 385 0027 03       		.uleb128 0x3
 386 0028 08       		.uleb128 0x8
 387 0029 00       		.byte	0x0
 388 002a 00       		.byte	0x0
 389 002b 04       		.uleb128 0x4
 390 002c 16       		.uleb128 0x16
 391 002d 00       		.byte	0x0
 392 002e 03       		.uleb128 0x3
 393 002f 0E       		.uleb128 0xe
 394 0030 3A       		.uleb128 0x3a
 395 0031 0B       		.uleb128 0xb
 396 0032 3B       		.uleb128 0x3b
 397 0033 0B       		.uleb128 0xb
 398 0034 49       		.uleb128 0x49
 399 0035 13       		.uleb128 0x13
 400 0036 00       		.byte	0x0
ARM GAS  C:\Users\Craig\AppData\Local\Temp\ccCeBna2.s 			page 10


 401 0037 00       		.byte	0x0
 402 0038 05       		.uleb128 0x5
 403 0039 24       		.uleb128 0x24
 404 003a 00       		.byte	0x0
 405 003b 0B       		.uleb128 0xb
 406 003c 0B       		.uleb128 0xb
 407 003d 3E       		.uleb128 0x3e
 408 003e 0B       		.uleb128 0xb
 409 003f 00       		.byte	0x0
 410 0040 00       		.byte	0x0
 411 0041 06       		.uleb128 0x6
 412 0042 13       		.uleb128 0x13
 413 0043 01       		.byte	0x1
 414 0044 03       		.uleb128 0x3
 415 0045 0E       		.uleb128 0xe
 416 0046 0B       		.uleb128 0xb
 417 0047 0B       		.uleb128 0xb
 418 0048 3A       		.uleb128 0x3a
 419 0049 0B       		.uleb128 0xb
 420 004a 3B       		.uleb128 0x3b
 421 004b 0B       		.uleb128 0xb
 422 004c 01       		.uleb128 0x1
 423 004d 13       		.uleb128 0x13
 424 004e 00       		.byte	0x0
 425 004f 00       		.byte	0x0
 426 0050 07       		.uleb128 0x7
 427 0051 0D       		.uleb128 0xd
 428 0052 00       		.byte	0x0
 429 0053 03       		.uleb128 0x3
 430 0054 0E       		.uleb128 0xe
 431 0055 3A       		.uleb128 0x3a
 432 0056 0B       		.uleb128 0xb
 433 0057 3B       		.uleb128 0x3b
 434 0058 0B       		.uleb128 0xb
 435 0059 49       		.uleb128 0x49
 436 005a 13       		.uleb128 0x13
 437 005b 38       		.uleb128 0x38
 438 005c 0A       		.uleb128 0xa
 439 005d 00       		.byte	0x0
 440 005e 00       		.byte	0x0
 441 005f 08       		.uleb128 0x8
 442 0060 2E       		.uleb128 0x2e
 443 0061 01       		.byte	0x1
 444 0062 3F       		.uleb128 0x3f
 445 0063 0C       		.uleb128 0xc
 446 0064 03       		.uleb128 0x3
 447 0065 0E       		.uleb128 0xe
 448 0066 3A       		.uleb128 0x3a
 449 0067 0B       		.uleb128 0xb
 450 0068 3B       		.uleb128 0x3b
 451 0069 0B       		.uleb128 0xb
 452 006a 49       		.uleb128 0x49
 453 006b 13       		.uleb128 0x13
 454 006c 11       		.uleb128 0x11
 455 006d 01       		.uleb128 0x1
 456 006e 12       		.uleb128 0x12
 457 006f 01       		.uleb128 0x1
ARM GAS  C:\Users\Craig\AppData\Local\Temp\ccCeBna2.s 			page 11


 458 0070 40       		.uleb128 0x40
 459 0071 06       		.uleb128 0x6
 460 0072 01       		.uleb128 0x1
 461 0073 13       		.uleb128 0x13
 462 0074 00       		.byte	0x0
 463 0075 00       		.byte	0x0
 464 0076 09       		.uleb128 0x9
 465 0077 34       		.uleb128 0x34
 466 0078 00       		.byte	0x0
 467 0079 03       		.uleb128 0x3
 468 007a 0E       		.uleb128 0xe
 469 007b 3A       		.uleb128 0x3a
 470 007c 0B       		.uleb128 0xb
 471 007d 3B       		.uleb128 0x3b
 472 007e 0B       		.uleb128 0xb
 473 007f 49       		.uleb128 0x49
 474 0080 13       		.uleb128 0x13
 475 0081 02       		.uleb128 0x2
 476 0082 0A       		.uleb128 0xa
 477 0083 00       		.byte	0x0
 478 0084 00       		.byte	0x0
 479 0085 0A       		.uleb128 0xa
 480 0086 34       		.uleb128 0x34
 481 0087 00       		.byte	0x0
 482 0088 03       		.uleb128 0x3
 483 0089 0E       		.uleb128 0xe
 484 008a 3A       		.uleb128 0x3a
 485 008b 0B       		.uleb128 0xb
 486 008c 3B       		.uleb128 0x3b
 487 008d 0B       		.uleb128 0xb
 488 008e 49       		.uleb128 0x49
 489 008f 13       		.uleb128 0x13
 490 0090 3F       		.uleb128 0x3f
 491 0091 0C       		.uleb128 0xc
 492 0092 3C       		.uleb128 0x3c
 493 0093 0C       		.uleb128 0xc
 494 0094 00       		.byte	0x0
 495 0095 00       		.byte	0x0
 496 0096 0B       		.uleb128 0xb
 497 0097 0F       		.uleb128 0xf
 498 0098 00       		.byte	0x0
 499 0099 0B       		.uleb128 0xb
 500 009a 0B       		.uleb128 0xb
 501 009b 49       		.uleb128 0x49
 502 009c 13       		.uleb128 0x13
 503 009d 00       		.byte	0x0
 504 009e 00       		.byte	0x0
 505 009f 0C       		.uleb128 0xc
 506 00a0 01       		.uleb128 0x1
 507 00a1 01       		.byte	0x1
 508 00a2 49       		.uleb128 0x49
 509 00a3 13       		.uleb128 0x13
 510 00a4 01       		.uleb128 0x1
 511 00a5 13       		.uleb128 0x13
 512 00a6 00       		.byte	0x0
 513 00a7 00       		.byte	0x0
 514 00a8 0D       		.uleb128 0xd
ARM GAS  C:\Users\Craig\AppData\Local\Temp\ccCeBna2.s 			page 12


 515 00a9 21       		.uleb128 0x21
 516 00aa 00       		.byte	0x0
 517 00ab 00       		.byte	0x0
 518 00ac 00       		.byte	0x0
 519 00ad 0E       		.uleb128 0xe
 520 00ae 35       		.uleb128 0x35
 521 00af 00       		.byte	0x0
 522 00b0 49       		.uleb128 0x49
 523 00b1 13       		.uleb128 0x13
 524 00b2 00       		.byte	0x0
 525 00b3 00       		.byte	0x0
 526 00b4 00       		.byte	0x0
 527              		.section	.debug_pubnames,"",%progbits
 528 0000 28000000 		.4byte	0x28
 529 0004 0200     		.2byte	0x2
 530 0006 00000000 		.4byte	.Ldebug_info0
 531 000a 9D010000 		.4byte	0x19d
 532 000e 33010000 		.4byte	0x133
 533 0012 5553425F 		.ascii	"USB_DispatchClassRqst\000"
 533      44697370 
 533      61746368 
 533      436C6173 
 533      73527173 
 534 0028 00000000 		.4byte	0x0
 535              		.section	.debug_aranges,"",%progbits
 536 0000 1C000000 		.4byte	0x1c
 537 0004 0200     		.2byte	0x2
 538 0006 00000000 		.4byte	.Ldebug_info0
 539 000a 04       		.byte	0x4
 540 000b 00       		.byte	0x0
 541 000c 0000     		.2byte	0x0
 542 000e 0000     		.2byte	0x0
 543 0010 00000000 		.4byte	.LFB0
 544 0014 76000000 		.4byte	.LFE0-.LFB0
 545 0018 00000000 		.4byte	0x0
 546 001c 00000000 		.4byte	0x0
 547              		.section	.debug_ranges,"",%progbits
 548              	.Ldebug_ranges0:
 549 0000 00000000 		.4byte	.Ltext0
 550 0004 00000000 		.4byte	.Letext0
 551 0008 00000000 		.4byte	.LFB0
 552 000c 76000000 		.4byte	.LFE0
 553 0010 00000000 		.4byte	0x0
 554 0014 00000000 		.4byte	0x0
 555              		.section	.debug_str,"MS",%progbits,1
 556              	.LASF6:
 557 0000 6C6F6E67 		.ascii	"long long int\000"
 557      206C6F6E 
 557      6720696E 
 557      7400
 558              	.LASF3:
 559 000e 73686F72 		.ascii	"short unsigned int\000"
 559      7420756E 
 559      7369676E 
 559      65642069 
 559      6E7400
 560              	.LASF27:
ARM GAS  C:\Users\Craig\AppData\Local\Temp\ccCeBna2.s 			page 13


 561 0021 5553425F 		.ascii	"USB_EP\000"
 561      455000
 562              	.LASF24:
 563 0028 72657175 		.ascii	"requestHandled\000"
 563      65737448 
 563      616E646C 
 563      656400
 564              	.LASF11:
 565 0037 666C6F61 		.ascii	"float\000"
 565      7400
 566              	.LASF17:
 567 003d 6570546F 		.ascii	"epToggle\000"
 567      67676C65 
 567      00
 568              	.LASF1:
 569 0046 756E7369 		.ascii	"unsigned char\000"
 569      676E6564 
 569      20636861 
 569      7200
 570              	.LASF29:
 571 0054 2E5C4765 		.ascii	".\\Generated_Source\\PSoC5\\USB_cls.c\000"
 571      6E657261 
 571      7465645F 
 571      536F7572 
 571      63655C50 
 572              	.LASF5:
 573 0077 6C6F6E67 		.ascii	"long unsigned int\000"
 573      20756E73 
 573      69676E65 
 573      6420696E 
 573      7400
 574              	.LASF18:
 575 0089 61646472 		.ascii	"addr\000"
 575      00
 576              	.LASF25:
 577 008e 696E7465 		.ascii	"interfaceNumber\000"
 577      72666163 
 577      654E756D 
 577      62657200 
 578              	.LASF12:
 579 009e 646F7562 		.ascii	"double\000"
 579      6C6500
 580              	.LASF14:
 581 00a5 61747472 		.ascii	"attrib\000"
 581      696200
 582              	.LASF20:
 583 00ac 62756666 		.ascii	"buffOffset\000"
 583      4F666673 
 583      657400
 584              	.LASF10:
 585 00b7 75696E74 		.ascii	"uint16\000"
 585      313600
 586              	.LASF15:
 587 00be 61706945 		.ascii	"apiEpState\000"
 587      70537461 
 587      746500
 588              	.LASF8:
ARM GAS  C:\Users\Craig\AppData\Local\Temp\ccCeBna2.s 			page 14


 589 00c9 756E7369 		.ascii	"unsigned int\000"
 589      676E6564 
 589      20696E74 
 589      00
 590              	.LASF7:
 591 00d6 6C6F6E67 		.ascii	"long long unsigned int\000"
 591      206C6F6E 
 591      6720756E 
 591      7369676E 
 591      65642069 
 592              	.LASF16:
 593 00ed 68774570 		.ascii	"hwEpState\000"
 593      53746174 
 593      6500
 594              	.LASF26:
 595 00f7 5553425F 		.ascii	"USB_interfaceClass\000"
 595      696E7465 
 595      72666163 
 595      65436C61 
 595      737300
 596              	.LASF30:
 597 010a 433A5C55 		.ascii	"C:\\Users\\Craig\\Dropbox\\6.115\\Final Project\\PS"
 597      73657273 
 597      5C437261 
 597      69675C44 
 597      726F7062 
 598 0137 6F432057 		.ascii	"oC Work\\BitBanging.cydsn\000"
 598      6F726B5C 
 598      42697442 
 598      616E6769 
 598      6E672E63 
 599              	.LASF31:
 600 0150 5F555342 		.ascii	"_USB_EpCtlBlock\000"
 600      5F457043 
 600      746C426C 
 600      6F636B00 
 601              	.LASF19:
 602 0160 65704D6F 		.ascii	"epMode\000"
 602      646500
 603              	.LASF28:
 604 0167 474E5520 		.ascii	"GNU C 4.4.1\000"
 604      4320342E 
 604      342E3100 
 605              	.LASF13:
 606 0173 63686172 		.ascii	"char\000"
 606      00
 607              	.LASF32:
 608 0178 5553425F 		.ascii	"USB_DispatchClassRqst\000"
 608      44697370 
 608      61746368 
 608      436C6173 
 608      73527173 
 609              	.LASF21:
 610 018e 62756666 		.ascii	"bufferSize\000"
 610      65725369 
 610      7A6500
 611              	.LASF2:
ARM GAS  C:\Users\Craig\AppData\Local\Temp\ccCeBna2.s 			page 15


 612 0199 73686F72 		.ascii	"short int\000"
 612      7420696E 
 612      7400
 613              	.LASF9:
 614 01a3 75696E74 		.ascii	"uint8\000"
 614      3800
 615              	.LASF22:
 616 01a9 696E7465 		.ascii	"interface\000"
 616      72666163 
 616      6500
 617              	.LASF4:
 618 01b3 6C6F6E67 		.ascii	"long int\000"
 618      20696E74 
 618      00
 619              	.LASF23:
 620 01bc 545F5553 		.ascii	"T_USB_EP_CTL_BLOCK\000"
 620      425F4550 
 620      5F43544C 
 620      5F424C4F 
 620      434B00
 621              	.LASF0:
 622 01cf 7369676E 		.ascii	"signed char\000"
 622      65642063 
 622      68617200 
 623              		.ident	"GCC: (Sourcery G++ Lite 2010q1-188) 4.4.1"
