ARM GAS  C:\Users\Craig\AppData\Local\Temp\cc2ZlpT9.s 			page 1


   1              		.syntax unified
   2              		.cpu cortex-m3
   3              		.fpu softvfp
   4              		.eabi_attribute 20, 1
   5              		.eabi_attribute 21, 1
   6              		.eabi_attribute 23, 3
   7              		.eabi_attribute 24, 1
   8              		.eabi_attribute 25, 1
   9              		.eabi_attribute 26, 1
  10              		.eabi_attribute 30, 6
  11              		.eabi_attribute 18, 4
  12              		.thumb
  13              		.file	"USB_descr.c"
  14              		.section	.debug_abbrev,"",%progbits
  15              	.Ldebug_abbrev0:
  16              		.section	.debug_info,"",%progbits
  17              	.Ldebug_info0:
  18              		.section	.debug_line,"",%progbits
  19              	.Ldebug_line0:
  20 0000 71000000 		.text
  20      02006B00 
  20      00000201 
  20      FB0E0D00 
  20      01010101 
  21              	.Ltext0:
  22              		.cfi_sections	.debug_frame
  23              		.global	USB_DEVICE0_DESCR
  24              		.section	.rodata
  25              		.align	2
  26              		.type	USB_DEVICE0_DESCR, %object
  27              		.size	USB_DEVICE0_DESCR, 18
  28              	USB_DEVICE0_DESCR:
  29 0000 12       		.byte	18
  30 0001 01       		.byte	1
  31 0002 00       		.byte	0
  32 0003 02       		.byte	2
  33 0004 FF       		.byte	-1
  34 0005 00       		.byte	0
  35 0006 00       		.byte	0
  36 0007 08       		.byte	8
  37 0008 B4       		.byte	-76
  38 0009 04       		.byte	4
  39 000a 10       		.byte	16
  40 000b 00       		.byte	0
  41 000c 00       		.byte	0
  42 000d 00       		.byte	0
  43 000e 01       		.byte	1
  44 000f 03       		.byte	3
  45 0010 00       		.byte	0
  46 0011 01       		.byte	1
  47              		.global	USB_DEVICE0_CONFIGURATION0_DESCR
  48 0012 0000     		.align	2
  49              		.type	USB_DEVICE0_CONFIGURATION0_DESCR, %object
  50              		.size	USB_DEVICE0_CONFIGURATION0_DESCR, 32
  51              	USB_DEVICE0_CONFIGURATION0_DESCR:
  52 0014 09       		.byte	9
  53 0015 02       		.byte	2
ARM GAS  C:\Users\Craig\AppData\Local\Temp\cc2ZlpT9.s 			page 2


  54 0016 20       		.byte	32
  55 0017 00       		.byte	0
  56 0018 01       		.byte	1
  57 0019 01       		.byte	1
  58 001a 00       		.byte	0
  59 001b 80       		.byte	-128
  60 001c 19       		.byte	25
  61 001d 09       		.byte	9
  62 001e 04       		.byte	4
  63 001f 00       		.byte	0
  64 0020 00       		.byte	0
  65 0021 02       		.byte	2
  66 0022 FF       		.byte	-1
  67 0023 00       		.byte	0
  68 0024 00       		.byte	0
  69 0025 00       		.byte	0
  70 0026 07       		.byte	7
  71 0027 05       		.byte	5
  72 0028 81       		.byte	-127
  73 0029 02       		.byte	2
  74 002a 40       		.byte	64
  75 002b 00       		.byte	0
  76 002c 01       		.byte	1
  77 002d 07       		.byte	7
  78 002e 05       		.byte	5
  79 002f 02       		.byte	2
  80 0030 02       		.byte	2
  81 0031 40       		.byte	64
  82 0032 00       		.byte	0
  83 0033 01       		.byte	1
  84              		.global	USB_STRING_DESCRIPTORS
  85              		.align	2
  86              		.type	USB_STRING_DESCRIPTORS, %object
  87              		.size	USB_STRING_DESCRIPTORS, 63
  88              	USB_STRING_DESCRIPTORS:
  89 0034 04       		.byte	4
  90 0035 03       		.byte	3
  91 0036 09       		.byte	9
  92 0037 04       		.byte	4
  93 0038 10       		.byte	16
  94 0039 03       		.byte	3
  95 003a 43       		.byte	67
  96 003b 00       		.byte	0
  97 003c 79       		.byte	121
  98 003d 00       		.byte	0
  99 003e 70       		.byte	112
 100 003f 00       		.byte	0
 101 0040 72       		.byte	114
 102 0041 00       		.byte	0
 103 0042 65       		.byte	101
 104 0043 00       		.byte	0
 105 0044 73       		.byte	115
 106 0045 00       		.byte	0
 107 0046 73       		.byte	115
 108 0047 00       		.byte	0
 109 0048 10       		.byte	16
 110 0049 03       		.byte	3
ARM GAS  C:\Users\Craig\AppData\Local\Temp\cc2ZlpT9.s 			page 3


 111 004a 42       		.byte	66
 112 004b 00       		.byte	0
 113 004c 69       		.byte	105
 114 004d 00       		.byte	0
 115 004e 74       		.byte	116
 116 004f 00       		.byte	0
 117 0050 42       		.byte	66
 118 0051 00       		.byte	0
 119 0052 61       		.byte	97
 120 0053 00       		.byte	0
 121 0054 6E       		.byte	110
 122 0055 00       		.byte	0
 123 0056 67       		.byte	103
 124 0057 00       		.byte	0
 125 0058 1A       		.byte	26
 126 0059 03       		.byte	3
 127 005a 42       		.byte	66
 128 005b 00       		.byte	0
 129 005c 75       		.byte	117
 130 005d 00       		.byte	0
 131 005e 6C       		.byte	108
 132 005f 00       		.byte	0
 133 0060 6B       		.byte	107
 134 0061 00       		.byte	0
 135 0062 20       		.byte	32
 136 0063 00       		.byte	0
 137 0064 45       		.byte	69
 138 0065 00       		.byte	0
 139 0066 78       		.byte	120
 140 0067 00       		.byte	0
 141 0068 61       		.byte	97
 142 0069 00       		.byte	0
 143 006a 6D       		.byte	109
 144 006b 00       		.byte	0
 145 006c 70       		.byte	112
 146 006d 00       		.byte	0
 147 006e 6C       		.byte	108
 148 006f 00       		.byte	0
 149 0070 65       		.byte	101
 150 0071 00       		.byte	0
 151 0072 00       		.byte	0
 152              		.global	USB_DEVICE0_CONFIGURATION0_EP_SETTINGS_TABLE
 153 0073 00       		.align	2
 154              		.type	USB_DEVICE0_CONFIGURATION0_EP_SETTINGS_TABLE, %object
 155              		.size	USB_DEVICE0_CONFIGURATION0_EP_SETTINGS_TABLE, 16
 156              	USB_DEVICE0_CONFIGURATION0_EP_SETTINGS_TABLE:
 157 0074 00       		.byte	0
 158 0075 00       		.byte	0
 159 0076 81       		.byte	-127
 160 0077 02       		.byte	2
 161 0078 4000     		.short	64
 162 007a FF       		.byte	-1
 163 007b 00       		.space	1
 164 007c 00       		.byte	0
 165 007d 00       		.byte	0
 166 007e 02       		.byte	2
 167 007f 02       		.byte	2
ARM GAS  C:\Users\Craig\AppData\Local\Temp\cc2ZlpT9.s 			page 4


 168 0080 4000     		.short	64
 169 0082 FF       		.byte	-1
 170 0083 00       		.space	1
 171              		.global	USB_DEVICE0_CONFIGURATION0_INTERFACE_CLASS
 172              		.align	2
 173              		.type	USB_DEVICE0_CONFIGURATION0_INTERFACE_CLASS, %object
 174              		.size	USB_DEVICE0_CONFIGURATION0_INTERFACE_CLASS, 1
 175              	USB_DEVICE0_CONFIGURATION0_INTERFACE_CLASS:
 176 0084 FF       		.byte	-1
 177              		.global	USB_DEVICE0_CONFIGURATION0_TABLE
 178 0085 000000   		.align	2
 179              		.type	USB_DEVICE0_CONFIGURATION0_TABLE, %object
 180              		.size	USB_DEVICE0_CONFIGURATION0_TABLE, 32
 181              	USB_DEVICE0_CONFIGURATION0_TABLE:
 182 0088 01       		.byte	1
 183 0089 000000   		.space	3
 184 008c 00000000 		.word	USB_DEVICE0_CONFIGURATION0_DESCR
 185 0090 02       		.byte	2
 186 0091 000000   		.space	3
 187 0094 00000000 		.word	USB_DEVICE0_CONFIGURATION0_EP_SETTINGS_TABLE
 188 0098 00       		.byte	0
 189 0099 000000   		.space	3
 190 009c 00000000 		.word	0
 191 00a0 00       		.byte	0
 192 00a1 000000   		.space	3
 193 00a4 00000000 		.word	USB_DEVICE0_CONFIGURATION0_INTERFACE_CLASS
 194              		.global	USB_DEVICE0_TABLE
 195              		.align	2
 196              		.type	USB_DEVICE0_TABLE, %object
 197              		.size	USB_DEVICE0_TABLE, 16
 198              	USB_DEVICE0_TABLE:
 199 00a8 01       		.byte	1
 200 00a9 000000   		.space	3
 201 00ac 00000000 		.word	USB_DEVICE0_DESCR
 202 00b0 01       		.byte	1
 203 00b1 000000   		.space	3
 204 00b4 00000000 		.word	USB_DEVICE0_CONFIGURATION0_TABLE
 205              		.global	USB_TABLE
 206              		.align	2
 207              		.type	USB_TABLE, %object
 208              		.size	USB_TABLE, 8
 209              	USB_TABLE:
 210 00b8 01       		.byte	1
 211 00b9 000000   		.space	3
 212 00bc 00000000 		.word	USB_DEVICE0_TABLE
 213              		.text
 214              	.Letext0:
 215              		.file 1 ".\\Generated_Source\\PSoC5\\/cytypes.h"
 216              		.file 2 ".\\Generated_Source\\PSoC5\\/USB.h"
 217              		.file 3 ".\\Generated_Source\\PSoC5\\USB_descr.c"
 218              		.section	.debug_info
 219 0000 6E020000 		.4byte	0x26e
 220 0004 0200     		.2byte	0x2
 221 0006 00000000 		.4byte	.Ldebug_abbrev0
 222 000a 04       		.byte	0x4
 223 000b 01       		.uleb128 0x1
 224 000c D6010000 		.4byte	.LASF33
ARM GAS  C:\Users\Craig\AppData\Local\Temp\cc2ZlpT9.s 			page 5


 225 0010 01       		.byte	0x1
 226 0011 3F020000 		.4byte	.LASF34
 227 0015 90010000 		.4byte	.LASF35
 228 0019 00000000 		.4byte	.Ltext0
 229 001d 00000000 		.4byte	.Letext0
 230 0021 00000000 		.4byte	.Ldebug_line0
 231 0025 02       		.uleb128 0x2
 232 0026 01       		.byte	0x1
 233 0027 06       		.byte	0x6
 234 0028 64020000 		.4byte	.LASF0
 235 002c 02       		.uleb128 0x2
 236 002d 01       		.byte	0x1
 237 002e 08       		.byte	0x8
 238 002f 9B000000 		.4byte	.LASF1
 239 0033 02       		.uleb128 0x2
 240 0034 02       		.byte	0x2
 241 0035 05       		.byte	0x5
 242 0036 F1010000 		.4byte	.LASF2
 243 003a 02       		.uleb128 0x2
 244 003b 02       		.byte	0x2
 245 003c 07       		.byte	0x7
 246 003d 23000000 		.4byte	.LASF3
 247 0041 02       		.uleb128 0x2
 248 0042 04       		.byte	0x4
 249 0043 05       		.byte	0x5
 250 0044 36020000 		.4byte	.LASF4
 251 0048 02       		.uleb128 0x2
 252 0049 04       		.byte	0x4
 253 004a 07       		.byte	0x7
 254 004b B4000000 		.4byte	.LASF5
 255 004f 02       		.uleb128 0x2
 256 0050 08       		.byte	0x8
 257 0051 05       		.byte	0x5
 258 0052 00000000 		.4byte	.LASF6
 259 0056 02       		.uleb128 0x2
 260 0057 08       		.byte	0x8
 261 0058 07       		.byte	0x7
 262 0059 69010000 		.4byte	.LASF7
 263 005d 03       		.uleb128 0x3
 264 005e 04       		.byte	0x4
 265 005f 05       		.byte	0x5
 266 0060 696E7400 		.ascii	"int\000"
 267 0064 02       		.uleb128 0x2
 268 0065 04       		.byte	0x4
 269 0066 07       		.byte	0x7
 270 0067 5C010000 		.4byte	.LASF8
 271 006b 04       		.uleb128 0x4
 272 006c FB010000 		.4byte	.LASF9
 273 0070 01       		.byte	0x1
 274 0071 4C       		.byte	0x4c
 275 0072 2C000000 		.4byte	0x2c
 276 0076 04       		.uleb128 0x4
 277 0077 55010000 		.4byte	.LASF10
 278 007b 01       		.byte	0x1
 279 007c 4D       		.byte	0x4d
 280 007d 3A000000 		.4byte	0x3a
 281 0081 02       		.uleb128 0x2
ARM GAS  C:\Users\Craig\AppData\Local\Temp\cc2ZlpT9.s 			page 6


 282 0082 04       		.byte	0x4
 283 0083 04       		.byte	0x4
 284 0084 69000000 		.4byte	.LASF11
 285 0088 02       		.uleb128 0x2
 286 0089 08       		.byte	0x8
 287 008a 04       		.byte	0x4
 288 008b 16010000 		.4byte	.LASF12
 289 008f 02       		.uleb128 0x2
 290 0090 01       		.byte	0x1
 291 0091 08       		.byte	0x8
 292 0092 E2010000 		.4byte	.LASF13
 293 0096 05       		.uleb128 0x5
 294 0097 04       		.byte	0x4
 295 0098 07       		.byte	0x7
 296 0099 06       		.uleb128 0x6
 297 009a 04       		.byte	0x4
 298 009b 07       		.uleb128 0x7
 299 009c 0E000000 		.4byte	.LASF21
 300 00a0 08       		.byte	0x8
 301 00a1 02       		.byte	0x2
 302 00a2 7D       		.byte	0x7d
 303 00a3 FC000000 		.4byte	0xfc
 304 00a7 08       		.uleb128 0x8
 305 00a8 01020000 		.4byte	.LASF14
 306 00ac 02       		.byte	0x2
 307 00ad 7E       		.byte	0x7e
 308 00ae 6B000000 		.4byte	0x6b
 309 00b2 02       		.byte	0x2
 310 00b3 23       		.byte	0x23
 311 00b4 00       		.uleb128 0x0
 312 00b5 08       		.uleb128 0x8
 313 00b6 6F000000 		.4byte	.LASF15
 314 00ba 02       		.byte	0x2
 315 00bb 7F       		.byte	0x7f
 316 00bc 6B000000 		.4byte	0x6b
 317 00c0 02       		.byte	0x2
 318 00c1 23       		.byte	0x23
 319 00c2 01       		.uleb128 0x1
 320 00c3 08       		.uleb128 0x8
 321 00c4 C6000000 		.4byte	.LASF16
 322 00c8 02       		.byte	0x2
 323 00c9 80       		.byte	0x80
 324 00ca 6B000000 		.4byte	0x6b
 325 00ce 02       		.byte	0x2
 326 00cf 23       		.byte	0x23
 327 00d0 02       		.uleb128 0x2
 328 00d1 08       		.uleb128 0x8
 329 00d2 A9000000 		.4byte	.LASF17
 330 00d6 02       		.byte	0x2
 331 00d7 81       		.byte	0x81
 332 00d8 6B000000 		.4byte	0x6b
 333 00dc 02       		.byte	0x2
 334 00dd 23       		.byte	0x23
 335 00de 03       		.uleb128 0x3
 336 00df 08       		.uleb128 0x8
 337 00e0 1D010000 		.4byte	.LASF18
 338 00e4 02       		.byte	0x2
ARM GAS  C:\Users\Craig\AppData\Local\Temp\cc2ZlpT9.s 			page 7


 339 00e5 82       		.byte	0x82
 340 00e6 76000000 		.4byte	0x76
 341 00ea 02       		.byte	0x2
 342 00eb 23       		.byte	0x23
 343 00ec 04       		.uleb128 0x4
 344 00ed 08       		.uleb128 0x8
 345 00ee 70020000 		.4byte	.LASF19
 346 00f2 02       		.byte	0x2
 347 00f3 83       		.byte	0x83
 348 00f4 6B000000 		.4byte	0x6b
 349 00f8 02       		.byte	0x2
 350 00f9 23       		.byte	0x23
 351 00fa 06       		.uleb128 0x6
 352 00fb 00       		.byte	0x0
 353 00fc 04       		.uleb128 0x4
 354 00fd CB000000 		.4byte	.LASF20
 355 0101 02       		.byte	0x2
 356 0102 84       		.byte	0x84
 357 0103 9B000000 		.4byte	0x9b
 358 0107 07       		.uleb128 0x7
 359 0108 87010000 		.4byte	.LASF22
 360 010c 08       		.byte	0x8
 361 010d 02       		.byte	0x2
 362 010e 94       		.byte	0x94
 363 010f 2E010000 		.4byte	0x12e
 364 0113 09       		.uleb128 0x9
 365 0114 6300     		.ascii	"c\000"
 366 0116 02       		.byte	0x2
 367 0117 95       		.byte	0x95
 368 0118 6B000000 		.4byte	0x6b
 369 011c 02       		.byte	0x2
 370 011d 23       		.byte	0x23
 371 011e 00       		.uleb128 0x0
 372 011f 08       		.uleb128 0x8
 373 0120 80010000 		.4byte	.LASF23
 374 0124 02       		.byte	0x2
 375 0125 96       		.byte	0x96
 376 0126 99000000 		.4byte	0x99
 377 012a 02       		.byte	0x2
 378 012b 23       		.byte	0x23
 379 012c 04       		.uleb128 0x4
 380 012d 00       		.byte	0x0
 381 012e 04       		.uleb128 0x4
 382 012f 91000000 		.4byte	.LASF24
 383 0133 02       		.byte	0x2
 384 0134 97       		.byte	0x97
 385 0135 07010000 		.4byte	0x107
 386 0139 0A       		.uleb128 0xa
 387 013a 6B000000 		.4byte	0x6b
 388 013e 49010000 		.4byte	0x149
 389 0142 0B       		.uleb128 0xb
 390 0143 96000000 		.4byte	0x96
 391 0147 11       		.byte	0x11
 392 0148 00       		.byte	0x0
 393 0149 0C       		.uleb128 0xc
 394 014a E3000000 		.4byte	.LASF25
 395 014e 03       		.byte	0x3
ARM GAS  C:\Users\Craig\AppData\Local\Temp\cc2ZlpT9.s 			page 8


 396 014f 26       		.byte	0x26
 397 0150 5B010000 		.4byte	0x15b
 398 0154 01       		.byte	0x1
 399 0155 05       		.byte	0x5
 400 0156 03       		.byte	0x3
 401 0157 00000000 		.4byte	USB_DEVICE0_DESCR
 402 015b 0D       		.uleb128 0xd
 403 015c 39010000 		.4byte	0x139
 404 0160 0A       		.uleb128 0xa
 405 0161 6B000000 		.4byte	0x6b
 406 0165 70010000 		.4byte	0x170
 407 0169 0B       		.uleb128 0xb
 408 016a 96000000 		.4byte	0x96
 409 016e 1F       		.byte	0x1f
 410 016f 00       		.byte	0x0
 411 0170 0C       		.uleb128 0xc
 412 0171 F5000000 		.4byte	.LASF26
 413 0175 03       		.byte	0x3
 414 0176 39       		.byte	0x39
 415 0177 82010000 		.4byte	0x182
 416 017b 01       		.byte	0x1
 417 017c 05       		.byte	0x5
 418 017d 03       		.byte	0x3
 419 017e 00000000 		.4byte	USB_DEVICE0_CONFIGURATION0_DESCR
 420 0182 0D       		.uleb128 0xd
 421 0183 60010000 		.4byte	0x160
 422 0187 0A       		.uleb128 0xa
 423 0188 6B000000 		.4byte	0x6b
 424 018c 97010000 		.4byte	0x197
 425 0190 0B       		.uleb128 0xb
 426 0191 96000000 		.4byte	0x96
 427 0195 3E       		.byte	0x3e
 428 0196 00       		.byte	0x0
 429 0197 0C       		.uleb128 0xc
 430 0198 7A000000 		.4byte	.LASF27
 431 019c 03       		.byte	0x3
 432 019d 65       		.byte	0x65
 433 019e A9010000 		.4byte	0x1a9
 434 01a2 01       		.byte	0x1
 435 01a3 05       		.byte	0x5
 436 01a4 03       		.byte	0x3
 437 01a5 00000000 		.4byte	USB_STRING_DESCRIPTORS
 438 01a9 0D       		.uleb128 0xd
 439 01aa 87010000 		.4byte	0x187
 440 01ae 0A       		.uleb128 0xa
 441 01af FC000000 		.4byte	0xfc
 442 01b3 BE010000 		.4byte	0x1be
 443 01b7 0B       		.uleb128 0xb
 444 01b8 96000000 		.4byte	0x96
 445 01bc 01       		.byte	0x1
 446 01bd 00       		.byte	0x0
 447 01be 0C       		.uleb128 0xc
 448 01bf 28010000 		.4byte	.LASF28
 449 01c3 03       		.byte	0x3
 450 01c4 8D       		.byte	0x8d
 451 01c5 D0010000 		.4byte	0x1d0
 452 01c9 01       		.byte	0x1
ARM GAS  C:\Users\Craig\AppData\Local\Temp\cc2ZlpT9.s 			page 9


 453 01ca 05       		.byte	0x5
 454 01cb 03       		.byte	0x3
 455 01cc 00000000 		.4byte	USB_DEVICE0_CONFIGURATION0_EP_SETTINGS_TABLE
 456 01d0 0D       		.uleb128 0xd
 457 01d1 AE010000 		.4byte	0x1ae
 458 01d5 0A       		.uleb128 0xa
 459 01d6 6B000000 		.4byte	0x6b
 460 01da E5010000 		.4byte	0x1e5
 461 01de 0B       		.uleb128 0xb
 462 01df 96000000 		.4byte	0x96
 463 01e3 00       		.byte	0x0
 464 01e4 00       		.byte	0x0
 465 01e5 0C       		.uleb128 0xc
 466 01e6 0B020000 		.4byte	.LASF29
 467 01ea 03       		.byte	0x3
 468 01eb 92       		.byte	0x92
 469 01ec F7010000 		.4byte	0x1f7
 470 01f0 01       		.byte	0x1
 471 01f1 05       		.byte	0x5
 472 01f2 03       		.byte	0x3
 473 01f3 00000000 		.4byte	USB_DEVICE0_CONFIGURATION0_INTERFACE_CLASS
 474 01f7 0D       		.uleb128 0xd
 475 01f8 D5010000 		.4byte	0x1d5
 476 01fc 0A       		.uleb128 0xa
 477 01fd 2E010000 		.4byte	0x12e
 478 0201 0C020000 		.4byte	0x20c
 479 0205 0B       		.uleb128 0xb
 480 0206 96000000 		.4byte	0x96
 481 020a 03       		.byte	0x3
 482 020b 00       		.byte	0x0
 483 020c 0C       		.uleb128 0xc
 484 020d 48000000 		.4byte	.LASF30
 485 0211 03       		.byte	0x3
 486 0212 9A       		.byte	0x9a
 487 0213 1E020000 		.4byte	0x21e
 488 0217 01       		.byte	0x1
 489 0218 05       		.byte	0x5
 490 0219 03       		.byte	0x3
 491 021a 00000000 		.4byte	USB_DEVICE0_CONFIGURATION0_TABLE
 492 021e 0D       		.uleb128 0xd
 493 021f FC010000 		.4byte	0x1fc
 494 0223 0A       		.uleb128 0xa
 495 0224 2E010000 		.4byte	0x12e
 496 0228 33020000 		.4byte	0x233
 497 022c 0B       		.uleb128 0xb
 498 022d 96000000 		.4byte	0x96
 499 0231 01       		.byte	0x1
 500 0232 00       		.byte	0x0
 501 0233 0C       		.uleb128 0xc
 502 0234 36000000 		.4byte	.LASF31
 503 0238 03       		.byte	0x3
 504 0239 A4       		.byte	0xa4
 505 023a 45020000 		.4byte	0x245
 506 023e 01       		.byte	0x1
 507 023f 05       		.byte	0x5
 508 0240 03       		.byte	0x3
 509 0241 00000000 		.4byte	USB_DEVICE0_TABLE
ARM GAS  C:\Users\Craig\AppData\Local\Temp\cc2ZlpT9.s 			page 10


 510 0245 0D       		.uleb128 0xd
 511 0246 23020000 		.4byte	0x223
 512 024a 0A       		.uleb128 0xa
 513 024b 2E010000 		.4byte	0x12e
 514 024f 5A020000 		.4byte	0x25a
 515 0253 0B       		.uleb128 0xb
 516 0254 96000000 		.4byte	0x96
 517 0258 00       		.byte	0x0
 518 0259 00       		.byte	0x0
 519 025a 0C       		.uleb128 0xc
 520 025b E7010000 		.4byte	.LASF32
 521 025f 03       		.byte	0x3
 522 0260 AB       		.byte	0xab
 523 0261 6C020000 		.4byte	0x26c
 524 0265 01       		.byte	0x1
 525 0266 05       		.byte	0x5
 526 0267 03       		.byte	0x3
 527 0268 00000000 		.4byte	USB_TABLE
 528 026c 0D       		.uleb128 0xd
 529 026d 4A020000 		.4byte	0x24a
 530 0271 00       		.byte	0x0
 531              		.section	.debug_abbrev
 532 0000 01       		.uleb128 0x1
 533 0001 11       		.uleb128 0x11
 534 0002 01       		.byte	0x1
 535 0003 25       		.uleb128 0x25
 536 0004 0E       		.uleb128 0xe
 537 0005 13       		.uleb128 0x13
 538 0006 0B       		.uleb128 0xb
 539 0007 03       		.uleb128 0x3
 540 0008 0E       		.uleb128 0xe
 541 0009 1B       		.uleb128 0x1b
 542 000a 0E       		.uleb128 0xe
 543 000b 11       		.uleb128 0x11
 544 000c 01       		.uleb128 0x1
 545 000d 12       		.uleb128 0x12
 546 000e 01       		.uleb128 0x1
 547 000f 10       		.uleb128 0x10
 548 0010 06       		.uleb128 0x6
 549 0011 00       		.byte	0x0
 550 0012 00       		.byte	0x0
 551 0013 02       		.uleb128 0x2
 552 0014 24       		.uleb128 0x24
 553 0015 00       		.byte	0x0
 554 0016 0B       		.uleb128 0xb
 555 0017 0B       		.uleb128 0xb
 556 0018 3E       		.uleb128 0x3e
 557 0019 0B       		.uleb128 0xb
 558 001a 03       		.uleb128 0x3
 559 001b 0E       		.uleb128 0xe
 560 001c 00       		.byte	0x0
 561 001d 00       		.byte	0x0
 562 001e 03       		.uleb128 0x3
 563 001f 24       		.uleb128 0x24
 564 0020 00       		.byte	0x0
 565 0021 0B       		.uleb128 0xb
 566 0022 0B       		.uleb128 0xb
ARM GAS  C:\Users\Craig\AppData\Local\Temp\cc2ZlpT9.s 			page 11


 567 0023 3E       		.uleb128 0x3e
 568 0024 0B       		.uleb128 0xb
 569 0025 03       		.uleb128 0x3
 570 0026 08       		.uleb128 0x8
 571 0027 00       		.byte	0x0
 572 0028 00       		.byte	0x0
 573 0029 04       		.uleb128 0x4
 574 002a 16       		.uleb128 0x16
 575 002b 00       		.byte	0x0
 576 002c 03       		.uleb128 0x3
 577 002d 0E       		.uleb128 0xe
 578 002e 3A       		.uleb128 0x3a
 579 002f 0B       		.uleb128 0xb
 580 0030 3B       		.uleb128 0x3b
 581 0031 0B       		.uleb128 0xb
 582 0032 49       		.uleb128 0x49
 583 0033 13       		.uleb128 0x13
 584 0034 00       		.byte	0x0
 585 0035 00       		.byte	0x0
 586 0036 05       		.uleb128 0x5
 587 0037 24       		.uleb128 0x24
 588 0038 00       		.byte	0x0
 589 0039 0B       		.uleb128 0xb
 590 003a 0B       		.uleb128 0xb
 591 003b 3E       		.uleb128 0x3e
 592 003c 0B       		.uleb128 0xb
 593 003d 00       		.byte	0x0
 594 003e 00       		.byte	0x0
 595 003f 06       		.uleb128 0x6
 596 0040 0F       		.uleb128 0xf
 597 0041 00       		.byte	0x0
 598 0042 0B       		.uleb128 0xb
 599 0043 0B       		.uleb128 0xb
 600 0044 00       		.byte	0x0
 601 0045 00       		.byte	0x0
 602 0046 07       		.uleb128 0x7
 603 0047 13       		.uleb128 0x13
 604 0048 01       		.byte	0x1
 605 0049 03       		.uleb128 0x3
 606 004a 0E       		.uleb128 0xe
 607 004b 0B       		.uleb128 0xb
 608 004c 0B       		.uleb128 0xb
 609 004d 3A       		.uleb128 0x3a
 610 004e 0B       		.uleb128 0xb
 611 004f 3B       		.uleb128 0x3b
 612 0050 0B       		.uleb128 0xb
 613 0051 01       		.uleb128 0x1
 614 0052 13       		.uleb128 0x13
 615 0053 00       		.byte	0x0
 616 0054 00       		.byte	0x0
 617 0055 08       		.uleb128 0x8
 618 0056 0D       		.uleb128 0xd
 619 0057 00       		.byte	0x0
 620 0058 03       		.uleb128 0x3
 621 0059 0E       		.uleb128 0xe
 622 005a 3A       		.uleb128 0x3a
 623 005b 0B       		.uleb128 0xb
ARM GAS  C:\Users\Craig\AppData\Local\Temp\cc2ZlpT9.s 			page 12


 624 005c 3B       		.uleb128 0x3b
 625 005d 0B       		.uleb128 0xb
 626 005e 49       		.uleb128 0x49
 627 005f 13       		.uleb128 0x13
 628 0060 38       		.uleb128 0x38
 629 0061 0A       		.uleb128 0xa
 630 0062 00       		.byte	0x0
 631 0063 00       		.byte	0x0
 632 0064 09       		.uleb128 0x9
 633 0065 0D       		.uleb128 0xd
 634 0066 00       		.byte	0x0
 635 0067 03       		.uleb128 0x3
 636 0068 08       		.uleb128 0x8
 637 0069 3A       		.uleb128 0x3a
 638 006a 0B       		.uleb128 0xb
 639 006b 3B       		.uleb128 0x3b
 640 006c 0B       		.uleb128 0xb
 641 006d 49       		.uleb128 0x49
 642 006e 13       		.uleb128 0x13
 643 006f 38       		.uleb128 0x38
 644 0070 0A       		.uleb128 0xa
 645 0071 00       		.byte	0x0
 646 0072 00       		.byte	0x0
 647 0073 0A       		.uleb128 0xa
 648 0074 01       		.uleb128 0x1
 649 0075 01       		.byte	0x1
 650 0076 49       		.uleb128 0x49
 651 0077 13       		.uleb128 0x13
 652 0078 01       		.uleb128 0x1
 653 0079 13       		.uleb128 0x13
 654 007a 00       		.byte	0x0
 655 007b 00       		.byte	0x0
 656 007c 0B       		.uleb128 0xb
 657 007d 21       		.uleb128 0x21
 658 007e 00       		.byte	0x0
 659 007f 49       		.uleb128 0x49
 660 0080 13       		.uleb128 0x13
 661 0081 2F       		.uleb128 0x2f
 662 0082 0B       		.uleb128 0xb
 663 0083 00       		.byte	0x0
 664 0084 00       		.byte	0x0
 665 0085 0C       		.uleb128 0xc
 666 0086 34       		.uleb128 0x34
 667 0087 00       		.byte	0x0
 668 0088 03       		.uleb128 0x3
 669 0089 0E       		.uleb128 0xe
 670 008a 3A       		.uleb128 0x3a
 671 008b 0B       		.uleb128 0xb
 672 008c 3B       		.uleb128 0x3b
 673 008d 0B       		.uleb128 0xb
 674 008e 49       		.uleb128 0x49
 675 008f 13       		.uleb128 0x13
 676 0090 3F       		.uleb128 0x3f
 677 0091 0C       		.uleb128 0xc
 678 0092 02       		.uleb128 0x2
 679 0093 0A       		.uleb128 0xa
 680 0094 00       		.byte	0x0
ARM GAS  C:\Users\Craig\AppData\Local\Temp\cc2ZlpT9.s 			page 13


 681 0095 00       		.byte	0x0
 682 0096 0D       		.uleb128 0xd
 683 0097 26       		.uleb128 0x26
 684 0098 00       		.byte	0x0
 685 0099 49       		.uleb128 0x49
 686 009a 13       		.uleb128 0x13
 687 009b 00       		.byte	0x0
 688 009c 00       		.byte	0x0
 689 009d 00       		.byte	0x0
 690              		.section	.debug_pubnames,"",%progbits
 691 0000 0D010000 		.4byte	0x10d
 692 0004 0200     		.2byte	0x2
 693 0006 00000000 		.4byte	.Ldebug_info0
 694 000a 72020000 		.4byte	0x272
 695 000e 49010000 		.4byte	0x149
 696 0012 5553425F 		.ascii	"USB_DEVICE0_DESCR\000"
 696      44455649 
 696      4345305F 
 696      44455343 
 696      5200
 697 0024 70010000 		.4byte	0x170
 698 0028 5553425F 		.ascii	"USB_DEVICE0_CONFIGURATION0_DESCR\000"
 698      44455649 
 698      4345305F 
 698      434F4E46 
 698      49475552 
 699 0049 97010000 		.4byte	0x197
 700 004d 5553425F 		.ascii	"USB_STRING_DESCRIPTORS\000"
 700      53545249 
 700      4E475F44 
 700      45534352 
 700      4950544F 
 701 0064 BE010000 		.4byte	0x1be
 702 0068 5553425F 		.ascii	"USB_DEVICE0_CONFIGURATION0_EP_SETTINGS_TABLE\000"
 702      44455649 
 702      4345305F 
 702      434F4E46 
 702      49475552 
 703 0095 E5010000 		.4byte	0x1e5
 704 0099 5553425F 		.ascii	"USB_DEVICE0_CONFIGURATION0_INTERFACE_CLASS\000"
 704      44455649 
 704      4345305F 
 704      434F4E46 
 704      49475552 
 705 00c4 0C020000 		.4byte	0x20c
 706 00c8 5553425F 		.ascii	"USB_DEVICE0_CONFIGURATION0_TABLE\000"
 706      44455649 
 706      4345305F 
 706      434F4E46 
 706      49475552 
 707 00e9 33020000 		.4byte	0x233
 708 00ed 5553425F 		.ascii	"USB_DEVICE0_TABLE\000"
 708      44455649 
 708      4345305F 
 708      5441424C 
 708      4500
 709 00ff 5A020000 		.4byte	0x25a
ARM GAS  C:\Users\Craig\AppData\Local\Temp\cc2ZlpT9.s 			page 14


 710 0103 5553425F 		.ascii	"USB_TABLE\000"
 710      5441424C 
 710      4500
 711 010d 00000000 		.4byte	0x0
 712              		.section	.debug_str,"MS",%progbits,1
 713              	.LASF6:
 714 0000 6C6F6E67 		.ascii	"long long int\000"
 714      206C6F6E 
 714      6720696E 
 714      7400
 715              	.LASF21:
 716 000e 5F555342 		.ascii	"_USB_EpSettingsBlock\000"
 716      5F457053 
 716      65747469 
 716      6E677342 
 716      6C6F636B 
 717              	.LASF3:
 718 0023 73686F72 		.ascii	"short unsigned int\000"
 718      7420756E 
 718      7369676E 
 718      65642069 
 718      6E7400
 719              	.LASF31:
 720 0036 5553425F 		.ascii	"USB_DEVICE0_TABLE\000"
 720      44455649 
 720      4345305F 
 720      5441424C 
 720      4500
 721              	.LASF30:
 722 0048 5553425F 		.ascii	"USB_DEVICE0_CONFIGURATION0_TABLE\000"
 722      44455649 
 722      4345305F 
 722      434F4E46 
 722      49475552 
 723              	.LASF11:
 724 0069 666C6F61 		.ascii	"float\000"
 724      7400
 725              	.LASF15:
 726 006f 616C7453 		.ascii	"altSetting\000"
 726      65747469 
 726      6E6700
 727              	.LASF27:
 728 007a 5553425F 		.ascii	"USB_STRING_DESCRIPTORS\000"
 728      53545249 
 728      4E475F44 
 728      45534352 
 728      4950544F 
 729              	.LASF24:
 730 0091 545F5553 		.ascii	"T_USB_LUT\000"
 730      425F4C55 
 730      5400
 731              	.LASF1:
 732 009b 756E7369 		.ascii	"unsigned char\000"
 732      676E6564 
 732      20636861 
 732      7200
 733              	.LASF17:
ARM GAS  C:\Users\Craig\AppData\Local\Temp\cc2ZlpT9.s 			page 15


 734 00a9 61747472 		.ascii	"attributes\000"
 734      69627574 
 734      657300
 735              	.LASF5:
 736 00b4 6C6F6E67 		.ascii	"long unsigned int\000"
 736      20756E73 
 736      69676E65 
 736      6420696E 
 736      7400
 737              	.LASF16:
 738 00c6 61646472 		.ascii	"addr\000"
 738      00
 739              	.LASF20:
 740 00cb 545F5553 		.ascii	"T_USB_EP_SETTINGS_BLOCK\000"
 740      425F4550 
 740      5F534554 
 740      54494E47 
 740      535F424C 
 741              	.LASF25:
 742 00e3 5553425F 		.ascii	"USB_DEVICE0_DESCR\000"
 742      44455649 
 742      4345305F 
 742      44455343 
 742      5200
 743              	.LASF26:
 744 00f5 5553425F 		.ascii	"USB_DEVICE0_CONFIGURATION0_DESCR\000"
 744      44455649 
 744      4345305F 
 744      434F4E46 
 744      49475552 
 745              	.LASF12:
 746 0116 646F7562 		.ascii	"double\000"
 746      6C6500
 747              	.LASF18:
 748 011d 62756666 		.ascii	"bufferSize\000"
 748      65725369 
 748      7A6500
 749              	.LASF28:
 750 0128 5553425F 		.ascii	"USB_DEVICE0_CONFIGURATION0_EP_SETTINGS_TABLE\000"
 750      44455649 
 750      4345305F 
 750      434F4E46 
 750      49475552 
 751              	.LASF10:
 752 0155 75696E74 		.ascii	"uint16\000"
 752      313600
 753              	.LASF8:
 754 015c 756E7369 		.ascii	"unsigned int\000"
 754      676E6564 
 754      20696E74 
 754      00
 755              	.LASF7:
 756 0169 6C6F6E67 		.ascii	"long long unsigned int\000"
 756      206C6F6E 
 756      6720756E 
 756      7369676E 
 756      65642069 
ARM GAS  C:\Users\Craig\AppData\Local\Temp\cc2ZlpT9.s 			page 16


 757              	.LASF23:
 758 0180 705F6C69 		.ascii	"p_list\000"
 758      737400
 759              	.LASF22:
 760 0187 5F555342 		.ascii	"_USB_Lut\000"
 760      5F4C7574 
 760      00
 761              	.LASF35:
 762 0190 433A5C55 		.ascii	"C:\\Users\\Craig\\Dropbox\\6.115\\Final Project\\PS"
 762      73657273 
 762      5C437261 
 762      69675C44 
 762      726F7062 
 763 01bd 6F432057 		.ascii	"oC Work\\BitBanging.cydsn\000"
 763      6F726B5C 
 763      42697442 
 763      616E6769 
 763      6E672E63 
 764              	.LASF33:
 765 01d6 474E5520 		.ascii	"GNU C 4.4.1\000"
 765      4320342E 
 765      342E3100 
 766              	.LASF13:
 767 01e2 63686172 		.ascii	"char\000"
 767      00
 768              	.LASF32:
 769 01e7 5553425F 		.ascii	"USB_TABLE\000"
 769      5441424C 
 769      4500
 770              	.LASF2:
 771 01f1 73686F72 		.ascii	"short int\000"
 771      7420696E 
 771      7400
 772              	.LASF9:
 773 01fb 75696E74 		.ascii	"uint8\000"
 773      3800
 774              	.LASF14:
 775 0201 696E7465 		.ascii	"interface\000"
 775      72666163 
 775      6500
 776              	.LASF29:
 777 020b 5553425F 		.ascii	"USB_DEVICE0_CONFIGURATION0_INTERFACE_CLASS\000"
 777      44455649 
 777      4345305F 
 777      434F4E46 
 777      49475552 
 778              	.LASF4:
 779 0236 6C6F6E67 		.ascii	"long int\000"
 779      20696E74 
 779      00
 780              	.LASF34:
 781 023f 2E5C4765 		.ascii	".\\Generated_Source\\PSoC5\\USB_descr.c\000"
 781      6E657261 
 781      7465645F 
 781      536F7572 
 781      63655C50 
 782              	.LASF0:
ARM GAS  C:\Users\Craig\AppData\Local\Temp\cc2ZlpT9.s 			page 17


 783 0264 7369676E 		.ascii	"signed char\000"
 783      65642063 
 783      68617200 
 784              	.LASF19:
 785 0270 624D6973 		.ascii	"bMisc\000"
 785      6300
 786              		.ident	"GCC: (Sourcery G++ Lite 2010q1-188) 4.4.1"
