ARM GAS  C:\Users\Craig\AppData\Local\Temp\ccPyzifd.s 			page 1


   1              		.syntax unified
   2              		.cpu cortex-m3
   3              		.fpu softvfp
   4              		.eabi_attribute 20, 1
   5              		.eabi_attribute 21, 1
   6              		.eabi_attribute 23, 3
   7              		.eabi_attribute 24, 1
   8              		.eabi_attribute 25, 1
   9              		.eabi_attribute 26, 1
  10              		.eabi_attribute 30, 6
  11              		.eabi_attribute 18, 4
  12              		.thumb
  13              		.file	"USB_descr.c"
  14              		.section	.debug_abbrev,"",%progbits
  15              	.Ldebug_abbrev0:
  16              		.section	.debug_info,"",%progbits
  17              	.Ldebug_info0:
  18              		.section	.debug_line,"",%progbits
  19              	.Ldebug_line0:
  20 0000 71000000 		.text
  20      02006B00 
  20      00000201 
  20      FB0E0D00 
  20      01010101 
  21              	.Ltext0:
  22              		.cfi_sections	.debug_frame
  23              		.global	USB_DEVICE0_DESCR
  24              		.section	.rodata
  25              		.align	2
  26              		.type	USB_DEVICE0_DESCR, %object
  27              		.size	USB_DEVICE0_DESCR, 18
  28              	USB_DEVICE0_DESCR:
  29 0000 12       		.byte	18
  30 0001 01       		.byte	1
  31 0002 00       		.byte	0
  32 0003 02       		.byte	2
  33 0004 FF       		.byte	-1
  34 0005 00       		.byte	0
  35 0006 00       		.byte	0
  36 0007 08       		.byte	8
  37 0008 B4       		.byte	-76
  38 0009 04       		.byte	4
  39 000a 10       		.byte	16
  40 000b 00       		.byte	0
  41 000c 00       		.byte	0
  42 000d 00       		.byte	0
  43 000e 01       		.byte	1
  44 000f 02       		.byte	2
  45 0010 00       		.byte	0
  46 0011 01       		.byte	1
  47              		.global	USB_DEVICE0_CONFIGURATION0_DESCR
  48 0012 0000     		.align	2
  49              		.type	USB_DEVICE0_CONFIGURATION0_DESCR, %object
  50              		.size	USB_DEVICE0_CONFIGURATION0_DESCR, 32
  51              	USB_DEVICE0_CONFIGURATION0_DESCR:
  52 0014 09       		.byte	9
  53 0015 02       		.byte	2
ARM GAS  C:\Users\Craig\AppData\Local\Temp\ccPyzifd.s 			page 2


  54 0016 20       		.byte	32
  55 0017 00       		.byte	0
  56 0018 01       		.byte	1
  57 0019 01       		.byte	1
  58 001a 00       		.byte	0
  59 001b 80       		.byte	-128
  60 001c 0A       		.byte	10
  61 001d 09       		.byte	9
  62 001e 04       		.byte	4
  63 001f 00       		.byte	0
  64 0020 00       		.byte	0
  65 0021 02       		.byte	2
  66 0022 FF       		.byte	-1
  67 0023 00       		.byte	0
  68 0024 00       		.byte	0
  69 0025 00       		.byte	0
  70 0026 07       		.byte	7
  71 0027 05       		.byte	5
  72 0028 81       		.byte	-127
  73 0029 02       		.byte	2
  74 002a 40       		.byte	64
  75 002b 00       		.byte	0
  76 002c 0A       		.byte	10
  77 002d 07       		.byte	7
  78 002e 05       		.byte	5
  79 002f 02       		.byte	2
  80 0030 02       		.byte	2
  81 0031 40       		.byte	64
  82 0032 00       		.byte	0
  83 0033 0A       		.byte	10
  84              		.global	USB_STRING_DESCRIPTORS
  85              		.align	2
  86              		.type	USB_STRING_DESCRIPTORS, %object
  87              		.size	USB_STRING_DESCRIPTORS, 47
  88              	USB_STRING_DESCRIPTORS:
  89 0034 04       		.byte	4
  90 0035 03       		.byte	3
  91 0036 09       		.byte	9
  92 0037 04       		.byte	4
  93 0038 10       		.byte	16
  94 0039 03       		.byte	3
  95 003a 43       		.byte	67
  96 003b 00       		.byte	0
  97 003c 79       		.byte	121
  98 003d 00       		.byte	0
  99 003e 70       		.byte	112
 100 003f 00       		.byte	0
 101 0040 72       		.byte	114
 102 0041 00       		.byte	0
 103 0042 65       		.byte	101
 104 0043 00       		.byte	0
 105 0044 73       		.byte	115
 106 0045 00       		.byte	0
 107 0046 73       		.byte	115
 108 0047 00       		.byte	0
 109 0048 1A       		.byte	26
 110 0049 03       		.byte	3
ARM GAS  C:\Users\Craig\AppData\Local\Temp\ccPyzifd.s 			page 3


 111 004a 42       		.byte	66
 112 004b 00       		.byte	0
 113 004c 75       		.byte	117
 114 004d 00       		.byte	0
 115 004e 6C       		.byte	108
 116 004f 00       		.byte	0
 117 0050 6B       		.byte	107
 118 0051 00       		.byte	0
 119 0052 20       		.byte	32
 120 0053 00       		.byte	0
 121 0054 45       		.byte	69
 122 0055 00       		.byte	0
 123 0056 78       		.byte	120
 124 0057 00       		.byte	0
 125 0058 61       		.byte	97
 126 0059 00       		.byte	0
 127 005a 6D       		.byte	109
 128 005b 00       		.byte	0
 129 005c 70       		.byte	112
 130 005d 00       		.byte	0
 131 005e 6C       		.byte	108
 132 005f 00       		.byte	0
 133 0060 65       		.byte	101
 134 0061 00       		.byte	0
 135 0062 00       		.byte	0
 136              		.global	USB_DEVICE0_CONFIGURATION0_EP_SETTINGS_TABLE
 137 0063 00       		.align	2
 138              		.type	USB_DEVICE0_CONFIGURATION0_EP_SETTINGS_TABLE, %object
 139              		.size	USB_DEVICE0_CONFIGURATION0_EP_SETTINGS_TABLE, 16
 140              	USB_DEVICE0_CONFIGURATION0_EP_SETTINGS_TABLE:
 141 0064 00       		.byte	0
 142 0065 00       		.byte	0
 143 0066 81       		.byte	-127
 144 0067 02       		.byte	2
 145 0068 4000     		.short	64
 146 006a FF       		.byte	-1
 147 006b 00       		.space	1
 148 006c 00       		.byte	0
 149 006d 00       		.byte	0
 150 006e 02       		.byte	2
 151 006f 02       		.byte	2
 152 0070 4000     		.short	64
 153 0072 FF       		.byte	-1
 154 0073 00       		.space	1
 155              		.global	USB_DEVICE0_CONFIGURATION0_INTERFACE_CLASS
 156              		.align	2
 157              		.type	USB_DEVICE0_CONFIGURATION0_INTERFACE_CLASS, %object
 158              		.size	USB_DEVICE0_CONFIGURATION0_INTERFACE_CLASS, 1
 159              	USB_DEVICE0_CONFIGURATION0_INTERFACE_CLASS:
 160 0074 FF       		.byte	-1
 161              		.global	USB_DEVICE0_CONFIGURATION0_TABLE
 162 0075 000000   		.align	2
 163              		.type	USB_DEVICE0_CONFIGURATION0_TABLE, %object
 164              		.size	USB_DEVICE0_CONFIGURATION0_TABLE, 32
 165              	USB_DEVICE0_CONFIGURATION0_TABLE:
 166 0078 01       		.byte	1
 167 0079 000000   		.space	3
ARM GAS  C:\Users\Craig\AppData\Local\Temp\ccPyzifd.s 			page 4


 168 007c 00000000 		.word	USB_DEVICE0_CONFIGURATION0_DESCR
 169 0080 02       		.byte	2
 170 0081 000000   		.space	3
 171 0084 00000000 		.word	USB_DEVICE0_CONFIGURATION0_EP_SETTINGS_TABLE
 172 0088 00       		.byte	0
 173 0089 000000   		.space	3
 174 008c 00000000 		.word	0
 175 0090 00       		.byte	0
 176 0091 000000   		.space	3
 177 0094 00000000 		.word	USB_DEVICE0_CONFIGURATION0_INTERFACE_CLASS
 178              		.global	USB_DEVICE0_TABLE
 179              		.align	2
 180              		.type	USB_DEVICE0_TABLE, %object
 181              		.size	USB_DEVICE0_TABLE, 16
 182              	USB_DEVICE0_TABLE:
 183 0098 01       		.byte	1
 184 0099 000000   		.space	3
 185 009c 00000000 		.word	USB_DEVICE0_DESCR
 186 00a0 01       		.byte	1
 187 00a1 000000   		.space	3
 188 00a4 00000000 		.word	USB_DEVICE0_CONFIGURATION0_TABLE
 189              		.global	USB_TABLE
 190              		.align	2
 191              		.type	USB_TABLE, %object
 192              		.size	USB_TABLE, 8
 193              	USB_TABLE:
 194 00a8 01       		.byte	1
 195 00a9 000000   		.space	3
 196 00ac 00000000 		.word	USB_DEVICE0_TABLE
 197              		.text
 198              	.Letext0:
 199              		.file 1 ".\\Generated_Source\\PSoC5\\/cytypes.h"
 200              		.file 2 ".\\Generated_Source\\PSoC5\\/USB.h"
 201              		.file 3 ".\\Generated_Source\\PSoC5\\USB_descr.c"
 202              		.section	.debug_info
 203 0000 6E020000 		.4byte	0x26e
 204 0004 0200     		.2byte	0x2
 205 0006 00000000 		.4byte	.Ldebug_abbrev0
 206 000a 04       		.byte	0x4
 207 000b 01       		.uleb128 0x1
 208 000c E8010000 		.4byte	.LASF33
 209 0010 01       		.byte	0x1
 210 0011 51020000 		.4byte	.LASF34
 211 0015 E3000000 		.4byte	.LASF35
 212 0019 00000000 		.4byte	.Ltext0
 213 001d 00000000 		.4byte	.Letext0
 214 0021 00000000 		.4byte	.Ldebug_line0
 215 0025 02       		.uleb128 0x2
 216 0026 01       		.byte	0x1
 217 0027 06       		.byte	0x6
 218 0028 76020000 		.4byte	.LASF0
 219 002c 02       		.uleb128 0x2
 220 002d 01       		.byte	0x1
 221 002e 08       		.byte	0x8
 222 002f 9B000000 		.4byte	.LASF1
 223 0033 02       		.uleb128 0x2
 224 0034 02       		.byte	0x2
ARM GAS  C:\Users\Craig\AppData\Local\Temp\ccPyzifd.s 			page 5


 225 0035 05       		.byte	0x5
 226 0036 03020000 		.4byte	.LASF2
 227 003a 02       		.uleb128 0x2
 228 003b 02       		.byte	0x2
 229 003c 07       		.byte	0x7
 230 003d 23000000 		.4byte	.LASF3
 231 0041 02       		.uleb128 0x2
 232 0042 04       		.byte	0x4
 233 0043 05       		.byte	0x5
 234 0044 48020000 		.4byte	.LASF4
 235 0048 02       		.uleb128 0x2
 236 0049 04       		.byte	0x4
 237 004a 07       		.byte	0x7
 238 004b B4000000 		.4byte	.LASF5
 239 004f 02       		.uleb128 0x2
 240 0050 08       		.byte	0x8
 241 0051 05       		.byte	0x5
 242 0052 00000000 		.4byte	.LASF6
 243 0056 02       		.uleb128 0x2
 244 0057 08       		.byte	0x8
 245 0058 07       		.byte	0x7
 246 0059 C1010000 		.4byte	.LASF7
 247 005d 03       		.uleb128 0x3
 248 005e 04       		.byte	0x4
 249 005f 05       		.byte	0x5
 250 0060 696E7400 		.ascii	"int\000"
 251 0064 02       		.uleb128 0x2
 252 0065 04       		.byte	0x4
 253 0066 07       		.byte	0x7
 254 0067 B4010000 		.4byte	.LASF8
 255 006b 04       		.uleb128 0x4
 256 006c 0D020000 		.4byte	.LASF9
 257 0070 01       		.byte	0x1
 258 0071 4C       		.byte	0x4c
 259 0072 2C000000 		.4byte	0x2c
 260 0076 04       		.uleb128 0x4
 261 0077 AD010000 		.4byte	.LASF10
 262 007b 01       		.byte	0x1
 263 007c 4D       		.byte	0x4d
 264 007d 3A000000 		.4byte	0x3a
 265 0081 02       		.uleb128 0x2
 266 0082 04       		.byte	0x4
 267 0083 04       		.byte	0x4
 268 0084 69000000 		.4byte	.LASF11
 269 0088 02       		.uleb128 0x2
 270 0089 08       		.byte	0x8
 271 008a 04       		.byte	0x4
 272 008b 6E010000 		.4byte	.LASF12
 273 008f 02       		.uleb128 0x2
 274 0090 01       		.byte	0x1
 275 0091 08       		.byte	0x8
 276 0092 F4010000 		.4byte	.LASF13
 277 0096 05       		.uleb128 0x5
 278 0097 04       		.byte	0x4
 279 0098 07       		.byte	0x7
 280 0099 06       		.uleb128 0x6
 281 009a 04       		.byte	0x4
ARM GAS  C:\Users\Craig\AppData\Local\Temp\ccPyzifd.s 			page 6


 282 009b 07       		.uleb128 0x7
 283 009c 0E000000 		.4byte	.LASF21
 284 00a0 08       		.byte	0x8
 285 00a1 02       		.byte	0x2
 286 00a2 7D       		.byte	0x7d
 287 00a3 FC000000 		.4byte	0xfc
 288 00a7 08       		.uleb128 0x8
 289 00a8 13020000 		.4byte	.LASF14
 290 00ac 02       		.byte	0x2
 291 00ad 7E       		.byte	0x7e
 292 00ae 6B000000 		.4byte	0x6b
 293 00b2 02       		.byte	0x2
 294 00b3 23       		.byte	0x23
 295 00b4 00       		.uleb128 0x0
 296 00b5 08       		.uleb128 0x8
 297 00b6 6F000000 		.4byte	.LASF15
 298 00ba 02       		.byte	0x2
 299 00bb 7F       		.byte	0x7f
 300 00bc 6B000000 		.4byte	0x6b
 301 00c0 02       		.byte	0x2
 302 00c1 23       		.byte	0x23
 303 00c2 01       		.uleb128 0x1
 304 00c3 08       		.uleb128 0x8
 305 00c4 C6000000 		.4byte	.LASF16
 306 00c8 02       		.byte	0x2
 307 00c9 80       		.byte	0x80
 308 00ca 6B000000 		.4byte	0x6b
 309 00ce 02       		.byte	0x2
 310 00cf 23       		.byte	0x23
 311 00d0 02       		.uleb128 0x2
 312 00d1 08       		.uleb128 0x8
 313 00d2 A9000000 		.4byte	.LASF17
 314 00d6 02       		.byte	0x2
 315 00d7 81       		.byte	0x81
 316 00d8 6B000000 		.4byte	0x6b
 317 00dc 02       		.byte	0x2
 318 00dd 23       		.byte	0x23
 319 00de 03       		.uleb128 0x3
 320 00df 08       		.uleb128 0x8
 321 00e0 75010000 		.4byte	.LASF18
 322 00e4 02       		.byte	0x2
 323 00e5 82       		.byte	0x82
 324 00e6 76000000 		.4byte	0x76
 325 00ea 02       		.byte	0x2
 326 00eb 23       		.byte	0x23
 327 00ec 04       		.uleb128 0x4
 328 00ed 08       		.uleb128 0x8
 329 00ee 82020000 		.4byte	.LASF19
 330 00f2 02       		.byte	0x2
 331 00f3 83       		.byte	0x83
 332 00f4 6B000000 		.4byte	0x6b
 333 00f8 02       		.byte	0x2
 334 00f9 23       		.byte	0x23
 335 00fa 06       		.uleb128 0x6
 336 00fb 00       		.byte	0x0
 337 00fc 04       		.uleb128 0x4
 338 00fd CB000000 		.4byte	.LASF20
ARM GAS  C:\Users\Craig\AppData\Local\Temp\ccPyzifd.s 			page 7


 339 0101 02       		.byte	0x2
 340 0102 84       		.byte	0x84
 341 0103 9B000000 		.4byte	0x9b
 342 0107 07       		.uleb128 0x7
 343 0108 DF010000 		.4byte	.LASF22
 344 010c 08       		.byte	0x8
 345 010d 02       		.byte	0x2
 346 010e 94       		.byte	0x94
 347 010f 2E010000 		.4byte	0x12e
 348 0113 09       		.uleb128 0x9
 349 0114 6300     		.ascii	"c\000"
 350 0116 02       		.byte	0x2
 351 0117 95       		.byte	0x95
 352 0118 6B000000 		.4byte	0x6b
 353 011c 02       		.byte	0x2
 354 011d 23       		.byte	0x23
 355 011e 00       		.uleb128 0x0
 356 011f 08       		.uleb128 0x8
 357 0120 D8010000 		.4byte	.LASF23
 358 0124 02       		.byte	0x2
 359 0125 96       		.byte	0x96
 360 0126 99000000 		.4byte	0x99
 361 012a 02       		.byte	0x2
 362 012b 23       		.byte	0x23
 363 012c 04       		.uleb128 0x4
 364 012d 00       		.byte	0x0
 365 012e 04       		.uleb128 0x4
 366 012f 91000000 		.4byte	.LASF24
 367 0133 02       		.byte	0x2
 368 0134 97       		.byte	0x97
 369 0135 07010000 		.4byte	0x107
 370 0139 0A       		.uleb128 0xa
 371 013a 6B000000 		.4byte	0x6b
 372 013e 49010000 		.4byte	0x149
 373 0142 0B       		.uleb128 0xb
 374 0143 96000000 		.4byte	0x96
 375 0147 11       		.byte	0x11
 376 0148 00       		.byte	0x0
 377 0149 0C       		.uleb128 0xc
 378 014a 3B010000 		.4byte	.LASF25
 379 014e 03       		.byte	0x3
 380 014f 26       		.byte	0x26
 381 0150 5B010000 		.4byte	0x15b
 382 0154 01       		.byte	0x1
 383 0155 05       		.byte	0x5
 384 0156 03       		.byte	0x3
 385 0157 00000000 		.4byte	USB_DEVICE0_DESCR
 386 015b 0D       		.uleb128 0xd
 387 015c 39010000 		.4byte	0x139
 388 0160 0A       		.uleb128 0xa
 389 0161 6B000000 		.4byte	0x6b
 390 0165 70010000 		.4byte	0x170
 391 0169 0B       		.uleb128 0xb
 392 016a 96000000 		.4byte	0x96
 393 016e 1F       		.byte	0x1f
 394 016f 00       		.byte	0x0
 395 0170 0C       		.uleb128 0xc
ARM GAS  C:\Users\Craig\AppData\Local\Temp\ccPyzifd.s 			page 8


 396 0171 4D010000 		.4byte	.LASF26
 397 0175 03       		.byte	0x3
 398 0176 39       		.byte	0x39
 399 0177 82010000 		.4byte	0x182
 400 017b 01       		.byte	0x1
 401 017c 05       		.byte	0x5
 402 017d 03       		.byte	0x3
 403 017e 00000000 		.4byte	USB_DEVICE0_CONFIGURATION0_DESCR
 404 0182 0D       		.uleb128 0xd
 405 0183 60010000 		.4byte	0x160
 406 0187 0A       		.uleb128 0xa
 407 0188 6B000000 		.4byte	0x6b
 408 018c 97010000 		.4byte	0x197
 409 0190 0B       		.uleb128 0xb
 410 0191 96000000 		.4byte	0x96
 411 0195 2E       		.byte	0x2e
 412 0196 00       		.byte	0x0
 413 0197 0C       		.uleb128 0xc
 414 0198 7A000000 		.4byte	.LASF27
 415 019c 03       		.byte	0x3
 416 019d 65       		.byte	0x65
 417 019e A9010000 		.4byte	0x1a9
 418 01a2 01       		.byte	0x1
 419 01a3 05       		.byte	0x5
 420 01a4 03       		.byte	0x3
 421 01a5 00000000 		.4byte	USB_STRING_DESCRIPTORS
 422 01a9 0D       		.uleb128 0xd
 423 01aa 87010000 		.4byte	0x187
 424 01ae 0A       		.uleb128 0xa
 425 01af FC000000 		.4byte	0xfc
 426 01b3 BE010000 		.4byte	0x1be
 427 01b7 0B       		.uleb128 0xb
 428 01b8 96000000 		.4byte	0x96
 429 01bc 01       		.byte	0x1
 430 01bd 00       		.byte	0x0
 431 01be 0C       		.uleb128 0xc
 432 01bf 80010000 		.4byte	.LASF28
 433 01c3 03       		.byte	0x3
 434 01c4 87       		.byte	0x87
 435 01c5 D0010000 		.4byte	0x1d0
 436 01c9 01       		.byte	0x1
 437 01ca 05       		.byte	0x5
 438 01cb 03       		.byte	0x3
 439 01cc 00000000 		.4byte	USB_DEVICE0_CONFIGURATION0_EP_SETTINGS_TABLE
 440 01d0 0D       		.uleb128 0xd
 441 01d1 AE010000 		.4byte	0x1ae
 442 01d5 0A       		.uleb128 0xa
 443 01d6 6B000000 		.4byte	0x6b
 444 01da E5010000 		.4byte	0x1e5
 445 01de 0B       		.uleb128 0xb
 446 01df 96000000 		.4byte	0x96
 447 01e3 00       		.byte	0x0
 448 01e4 00       		.byte	0x0
 449 01e5 0C       		.uleb128 0xc
 450 01e6 1D020000 		.4byte	.LASF29
 451 01ea 03       		.byte	0x3
 452 01eb 8C       		.byte	0x8c
ARM GAS  C:\Users\Craig\AppData\Local\Temp\ccPyzifd.s 			page 9


 453 01ec F7010000 		.4byte	0x1f7
 454 01f0 01       		.byte	0x1
 455 01f1 05       		.byte	0x5
 456 01f2 03       		.byte	0x3
 457 01f3 00000000 		.4byte	USB_DEVICE0_CONFIGURATION0_INTERFACE_CLASS
 458 01f7 0D       		.uleb128 0xd
 459 01f8 D5010000 		.4byte	0x1d5
 460 01fc 0A       		.uleb128 0xa
 461 01fd 2E010000 		.4byte	0x12e
 462 0201 0C020000 		.4byte	0x20c
 463 0205 0B       		.uleb128 0xb
 464 0206 96000000 		.4byte	0x96
 465 020a 03       		.byte	0x3
 466 020b 00       		.byte	0x0
 467 020c 0C       		.uleb128 0xc
 468 020d 48000000 		.4byte	.LASF30
 469 0211 03       		.byte	0x3
 470 0212 94       		.byte	0x94
 471 0213 1E020000 		.4byte	0x21e
 472 0217 01       		.byte	0x1
 473 0218 05       		.byte	0x5
 474 0219 03       		.byte	0x3
 475 021a 00000000 		.4byte	USB_DEVICE0_CONFIGURATION0_TABLE
 476 021e 0D       		.uleb128 0xd
 477 021f FC010000 		.4byte	0x1fc
 478 0223 0A       		.uleb128 0xa
 479 0224 2E010000 		.4byte	0x12e
 480 0228 33020000 		.4byte	0x233
 481 022c 0B       		.uleb128 0xb
 482 022d 96000000 		.4byte	0x96
 483 0231 01       		.byte	0x1
 484 0232 00       		.byte	0x0
 485 0233 0C       		.uleb128 0xc
 486 0234 36000000 		.4byte	.LASF31
 487 0238 03       		.byte	0x3
 488 0239 9E       		.byte	0x9e
 489 023a 45020000 		.4byte	0x245
 490 023e 01       		.byte	0x1
 491 023f 05       		.byte	0x5
 492 0240 03       		.byte	0x3
 493 0241 00000000 		.4byte	USB_DEVICE0_TABLE
 494 0245 0D       		.uleb128 0xd
 495 0246 23020000 		.4byte	0x223
 496 024a 0A       		.uleb128 0xa
 497 024b 2E010000 		.4byte	0x12e
 498 024f 5A020000 		.4byte	0x25a
 499 0253 0B       		.uleb128 0xb
 500 0254 96000000 		.4byte	0x96
 501 0258 00       		.byte	0x0
 502 0259 00       		.byte	0x0
 503 025a 0C       		.uleb128 0xc
 504 025b F9010000 		.4byte	.LASF32
 505 025f 03       		.byte	0x3
 506 0260 A5       		.byte	0xa5
 507 0261 6C020000 		.4byte	0x26c
 508 0265 01       		.byte	0x1
 509 0266 05       		.byte	0x5
ARM GAS  C:\Users\Craig\AppData\Local\Temp\ccPyzifd.s 			page 10


 510 0267 03       		.byte	0x3
 511 0268 00000000 		.4byte	USB_TABLE
 512 026c 0D       		.uleb128 0xd
 513 026d 4A020000 		.4byte	0x24a
 514 0271 00       		.byte	0x0
 515              		.section	.debug_abbrev
 516 0000 01       		.uleb128 0x1
 517 0001 11       		.uleb128 0x11
 518 0002 01       		.byte	0x1
 519 0003 25       		.uleb128 0x25
 520 0004 0E       		.uleb128 0xe
 521 0005 13       		.uleb128 0x13
 522 0006 0B       		.uleb128 0xb
 523 0007 03       		.uleb128 0x3
 524 0008 0E       		.uleb128 0xe
 525 0009 1B       		.uleb128 0x1b
 526 000a 0E       		.uleb128 0xe
 527 000b 11       		.uleb128 0x11
 528 000c 01       		.uleb128 0x1
 529 000d 12       		.uleb128 0x12
 530 000e 01       		.uleb128 0x1
 531 000f 10       		.uleb128 0x10
 532 0010 06       		.uleb128 0x6
 533 0011 00       		.byte	0x0
 534 0012 00       		.byte	0x0
 535 0013 02       		.uleb128 0x2
 536 0014 24       		.uleb128 0x24
 537 0015 00       		.byte	0x0
 538 0016 0B       		.uleb128 0xb
 539 0017 0B       		.uleb128 0xb
 540 0018 3E       		.uleb128 0x3e
 541 0019 0B       		.uleb128 0xb
 542 001a 03       		.uleb128 0x3
 543 001b 0E       		.uleb128 0xe
 544 001c 00       		.byte	0x0
 545 001d 00       		.byte	0x0
 546 001e 03       		.uleb128 0x3
 547 001f 24       		.uleb128 0x24
 548 0020 00       		.byte	0x0
 549 0021 0B       		.uleb128 0xb
 550 0022 0B       		.uleb128 0xb
 551 0023 3E       		.uleb128 0x3e
 552 0024 0B       		.uleb128 0xb
 553 0025 03       		.uleb128 0x3
 554 0026 08       		.uleb128 0x8
 555 0027 00       		.byte	0x0
 556 0028 00       		.byte	0x0
 557 0029 04       		.uleb128 0x4
 558 002a 16       		.uleb128 0x16
 559 002b 00       		.byte	0x0
 560 002c 03       		.uleb128 0x3
 561 002d 0E       		.uleb128 0xe
 562 002e 3A       		.uleb128 0x3a
 563 002f 0B       		.uleb128 0xb
 564 0030 3B       		.uleb128 0x3b
 565 0031 0B       		.uleb128 0xb
 566 0032 49       		.uleb128 0x49
ARM GAS  C:\Users\Craig\AppData\Local\Temp\ccPyzifd.s 			page 11


 567 0033 13       		.uleb128 0x13
 568 0034 00       		.byte	0x0
 569 0035 00       		.byte	0x0
 570 0036 05       		.uleb128 0x5
 571 0037 24       		.uleb128 0x24
 572 0038 00       		.byte	0x0
 573 0039 0B       		.uleb128 0xb
 574 003a 0B       		.uleb128 0xb
 575 003b 3E       		.uleb128 0x3e
 576 003c 0B       		.uleb128 0xb
 577 003d 00       		.byte	0x0
 578 003e 00       		.byte	0x0
 579 003f 06       		.uleb128 0x6
 580 0040 0F       		.uleb128 0xf
 581 0041 00       		.byte	0x0
 582 0042 0B       		.uleb128 0xb
 583 0043 0B       		.uleb128 0xb
 584 0044 00       		.byte	0x0
 585 0045 00       		.byte	0x0
 586 0046 07       		.uleb128 0x7
 587 0047 13       		.uleb128 0x13
 588 0048 01       		.byte	0x1
 589 0049 03       		.uleb128 0x3
 590 004a 0E       		.uleb128 0xe
 591 004b 0B       		.uleb128 0xb
 592 004c 0B       		.uleb128 0xb
 593 004d 3A       		.uleb128 0x3a
 594 004e 0B       		.uleb128 0xb
 595 004f 3B       		.uleb128 0x3b
 596 0050 0B       		.uleb128 0xb
 597 0051 01       		.uleb128 0x1
 598 0052 13       		.uleb128 0x13
 599 0053 00       		.byte	0x0
 600 0054 00       		.byte	0x0
 601 0055 08       		.uleb128 0x8
 602 0056 0D       		.uleb128 0xd
 603 0057 00       		.byte	0x0
 604 0058 03       		.uleb128 0x3
 605 0059 0E       		.uleb128 0xe
 606 005a 3A       		.uleb128 0x3a
 607 005b 0B       		.uleb128 0xb
 608 005c 3B       		.uleb128 0x3b
 609 005d 0B       		.uleb128 0xb
 610 005e 49       		.uleb128 0x49
 611 005f 13       		.uleb128 0x13
 612 0060 38       		.uleb128 0x38
 613 0061 0A       		.uleb128 0xa
 614 0062 00       		.byte	0x0
 615 0063 00       		.byte	0x0
 616 0064 09       		.uleb128 0x9
 617 0065 0D       		.uleb128 0xd
 618 0066 00       		.byte	0x0
 619 0067 03       		.uleb128 0x3
 620 0068 08       		.uleb128 0x8
 621 0069 3A       		.uleb128 0x3a
 622 006a 0B       		.uleb128 0xb
 623 006b 3B       		.uleb128 0x3b
ARM GAS  C:\Users\Craig\AppData\Local\Temp\ccPyzifd.s 			page 12


 624 006c 0B       		.uleb128 0xb
 625 006d 49       		.uleb128 0x49
 626 006e 13       		.uleb128 0x13
 627 006f 38       		.uleb128 0x38
 628 0070 0A       		.uleb128 0xa
 629 0071 00       		.byte	0x0
 630 0072 00       		.byte	0x0
 631 0073 0A       		.uleb128 0xa
 632 0074 01       		.uleb128 0x1
 633 0075 01       		.byte	0x1
 634 0076 49       		.uleb128 0x49
 635 0077 13       		.uleb128 0x13
 636 0078 01       		.uleb128 0x1
 637 0079 13       		.uleb128 0x13
 638 007a 00       		.byte	0x0
 639 007b 00       		.byte	0x0
 640 007c 0B       		.uleb128 0xb
 641 007d 21       		.uleb128 0x21
 642 007e 00       		.byte	0x0
 643 007f 49       		.uleb128 0x49
 644 0080 13       		.uleb128 0x13
 645 0081 2F       		.uleb128 0x2f
 646 0082 0B       		.uleb128 0xb
 647 0083 00       		.byte	0x0
 648 0084 00       		.byte	0x0
 649 0085 0C       		.uleb128 0xc
 650 0086 34       		.uleb128 0x34
 651 0087 00       		.byte	0x0
 652 0088 03       		.uleb128 0x3
 653 0089 0E       		.uleb128 0xe
 654 008a 3A       		.uleb128 0x3a
 655 008b 0B       		.uleb128 0xb
 656 008c 3B       		.uleb128 0x3b
 657 008d 0B       		.uleb128 0xb
 658 008e 49       		.uleb128 0x49
 659 008f 13       		.uleb128 0x13
 660 0090 3F       		.uleb128 0x3f
 661 0091 0C       		.uleb128 0xc
 662 0092 02       		.uleb128 0x2
 663 0093 0A       		.uleb128 0xa
 664 0094 00       		.byte	0x0
 665 0095 00       		.byte	0x0
 666 0096 0D       		.uleb128 0xd
 667 0097 26       		.uleb128 0x26
 668 0098 00       		.byte	0x0
 669 0099 49       		.uleb128 0x49
 670 009a 13       		.uleb128 0x13
 671 009b 00       		.byte	0x0
 672 009c 00       		.byte	0x0
 673 009d 00       		.byte	0x0
 674              		.section	.debug_pubnames,"",%progbits
 675 0000 0D010000 		.4byte	0x10d
 676 0004 0200     		.2byte	0x2
 677 0006 00000000 		.4byte	.Ldebug_info0
 678 000a 72020000 		.4byte	0x272
 679 000e 49010000 		.4byte	0x149
 680 0012 5553425F 		.ascii	"USB_DEVICE0_DESCR\000"
ARM GAS  C:\Users\Craig\AppData\Local\Temp\ccPyzifd.s 			page 13


 680      44455649 
 680      4345305F 
 680      44455343 
 680      5200
 681 0024 70010000 		.4byte	0x170
 682 0028 5553425F 		.ascii	"USB_DEVICE0_CONFIGURATION0_DESCR\000"
 682      44455649 
 682      4345305F 
 682      434F4E46 
 682      49475552 
 683 0049 97010000 		.4byte	0x197
 684 004d 5553425F 		.ascii	"USB_STRING_DESCRIPTORS\000"
 684      53545249 
 684      4E475F44 
 684      45534352 
 684      4950544F 
 685 0064 BE010000 		.4byte	0x1be
 686 0068 5553425F 		.ascii	"USB_DEVICE0_CONFIGURATION0_EP_SETTINGS_TABLE\000"
 686      44455649 
 686      4345305F 
 686      434F4E46 
 686      49475552 
 687 0095 E5010000 		.4byte	0x1e5
 688 0099 5553425F 		.ascii	"USB_DEVICE0_CONFIGURATION0_INTERFACE_CLASS\000"
 688      44455649 
 688      4345305F 
 688      434F4E46 
 688      49475552 
 689 00c4 0C020000 		.4byte	0x20c
 690 00c8 5553425F 		.ascii	"USB_DEVICE0_CONFIGURATION0_TABLE\000"
 690      44455649 
 690      4345305F 
 690      434F4E46 
 690      49475552 
 691 00e9 33020000 		.4byte	0x233
 692 00ed 5553425F 		.ascii	"USB_DEVICE0_TABLE\000"
 692      44455649 
 692      4345305F 
 692      5441424C 
 692      4500
 693 00ff 5A020000 		.4byte	0x25a
 694 0103 5553425F 		.ascii	"USB_TABLE\000"
 694      5441424C 
 694      4500
 695 010d 00000000 		.4byte	0x0
 696              		.section	.debug_str,"MS",%progbits,1
 697              	.LASF6:
 698 0000 6C6F6E67 		.ascii	"long long int\000"
 698      206C6F6E 
 698      6720696E 
 698      7400
 699              	.LASF21:
 700 000e 5F555342 		.ascii	"_USB_EpSettingsBlock\000"
 700      5F457053 
 700      65747469 
 700      6E677342 
 700      6C6F636B 
ARM GAS  C:\Users\Craig\AppData\Local\Temp\ccPyzifd.s 			page 14


 701              	.LASF3:
 702 0023 73686F72 		.ascii	"short unsigned int\000"
 702      7420756E 
 702      7369676E 
 702      65642069 
 702      6E7400
 703              	.LASF31:
 704 0036 5553425F 		.ascii	"USB_DEVICE0_TABLE\000"
 704      44455649 
 704      4345305F 
 704      5441424C 
 704      4500
 705              	.LASF30:
 706 0048 5553425F 		.ascii	"USB_DEVICE0_CONFIGURATION0_TABLE\000"
 706      44455649 
 706      4345305F 
 706      434F4E46 
 706      49475552 
 707              	.LASF11:
 708 0069 666C6F61 		.ascii	"float\000"
 708      7400
 709              	.LASF15:
 710 006f 616C7453 		.ascii	"altSetting\000"
 710      65747469 
 710      6E6700
 711              	.LASF27:
 712 007a 5553425F 		.ascii	"USB_STRING_DESCRIPTORS\000"
 712      53545249 
 712      4E475F44 
 712      45534352 
 712      4950544F 
 713              	.LASF24:
 714 0091 545F5553 		.ascii	"T_USB_LUT\000"
 714      425F4C55 
 714      5400
 715              	.LASF1:
 716 009b 756E7369 		.ascii	"unsigned char\000"
 716      676E6564 
 716      20636861 
 716      7200
 717              	.LASF17:
 718 00a9 61747472 		.ascii	"attributes\000"
 718      69627574 
 718      657300
 719              	.LASF5:
 720 00b4 6C6F6E67 		.ascii	"long unsigned int\000"
 720      20756E73 
 720      69676E65 
 720      6420696E 
 720      7400
 721              	.LASF16:
 722 00c6 61646472 		.ascii	"addr\000"
 722      00
 723              	.LASF20:
 724 00cb 545F5553 		.ascii	"T_USB_EP_SETTINGS_BLOCK\000"
 724      425F4550 
 724      5F534554 
ARM GAS  C:\Users\Craig\AppData\Local\Temp\ccPyzifd.s 			page 15


 724      54494E47 
 724      535F424C 
 725              	.LASF35:
 726 00e3 433A5C55 		.ascii	"C:\\Users\\Craig\\Dropbox\\6.115\\Final Project\\PS"
 726      73657273 
 726      5C437261 
 726      69675C44 
 726      726F7062 
 727 0110 6F432057 		.ascii	"oC Work\\BitBanging.cydsn\\USB Example.cydsn\000"
 727      6F726B5C 
 727      42697442 
 727      616E6769 
 727      6E672E63 
 728              	.LASF25:
 729 013b 5553425F 		.ascii	"USB_DEVICE0_DESCR\000"
 729      44455649 
 729      4345305F 
 729      44455343 
 729      5200
 730              	.LASF26:
 731 014d 5553425F 		.ascii	"USB_DEVICE0_CONFIGURATION0_DESCR\000"
 731      44455649 
 731      4345305F 
 731      434F4E46 
 731      49475552 
 732              	.LASF12:
 733 016e 646F7562 		.ascii	"double\000"
 733      6C6500
 734              	.LASF18:
 735 0175 62756666 		.ascii	"bufferSize\000"
 735      65725369 
 735      7A6500
 736              	.LASF28:
 737 0180 5553425F 		.ascii	"USB_DEVICE0_CONFIGURATION0_EP_SETTINGS_TABLE\000"
 737      44455649 
 737      4345305F 
 737      434F4E46 
 737      49475552 
 738              	.LASF10:
 739 01ad 75696E74 		.ascii	"uint16\000"
 739      313600
 740              	.LASF8:
 741 01b4 756E7369 		.ascii	"unsigned int\000"
 741      676E6564 
 741      20696E74 
 741      00
 742              	.LASF7:
 743 01c1 6C6F6E67 		.ascii	"long long unsigned int\000"
 743      206C6F6E 
 743      6720756E 
 743      7369676E 
 743      65642069 
 744              	.LASF23:
 745 01d8 705F6C69 		.ascii	"p_list\000"
 745      737400
 746              	.LASF22:
 747 01df 5F555342 		.ascii	"_USB_Lut\000"
ARM GAS  C:\Users\Craig\AppData\Local\Temp\ccPyzifd.s 			page 16


 747      5F4C7574 
 747      00
 748              	.LASF33:
 749 01e8 474E5520 		.ascii	"GNU C 4.4.1\000"
 749      4320342E 
 749      342E3100 
 750              	.LASF13:
 751 01f4 63686172 		.ascii	"char\000"
 751      00
 752              	.LASF32:
 753 01f9 5553425F 		.ascii	"USB_TABLE\000"
 753      5441424C 
 753      4500
 754              	.LASF2:
 755 0203 73686F72 		.ascii	"short int\000"
 755      7420696E 
 755      7400
 756              	.LASF9:
 757 020d 75696E74 		.ascii	"uint8\000"
 757      3800
 758              	.LASF14:
 759 0213 696E7465 		.ascii	"interface\000"
 759      72666163 
 759      6500
 760              	.LASF29:
 761 021d 5553425F 		.ascii	"USB_DEVICE0_CONFIGURATION0_INTERFACE_CLASS\000"
 761      44455649 
 761      4345305F 
 761      434F4E46 
 761      49475552 
 762              	.LASF4:
 763 0248 6C6F6E67 		.ascii	"long int\000"
 763      20696E74 
 763      00
 764              	.LASF34:
 765 0251 2E5C4765 		.ascii	".\\Generated_Source\\PSoC5\\USB_descr.c\000"
 765      6E657261 
 765      7465645F 
 765      536F7572 
 765      63655C50 
 766              	.LASF0:
 767 0276 7369676E 		.ascii	"signed char\000"
 767      65642063 
 767      68617200 
 768              	.LASF19:
 769 0282 624D6973 		.ascii	"bMisc\000"
 769      6300
 770              		.ident	"GCC: (Sourcery G++ Lite 2010q1-188) 4.4.1"
